running egg_info
creating ../../build/motor_controller/motor_controller.egg-info
writing ../../build/motor_controller/motor_controller.egg-info/PKG-INFO
writing dependency_links to ../../build/motor_controller/motor_controller.egg-info/dependency_links.txt
writing entry points to ../../build/motor_controller/motor_controller.egg-info/entry_points.txt
writing requirements to ../../build/motor_controller/motor_controller.egg-info/requires.txt
writing top-level names to ../../build/motor_controller/motor_controller.egg-info/top_level.txt
writing manifest file '../../build/motor_controller/motor_controller.egg-info/SOURCES.txt'
reading manifest file '../../build/motor_controller/motor_controller.egg-info/SOURCES.txt'
writing manifest file '../../build/motor_controller/motor_controller.egg-info/SOURCES.txt'
running build
running build_py
creating /home/mneuhaus/ros2_ws/build/motor_controller/build
creating /home/mneuhaus/ros2_ws/build/motor_controller/build/lib
creating /home/mneuhaus/ros2_ws/build/motor_controller/build/lib/motor_controller
copying motor_controller/motor_controller_node.py -> /home/mneuhaus/ros2_ws/build/motor_controller/build/lib/motor_controller
copying motor_controller/__init__.py -> /home/mneuhaus/ros2_ws/build/motor_controller/build/lib/motor_controller
running install
running install_lib
creating /home/mneuhaus/ros2_ws/install/motor_controller/lib/python3.12/site-packages/motor_controller
copying /home/mneuhaus/ros2_ws/build/motor_controller/build/lib/motor_controller/motor_controller_node.py -> /home/mneuhaus/ros2_ws/install/motor_controller/lib/python3.12/site-packages/motor_controller
copying /home/mneuhaus/ros2_ws/build/motor_controller/build/lib/motor_controller/__init__.py -> /home/mneuhaus/ros2_ws/install/motor_controller/lib/python3.12/site-packages/motor_controller
byte-compiling /home/mneuhaus/ros2_ws/install/motor_controller/lib/python3.12/site-packages/motor_controller/motor_controller_node.py to motor_controller_node.cpython-312.pyc
byte-compiling /home/mneuhaus/ros2_ws/install/motor_controller/lib/python3.12/site-packages/motor_controller/__init__.py to __init__.cpython-312.pyc
running install_data
creating /home/mneuhaus/ros2_ws/install/motor_controller/share
creating /home/mneuhaus/ros2_ws/install/motor_controller/share/ament_index
creating /home/mneuhaus/ros2_ws/install/motor_controller/share/ament_index/resource_index
creating /home/mneuhaus/ros2_ws/install/motor_controller/share/ament_index/resource_index/packages
copying resource/motor_controller -> /home/mneuhaus/ros2_ws/install/motor_controller/share/ament_index/resource_index/packages
creating /home/mneuhaus/ros2_ws/install/motor_controller/share/motor_controller
copying package.xml -> /home/mneuhaus/ros2_ws/install/motor_controller/share/motor_controller
running install_egg_info
Copying ../../build/motor_controller/motor_controller.egg-info to /home/mneuhaus/ros2_ws/install/motor_controller/lib/python3.12/site-packages/motor_controller-0.0.0-py3.12.egg-info
running install_scripts
Installing motor_controller_node script to /home/mneuhaus/ros2_ws/install/motor_controller/lib/motor_controller
writing list of installed files to '/home/mneuhaus/ros2_ws/build/motor_controller/install.log'
