[4.740s] Invoking command in '/home/mneuhaus/ros2_ws/src/motor_controller': PYTHONPATH=/home/mneuhaus/ros2_ws/build/motor_controller/prefix_override:/usr/lib/python3/dist-packages/colcon_core/task/python/colcon_distutils_commands:/home/mneuhaus/ros2_ws/install/motor_controller/lib/python3.12/site-packages:${PYTHONPATH} /usr/bin/python3 -W ignore:setup.py install is deprecated setup.py egg_info --egg-base ../../build/motor_controller build --build-base /home/mneuhaus/ros2_ws/build/motor_controller/build install --record /home/mneuhaus/ros2_ws/build/motor_controller/install.log --single-version-externally-managed install_data
[5.965s] running egg_info
[5.966s] creating ../../build/motor_controller/motor_controller.egg-info
[6.046s] writing ../../build/motor_controller/motor_controller.egg-info/PKG-INFO
[6.047s] writing dependency_links to ../../build/motor_controller/motor_controller.egg-info/dependency_links.txt
[6.048s] writing entry points to ../../build/motor_controller/motor_controller.egg-info/entry_points.txt
[6.049s] writing requirements to ../../build/motor_controller/motor_controller.egg-info/requires.txt
[6.050s] writing top-level names to ../../build/motor_controller/motor_controller.egg-info/top_level.txt
[6.051s] writing manifest file '../../build/motor_controller/motor_controller.egg-info/SOURCES.txt'
[6.215s] reading manifest file '../../build/motor_controller/motor_controller.egg-info/SOURCES.txt'
[6.218s] writing manifest file '../../build/motor_controller/motor_controller.egg-info/SOURCES.txt'
[6.219s] running build
[6.219s] running build_py
[6.220s] creating /home/mneuhaus/ros2_ws/build/motor_controller/build
[6.221s] creating /home/mneuhaus/ros2_ws/build/motor_controller/build/lib
[6.222s] creating /home/mneuhaus/ros2_ws/build/motor_controller/build/lib/motor_controller
[6.222s] copying motor_controller/motor_controller_node.py -> /home/mneuhaus/ros2_ws/build/motor_controller/build/lib/motor_controller
[6.223s] copying motor_controller/__init__.py -> /home/mneuhaus/ros2_ws/build/motor_controller/build/lib/motor_controller
[6.224s] running install
[6.251s] running install_lib
[6.333s] creating /home/mneuhaus/ros2_ws/install/motor_controller/lib/python3.12/site-packages/motor_controller
[6.334s] copying /home/mneuhaus/ros2_ws/build/motor_controller/build/lib/motor_controller/motor_controller_node.py -> /home/mneuhaus/ros2_ws/install/motor_controller/lib/python3.12/site-packages/motor_controller
[6.335s] copying /home/mneuhaus/ros2_ws/build/motor_controller/build/lib/motor_controller/__init__.py -> /home/mneuhaus/ros2_ws/install/motor_controller/lib/python3.12/site-packages/motor_controller
[6.338s] byte-compiling /home/mneuhaus/ros2_ws/install/motor_controller/lib/python3.12/site-packages/motor_controller/motor_controller_node.py to motor_controller_node.cpython-312.pyc
[6.342s] byte-compiling /home/mneuhaus/ros2_ws/install/motor_controller/lib/python3.12/site-packages/motor_controller/__init__.py to __init__.cpython-312.pyc
[6.344s] running install_data
[6.344s] creating /home/mneuhaus/ros2_ws/install/motor_controller/share
[6.345s] creating /home/mneuhaus/ros2_ws/install/motor_controller/share/ament_index
[6.346s] creating /home/mneuhaus/ros2_ws/install/motor_controller/share/ament_index/resource_index
[6.346s] creating /home/mneuhaus/ros2_ws/install/motor_controller/share/ament_index/resource_index/packages
[6.347s] copying resource/motor_controller -> /home/mneuhaus/ros2_ws/install/motor_controller/share/ament_index/resource_index/packages
[6.348s] creating /home/mneuhaus/ros2_ws/install/motor_controller/share/motor_controller
[6.348s] copying package.xml -> /home/mneuhaus/ros2_ws/install/motor_controller/share/motor_controller
[6.349s] running install_egg_info
[6.436s] Copying ../../build/motor_controller/motor_controller.egg-info to /home/mneuhaus/ros2_ws/install/motor_controller/lib/python3.12/site-packages/motor_controller-0.0.0-py3.12.egg-info
[6.443s] running install_scripts
[7.053s] Installing motor_controller_node script to /home/mneuhaus/ros2_ws/install/motor_controller/lib/motor_controller
[7.054s] writing list of installed files to '/home/mneuhaus/ros2_ws/build/motor_controller/install.log'
[7.199s] Invoked command in '/home/mneuhaus/ros2_ws/src/motor_controller' returned '0': PYTHONPATH=/home/mneuhaus/ros2_ws/build/motor_controller/prefix_override:/usr/lib/python3/dist-packages/colcon_core/task/python/colcon_distutils_commands:/home/mneuhaus/ros2_ws/install/motor_controller/lib/python3.12/site-packages:${PYTHONPATH} /usr/bin/python3 -W ignore:setup.py install is deprecated setup.py egg_info --egg-base ../../build/motor_controller build --build-base /home/mneuhaus/ros2_ws/build/motor_controller/build install --record /home/mneuhaus/ros2_ws/build/motor_controller/install.log --single-version-externally-managed install_data
