running egg_info
creating ../../build/servo_2040/servo_2040.egg-info
writing ../../build/servo_2040/servo_2040.egg-info/PKG-INFO
writing dependency_links to ../../build/servo_2040/servo_2040.egg-info/dependency_links.txt
writing entry points to ../../build/servo_2040/servo_2040.egg-info/entry_points.txt
writing requirements to ../../build/servo_2040/servo_2040.egg-info/requires.txt
writing top-level names to ../../build/servo_2040/servo_2040.egg-info/top_level.txt
writing manifest file '../../build/servo_2040/servo_2040.egg-info/SOURCES.txt'
reading manifest file '../../build/servo_2040/servo_2040.egg-info/SOURCES.txt'
writing manifest file '../../build/servo_2040/servo_2040.egg-info/SOURCES.txt'
running build
running build_py
creating /home/mneuhaus/ros2_ws/build/servo_2040/build
creating /home/mneuhaus/ros2_ws/build/servo_2040/build/lib
creating /home/mneuhaus/ros2_ws/build/servo_2040/build/lib/servo_2040
copying servo_2040/serial_listener.py -> /home/mneuhaus/ros2_ws/build/servo_2040/build/lib/servo_2040
copying servo_2040/__init__.py -> /home/mneuhaus/ros2_ws/build/servo_2040/build/lib/servo_2040
running install
running install_lib
creating /home/mneuhaus/ros2_ws/install/servo_2040/lib/python3.12/site-packages/servo_2040
copying /home/mneuhaus/ros2_ws/build/servo_2040/build/lib/servo_2040/serial_listener.py -> /home/mneuhaus/ros2_ws/install/servo_2040/lib/python3.12/site-packages/servo_2040
copying /home/mneuhaus/ros2_ws/build/servo_2040/build/lib/servo_2040/__init__.py -> /home/mneuhaus/ros2_ws/install/servo_2040/lib/python3.12/site-packages/servo_2040
byte-compiling /home/mneuhaus/ros2_ws/install/servo_2040/lib/python3.12/site-packages/servo_2040/serial_listener.py to serial_listener.cpython-312.pyc
byte-compiling /home/mneuhaus/ros2_ws/install/servo_2040/lib/python3.12/site-packages/servo_2040/__init__.py to __init__.cpython-312.pyc
running install_data
creating /home/mneuhaus/ros2_ws/install/servo_2040/share/ament_index
creating /home/mneuhaus/ros2_ws/install/servo_2040/share/ament_index/resource_index
creating /home/mneuhaus/ros2_ws/install/servo_2040/share/ament_index/resource_index/packages
copying resource/servo_2040 -> /home/mneuhaus/ros2_ws/install/servo_2040/share/ament_index/resource_index/packages
copying package.xml -> /home/mneuhaus/ros2_ws/install/servo_2040/share/servo_2040
creating /home/mneuhaus/ros2_ws/install/servo_2040/share/servo_2040/launch
copying launch/all_launch.py -> /home/mneuhaus/ros2_ws/install/servo_2040/share/servo_2040/launch
creating /home/mneuhaus/ros2_ws/install/servo_2040/share/servo_2040/firmware
