[4.226s] Invoking command in '/home/mneuhaus/ros2_ws/src/servo_2040': PS1=(venv) \[\e]0;\u@\h: \w\a\]${debian_chroot:+($debian_chroot)}\[\033[01;32m\]\u@\h\[\033[00m\]:\[\033[01;34m\]\w\[\033[00m\]\$ PYTHONPATH=/home/mneuhaus/ros2_ws/build/servo_2040/prefix_override:/usr/lib/python3/dist-packages/colcon_core/task/python/colcon_distutils_commands:/home/mneuhaus/ros2_ws/install/servo_2040/lib/python3.12/site-packages:${PYTHONPATH} VIRTUAL_ENV_PROMPT=(venv) /usr/bin/python3 -W ignore:setup.py install is deprecated setup.py egg_info --egg-base ../../build/servo_2040 build --build-base /home/mneuhaus/ros2_ws/build/servo_2040/build install --record /home/mneuhaus/ros2_ws/build/servo_2040/install.log --single-version-externally-managed install_data
[5.417s] running egg_info
[5.418s] creating ../../build/servo_2040/servo_2040.egg-info
[5.501s] writing ../../build/servo_2040/servo_2040.egg-info/PKG-INFO
[5.502s] writing dependency_links to ../../build/servo_2040/servo_2040.egg-info/dependency_links.txt
[5.503s] writing entry points to ../../build/servo_2040/servo_2040.egg-info/entry_points.txt
[5.503s] writing requirements to ../../build/servo_2040/servo_2040.egg-info/requires.txt
[5.504s] writing top-level names to ../../build/servo_2040/servo_2040.egg-info/top_level.txt
[5.505s] writing manifest file '../../build/servo_2040/servo_2040.egg-info/SOURCES.txt'
[5.672s] reading manifest file '../../build/servo_2040/servo_2040.egg-info/SOURCES.txt'
[5.676s] writing manifest file '../../build/servo_2040/servo_2040.egg-info/SOURCES.txt'
[5.676s] running build
[5.677s] running build_py
[5.677s] creating /home/mneuhaus/ros2_ws/build/servo_2040/build
[5.678s] creating /home/mneuhaus/ros2_ws/build/servo_2040/build/lib
[5.679s] creating /home/mneuhaus/ros2_ws/build/servo_2040/build/lib/servo_2040
[5.679s] copying servo_2040/serial_listener.py -> /home/mneuhaus/ros2_ws/build/servo_2040/build/lib/servo_2040
[5.680s] copying servo_2040/__init__.py -> /home/mneuhaus/ros2_ws/build/servo_2040/build/lib/servo_2040
[5.681s] running install
[5.708s] running install_lib
[5.791s] creating /home/mneuhaus/ros2_ws/install/servo_2040/lib/python3.12/site-packages/servo_2040
[5.792s] copying /home/mneuhaus/ros2_ws/build/servo_2040/build/lib/servo_2040/serial_listener.py -> /home/mneuhaus/ros2_ws/install/servo_2040/lib/python3.12/site-packages/servo_2040
[5.793s] copying /home/mneuhaus/ros2_ws/build/servo_2040/build/lib/servo_2040/__init__.py -> /home/mneuhaus/ros2_ws/install/servo_2040/lib/python3.12/site-packages/servo_2040
[5.796s] byte-compiling /home/mneuhaus/ros2_ws/install/servo_2040/lib/python3.12/site-packages/servo_2040/serial_listener.py to serial_listener.cpython-312.pyc
[5.799s] byte-compiling /home/mneuhaus/ros2_ws/install/servo_2040/lib/python3.12/site-packages/servo_2040/__init__.py to __init__.cpython-312.pyc
[5.800s] running install_data
[5.801s] creating /home/mneuhaus/ros2_ws/install/servo_2040/share/ament_index
[5.802s] creating /home/mneuhaus/ros2_ws/install/servo_2040/share/ament_index/resource_index
[5.802s] creating /home/mneuhaus/ros2_ws/install/servo_2040/share/ament_index/resource_index/packages
[5.803s] copying resource/servo_2040 -> /home/mneuhaus/ros2_ws/install/servo_2040/share/ament_index/resource_index/packages
[5.803s] copying package.xml -> /home/mneuhaus/ros2_ws/install/servo_2040/share/servo_2040
[5.804s] creating /home/mneuhaus/ros2_ws/install/servo_2040/share/servo_2040/launch
[5.804s] copying launch/all_launch.py -> /home/mneuhaus/ros2_ws/install/servo_2040/share/servo_2040/launch
[5.805s] creating /home/mneuhaus/ros2_ws/install/servo_2040/share/servo_2040/firmware
[5.807s] error: can't copy 'firmware/main.py': doesn't exist or not a regular file
[5.917s] Invoked command in '/home/mneuhaus/ros2_ws/src/servo_2040' returned '1': PS1=(venv) \[\e]0;\u@\h: \w\a\]${debian_chroot:+($debian_chroot)}\[\033[01;32m\]\u@\h\[\033[00m\]:\[\033[01;34m\]\w\[\033[00m\]\$ PYTHONPATH=/home/mneuhaus/ros2_ws/build/servo_2040/prefix_override:/usr/lib/python3/dist-packages/colcon_core/task/python/colcon_distutils_commands:/home/mneuhaus/ros2_ws/install/servo_2040/lib/python3.12/site-packages:${PYTHONPATH} VIRTUAL_ENV_PROMPT=(venv) /usr/bin/python3 -W ignore:setup.py install is deprecated setup.py egg_info --egg-base ../../build/servo_2040 build --build-base /home/mneuhaus/ros2_ws/build/servo_2040/build install --record /home/mneuhaus/ros2_ws/build/servo_2040/install.log --single-version-externally-managed install_data
