[8.753s] Invoking command in '/home/mneuhaus/ros2_ws/src/motor_controller': PYTHONPATH=/home/mneuhaus/ros2_ws/build/motor_controller/prefix_override:/usr/lib/python3/dist-packages/colcon_core/task/python/colcon_distutils_commands:/home/mneuhaus/ros2_ws/install/motor_controller/lib/python3.12/site-packages:${PYTHONPATH} /usr/bin/python3 -W ignore:setup.py install is deprecated setup.py egg_info --egg-base ../../build/motor_controller build --build-base /home/mneuhaus/ros2_ws/build/motor_controller/build install --record /home/mneuhaus/ros2_ws/build/motor_controller/install.log --single-version-externally-managed install_data
[9.965s] running egg_info
[10.047s] writing ../../build/motor_controller/motor_controller.egg-info/PKG-INFO
[10.049s] writing dependency_links to ../../build/motor_controller/motor_controller.egg-info/dependency_links.txt
[10.051s] writing entry points to ../../build/motor_controller/motor_controller.egg-info/entry_points.txt
[10.053s] writing requirements to ../../build/motor_controller/motor_controller.egg-info/requires.txt
[10.055s] writing top-level names to ../../build/motor_controller/motor_controller.egg-info/top_level.txt
[10.228s] reading manifest file '../../build/motor_controller/motor_controller.egg-info/SOURCES.txt'
[10.243s] writing manifest file '../../build/motor_controller/motor_controller.egg-info/SOURCES.txt'
[10.244s] running build
[10.247s] running build_py
[10.249s] copying motor_controller/motor_controller_node.py -> /home/mneuhaus/ros2_ws/build/motor_controller/build/lib/motor_controller
[10.251s] running install
[10.283s] running install_lib
[10.364s] copying /home/mneuhaus/ros2_ws/build/motor_controller/build/lib/motor_controller/motor_controller_node.py -> /home/mneuhaus/ros2_ws/install/motor_controller/lib/python3.12/site-packages/motor_controller
[10.367s] byte-compiling /home/mneuhaus/ros2_ws/install/motor_controller/lib/python3.12/site-packages/motor_controller/motor_controller_node.py to motor_controller_node.cpython-312.pyc
[10.372s] running install_data
[10.373s] running install_egg_info
[10.465s] removing '/home/mneuhaus/ros2_ws/install/motor_controller/lib/python3.12/site-packages/motor_controller-0.0.0-py3.12.egg-info' (and everything under it)
[10.467s] Copying ../../build/motor_controller/motor_controller.egg-info to /home/mneuhaus/ros2_ws/install/motor_controller/lib/python3.12/site-packages/motor_controller-0.0.0-py3.12.egg-info
[10.485s] running install_scripts
[11.106s] Installing motor_controller_node script to /home/mneuhaus/ros2_ws/install/motor_controller/lib/motor_controller
[11.108s] writing list of installed files to '/home/mneuhaus/ros2_ws/build/motor_controller/install.log'
[11.263s] Invoked command in '/home/mneuhaus/ros2_ws/src/motor_controller' returned '0': PYTHONPATH=/home/mneuhaus/ros2_ws/build/motor_controller/prefix_override:/usr/lib/python3/dist-packages/colcon_core/task/python/colcon_distutils_commands:/home/mneuhaus/ros2_ws/install/motor_controller/lib/python3.12/site-packages:${PYTHONPATH} /usr/bin/python3 -W ignore:setup.py install is deprecated setup.py egg_info --egg-base ../../build/motor_controller build --build-base /home/mneuhaus/ros2_ws/build/motor_controller/build install --record /home/mneuhaus/ros2_ws/build/motor_controller/install.log --single-version-externally-managed install_data
