[6.440s] Invoking command in '/home/mneuhaus/ros2_ws/src/wall_e_web': PYTHONPATH=/home/mneuhaus/ros2_ws/build/wall_e_web/prefix_override:/usr/lib/python3/dist-packages/colcon_core/task/python/colcon_distutils_commands:/home/mneuhaus/ros2_ws/install/wall_e_web/lib/python3.12/site-packages:${PYTHONPATH} /usr/bin/python3 -W ignore:setup.py install is deprecated setup.py egg_info --egg-base ../../build/wall_e_web build --build-base /home/mneuhaus/ros2_ws/build/wall_e_web/build install --record /home/mneuhaus/ros2_ws/build/wall_e_web/install.log --single-version-externally-managed install_data
[9.200s] running egg_info
[9.413s] writing ../../build/wall_e_web/wall_e_web.egg-info/PKG-INFO
[9.415s] writing dependency_links to ../../build/wall_e_web/wall_e_web.egg-info/dependency_links.txt
[9.418s] writing entry points to ../../build/wall_e_web/wall_e_web.egg-info/entry_points.txt
[9.419s] writing requirements to ../../build/wall_e_web/wall_e_web.egg-info/requires.txt
[9.423s] writing top-level names to ../../build/wall_e_web/wall_e_web.egg-info/top_level.txt
[9.857s] reading manifest file '../../build/wall_e_web/wall_e_web.egg-info/SOURCES.txt'
[9.864s] writing manifest file '../../build/wall_e_web/wall_e_web.egg-info/SOURCES.txt'
[9.865s] running build
[9.865s] running build_py
[9.866s] running install
[9.896s] running install_lib
[9.991s] running install_data
[9.992s] copying web/index.html -> /home/mneuhaus/ros2_ws/install/wall_e_web/share/wall_e_web/web
[9.994s] running install_egg_info
[10.094s] removing '/home/mneuhaus/ros2_ws/install/wall_e_web/lib/python3.12/site-packages/wall_e_web-0.0.0-py3.12.egg-info' (and everything under it)
[10.096s] Copying ../../build/wall_e_web/wall_e_web.egg-info to /home/mneuhaus/ros2_ws/install/wall_e_web/lib/python3.12/site-packages/wall_e_web-0.0.0-py3.12.egg-info
[10.102s] running install_scripts
[10.786s] Installing serve_web script to /home/mneuhaus/ros2_ws/install/wall_e_web/lib/wall_e_web
[10.788s] writing list of installed files to '/home/mneuhaus/ros2_ws/build/wall_e_web/install.log'
[11.036s] Invoked command in '/home/mneuhaus/ros2_ws/src/wall_e_web' returned '0': PYTHONPATH=/home/mneuhaus/ros2_ws/build/wall_e_web/prefix_override:/usr/lib/python3/dist-packages/colcon_core/task/python/colcon_distutils_commands:/home/mneuhaus/ros2_ws/install/wall_e_web/lib/python3.12/site-packages:${PYTHONPATH} /usr/bin/python3 -W ignore:setup.py install is deprecated setup.py egg_info --egg-base ../../build/wall_e_web build --build-base /home/mneuhaus/ros2_ws/build/wall_e_web/build install --record /home/mneuhaus/ros2_ws/build/wall_e_web/install.log --single-version-externally-managed install_data
