[3.761s] Invoking command in '/home/mneuhaus/ros2_ws/src/motor_controller': PYTHONPATH=/home/mneuhaus/ros2_ws/build/motor_controller/prefix_override:/usr/lib/python3/dist-packages/colcon_core/task/python/colcon_distutils_commands:/home/mneuhaus/ros2_ws/install/motor_controller/lib/python3.12/site-packages:${PYTHONPATH} /usr/bin/python3 -W ignore:setup.py install is deprecated setup.py egg_info --egg-base ../../build/motor_controller build --build-base /home/mneuhaus/ros2_ws/build/motor_controller/build install --record /home/mneuhaus/ros2_ws/build/motor_controller/install.log --single-version-externally-managed install_data
[4.952s] running egg_info
[5.034s] writing ../../build/motor_controller/motor_controller.egg-info/PKG-INFO
[5.035s] writing dependency_links to ../../build/motor_controller/motor_controller.egg-info/dependency_links.txt
[5.039s] writing entry points to ../../build/motor_controller/motor_controller.egg-info/entry_points.txt
[5.041s] writing requirements to ../../build/motor_controller/motor_controller.egg-info/requires.txt
[5.043s] writing top-level names to ../../build/motor_controller/motor_controller.egg-info/top_level.txt
[5.216s] reading manifest file '../../build/motor_controller/motor_controller.egg-info/SOURCES.txt'
[5.221s] writing manifest file '../../build/motor_controller/motor_controller.egg-info/SOURCES.txt'
[5.221s] running build
[5.222s] running build_py
[5.223s] copying motor_controller/motor_controller_node.py -> /home/mneuhaus/ros2_ws/build/motor_controller/build/lib/motor_controller
[5.224s] running install
[5.251s] running install_lib
[5.335s] copying /home/mneuhaus/ros2_ws/build/motor_controller/build/lib/motor_controller/motor_controller_node.py -> /home/mneuhaus/ros2_ws/install/motor_controller/lib/python3.12/site-packages/motor_controller
[5.338s] byte-compiling /home/mneuhaus/ros2_ws/install/motor_controller/lib/python3.12/site-packages/motor_controller/motor_controller_node.py to motor_controller_node.cpython-312.pyc
[5.343s] running install_data
[5.344s] running install_egg_info
[5.433s] removing '/home/mneuhaus/ros2_ws/install/motor_controller/lib/python3.12/site-packages/motor_controller-0.0.0-py3.12.egg-info' (and everything under it)
[5.435s] Copying ../../build/motor_controller/motor_controller.egg-info to /home/mneuhaus/ros2_ws/install/motor_controller/lib/python3.12/site-packages/motor_controller-0.0.0-py3.12.egg-info
[5.442s] running install_scripts
[6.048s] Installing motor_controller_node script to /home/mneuhaus/ros2_ws/install/motor_controller/lib/motor_controller
[6.050s] writing list of installed files to '/home/mneuhaus/ros2_ws/build/motor_controller/install.log'
[6.203s] Invoked command in '/home/mneuhaus/ros2_ws/src/motor_controller' returned '0': PYTHONPATH=/home/mneuhaus/ros2_ws/build/motor_controller/prefix_override:/usr/lib/python3/dist-packages/colcon_core/task/python/colcon_distutils_commands:/home/mneuhaus/ros2_ws/install/motor_controller/lib/python3.12/site-packages:${PYTHONPATH} /usr/bin/python3 -W ignore:setup.py install is deprecated setup.py egg_info --egg-base ../../build/motor_controller build --build-base /home/mneuhaus/ros2_ws/build/motor_controller/build install --record /home/mneuhaus/ros2_ws/build/motor_controller/install.log --single-version-externally-managed install_data
