[5.079s] Invoking command in '/home/mneuhaus/ros2_ws/src/wall_e_web': PYTHONPATH=/home/mneuhaus/ros2_ws/build/wall_e_web/prefix_override:/usr/lib/python3/dist-packages/colcon_core/task/python/colcon_distutils_commands:/home/mneuhaus/ros2_ws/install/wall_e_web/lib/python3.12/site-packages:${PYTHONPATH} /usr/bin/python3 -W ignore:setup.py install is deprecated setup.py egg_info --egg-base ../../build/wall_e_web build --build-base /home/mneuhaus/ros2_ws/build/wall_e_web/build install --record /home/mneuhaus/ros2_ws/build/wall_e_web/install.log --single-version-externally-managed install_data
[6.426s] running egg_info
[6.519s] writing ../../build/wall_e_web/wall_e_web.egg-info/PKG-INFO
[6.520s] writing dependency_links to ../../build/wall_e_web/wall_e_web.egg-info/dependency_links.txt
[6.522s] writing entry points to ../../build/wall_e_web/wall_e_web.egg-info/entry_points.txt
[6.523s] writing requirements to ../../build/wall_e_web/wall_e_web.egg-info/requires.txt
[6.524s] writing top-level names to ../../build/wall_e_web/wall_e_web.egg-info/top_level.txt
[6.715s] reading manifest file '../../build/wall_e_web/wall_e_web.egg-info/SOURCES.txt'
[6.720s] writing manifest file '../../build/wall_e_web/wall_e_web.egg-info/SOURCES.txt'
[6.721s] running build
[6.721s] running build_py
[6.722s] copying wall_e_web/serve_web.py -> /home/mneuhaus/ros2_ws/build/wall_e_web/build/lib/wall_e_web
[6.724s] running install
[6.754s] running install_lib
[6.852s] copying /home/mneuhaus/ros2_ws/build/wall_e_web/build/lib/wall_e_web/serve_web.py -> /home/mneuhaus/ros2_ws/install/wall_e_web/lib/python3.12/site-packages/wall_e_web
[6.855s] byte-compiling /home/mneuhaus/ros2_ws/install/wall_e_web/lib/python3.12/site-packages/wall_e_web/serve_web.py to serve_web.cpython-312.pyc
[6.857s] running install_data
[6.859s] running install_egg_info
[6.959s] removing '/home/mneuhaus/ros2_ws/install/wall_e_web/lib/python3.12/site-packages/wall_e_web-0.0.0-py3.12.egg-info' (and everything under it)
[6.961s] Copying ../../build/wall_e_web/wall_e_web.egg-info to /home/mneuhaus/ros2_ws/install/wall_e_web/lib/python3.12/site-packages/wall_e_web-0.0.0-py3.12.egg-info
[6.968s] running install_scripts
[7.664s] Installing serve_web script to /home/mneuhaus/ros2_ws/install/wall_e_web/lib/wall_e_web
[7.665s] writing list of installed files to '/home/mneuhaus/ros2_ws/build/wall_e_web/install.log'
[7.859s] Invoked command in '/home/mneuhaus/ros2_ws/src/wall_e_web' returned '0': PYTHONPATH=/home/mneuhaus/ros2_ws/build/wall_e_web/prefix_override:/usr/lib/python3/dist-packages/colcon_core/task/python/colcon_distutils_commands:/home/mneuhaus/ros2_ws/install/wall_e_web/lib/python3.12/site-packages:${PYTHONPATH} /usr/bin/python3 -W ignore:setup.py install is deprecated setup.py egg_info --egg-base ../../build/wall_e_web build --build-base /home/mneuhaus/ros2_ws/build/wall_e_web/build install --record /home/mneuhaus/ros2_ws/build/wall_e_web/install.log --single-version-externally-managed install_data
