[3.761s] Invoking command in '/home/mneuhaus/ros2_ws/src/servo_2040': PS1=\[\e]0;\u@\h: \w\a\]${debian_chroot:+($debian_chroot)}\[\033[01;32m\]\u@\h\[\033[00m\]:\[\033[01;34m\]\w\[\033[00m\]\$ PYTHONPATH=/home/mneuhaus/ros2_ws/build/servo_2040/prefix_override:/usr/lib/python3/dist-packages/colcon_core/task/python/colcon_distutils_commands:/home/mneuhaus/ros2_ws/install/servo_2040/lib/python3.12/site-packages:${PYTHONPATH} /usr/bin/python3 -W ignore:setup.py install is deprecated setup.py egg_info --egg-base ../../build/servo_2040 build --build-base /home/mneuhaus/ros2_ws/build/servo_2040/build install --record /home/mneuhaus/ros2_ws/build/servo_2040/install.log --single-version-externally-managed install_data
[4.793s] Traceback (most recent call last):
[4.794s]   File "/home/mneuhaus/ros2_ws/src/servo_2040/setup.py", line 16, in <module>
[4.795s]     setup(
[4.795s]   File "/usr/lib/python3/dist-packages/setuptools/__init__.py", line 107, in setup
[4.796s]     return distutils.core.setup(**attrs)
[4.797s]            ^^^^^^^^^^^^^^^^^^^^^^^^^^^^^
[4.798s]   File "/usr/lib/python3/dist-packages/setuptools/_distutils/core.py", line 172, in setup
[4.799s]     ok = dist.parse_command_line()
[4.800s]          ^^^^^^^^^^^^^^^^^^^^^^^^^
[4.800s]   File "/usr/lib/python3/dist-packages/setuptools/_distutils/dist.py", line 475, in parse_command_line
[4.801s]     args = self._parse_command_opts(parser, args)
[4.802s]            ^^^^^^^^^^^^^^^^^^^^^^^^^^^^^^^^^^^^^^
[4.803s]   File "/usr/lib/python3/dist-packages/setuptools/dist.py", line 1133, in _parse_command_opts
[4.804s]     nargs = _Distribution._parse_command_opts(self, parser, args)
[4.805s]             ^^^^^^^^^^^^^^^^^^^^^^^^^^^^^^^^^^^^^^^^^^^^^^^^^^^^^
[4.806s]   File "/usr/lib/python3/dist-packages/setuptools/_distutils/dist.py", line 540, in _parse_command_opts
[4.807s]     if not issubclass(cmd_class, Command):
[4.808s]            ^^^^^^^^^^^^^^^^^^^^^^^^^^^^^^
[4.809s] TypeError: issubclass() arg 1 must be a class
[4.904s] Invoked command in '/home/mneuhaus/ros2_ws/src/servo_2040' returned '1': PS1=\[\e]0;\u@\h: \w\a\]${debian_chroot:+($debian_chroot)}\[\033[01;32m\]\u@\h\[\033[00m\]:\[\033[01;34m\]\w\[\033[00m\]\$ PYTHONPATH=/home/mneuhaus/ros2_ws/build/servo_2040/prefix_override:/usr/lib/python3/dist-packages/colcon_core/task/python/colcon_distutils_commands:/home/mneuhaus/ros2_ws/install/servo_2040/lib/python3.12/site-packages:${PYTHONPATH} /usr/bin/python3 -W ignore:setup.py install is deprecated setup.py egg_info --egg-base ../../build/servo_2040 build --build-base /home/mneuhaus/ros2_ws/build/servo_2040/build install --record /home/mneuhaus/ros2_ws/build/servo_2040/install.log --single-version-externally-managed install_data
