[0.000000] (-) TimerEvent: {}
[0.000537] (motor_controller) JobQueued: {'identifier': 'motor_controller', 'dependencies': OrderedDict()}
[0.000890] (wall_e_web) JobQueued: {'identifier': 'wall_e_web', 'dependencies': OrderedDict()}
[0.000989] (wall_e_launch) JobQueued: {'identifier': 'wall_e_launch', 'dependencies': OrderedDict({'motor_controller': '/home/mneuhaus/ros2_ws/install/motor_controller'})}
[0.002275] (motor_controller) JobStarted: {'identifier': 'motor_controller'}
[0.040929] (wall_e_web) JobStarted: {'identifier': 'wall_e_web'}
[0.099223] (-) TimerEvent: {}
[0.199907] (-) TimerEvent: {}
[0.300676] (-) TimerEvent: {}
[0.401268] (-) TimerEvent: {}
[0.501865] (-) TimerEvent: {}
[0.602511] (-) TimerEvent: {}
[0.703073] (-) TimerEvent: {}
[0.803669] (-) TimerEvent: {}
[0.904252] (-) TimerEvent: {}
[1.004969] (-) TimerEvent: {}
[1.105888] (-) TimerEvent: {}
[1.206566] (-) TimerEvent: {}
[1.307236] (-) TimerEvent: {}
[1.407868] (-) TimerEvent: {}
[1.508500] (-) TimerEvent: {}
[1.609191] (-) TimerEvent: {}
[1.709789] (-) TimerEvent: {}
[1.810560] (-) TimerEvent: {}
[1.899043] (wall_e_web) StderrLine: {'line': b'Traceback (most recent call last):\n  File "/usr/lib/python3/dist-packages/colcon_core/executor/__init__.py", line 91, in __call__\n    rc = await self.task(*args, **kwargs)\n         ^^^^^^^^^^^^^^^^^^^^^^^^^^^^^^^^\n  File "/usr/lib/python3/dist-packages/colcon_core/task/__init__.py", line 93, in __call__\n    return await task_method(*args, **kwargs)\n           ^^^^^^^^^^^^^^^^^^^^^^^^^^^^^^^^^^\n  File "/usr/lib/python3/dist-packages/colcon_ros/task/ament_python/build.py", line 51, in build\n    setup_py_data = get_setup_data(self.context.pkg, env)\n                    ^^^^^^^^^^^^^^^^^^^^^^^^^^^^^^^^^^^^^\n  File "/usr/lib/python3/dist-packages/colcon_core/task/python/__init__.py", line 20, in get_setup_data\n    return dict(pkg.metadata[key](env))\n                ^^^^^^^^^^^^^^^^^^^^^^\n  File "/usr/lib/python3/dist-packages/colcon_ros/package_augmentation/ros_ament_python.py", line 57, in getter\n    return get_setup_information(\n           ^^^^^^^^^^^^^^^^^^^^^^\n  File "/usr/lib/python3/dist-packages/colcon_python_setup_py/package_identification/python_setup_py.py", line 249, in get_setup_information\n    _setup_information_cache[hashable_env] = _get_setup_information(\n                                             ^^^^^^^^^^^^^^^^^^^^^^^\n  File "/usr/lib/python3/dist-packages/colcon_python_setup_py/package_identification/python_setup_py.py", line 296, in _get_setup_information\n    result = subprocess.run(\n             ^^^^^^^^^^^^^^^\n  File "/usr/lib/python3.12/subprocess.py", line 571, in run\n    raise CalledProcessError(retcode, process.args,\nsubprocess.CalledProcessError: Command \'[\'/usr/bin/python3\', \'-c\', \'import sys;from contextlib import suppress;exec("with suppress(ImportError):    from setuptools.extern.packaging.specifiers    import SpecifierSet");exec("with suppress(ImportError):    from packaging.specifiers import SpecifierSet");from distutils.core import run_setup;dist = run_setup(    \\\'setup.py\\\', script_args=(\\\'--dry-run\\\',), stop_after=\\\'config\\\');skip_keys = (\\\'cmdclass\\\', \\\'distclass\\\', \\\'ext_modules\\\', \\\'metadata\\\');data = {    key: value for key, value in dist.__dict__.items()     if (        not key.startswith(\\\'_\\\') and         not callable(value) and         key not in skip_keys and         key not in dist.display_option_names    )};data[\\\'metadata\\\'] = {    k: v for k, v in dist.metadata.__dict__.items()     if k not in (\\\'license_files\\\', \\\'provides_extras\\\')};sys.stdout.buffer.write(repr(data).encode(\\\'utf-8\\\'))\']\' returned non-zero exit status 1.\n'}
[1.909638] (wall_e_web) JobEnded: {'identifier': 'wall_e_web', 'rc': 1}
[1.912203] (-) TimerEvent: {}
[1.912787] (motor_controller) JobEnded: {'identifier': 'motor_controller', 'rc': 'SIGINT'}
[1.924373] (wall_e_launch) JobSkipped: {'identifier': 'wall_e_launch'}
[1.924554] (-) EventReactorShutdown: {}
