[3.642s] Invoking command in '/home/mneuhaus/ros2_ws/src/motor_controller': PYTHONPATH=/home/mneuhaus/ros2_ws/build/motor_controller/prefix_override:/usr/lib/python3/dist-packages/colcon_core/task/python/colcon_distutils_commands:/home/mneuhaus/ros2_ws/install/motor_controller/lib/python3.12/site-packages:${PYTHONPATH} /usr/bin/python3 -W ignore:setup.py install is deprecated setup.py egg_info --egg-base ../../build/motor_controller build --build-base /home/mneuhaus/ros2_ws/build/motor_controller/build install --record /home/mneuhaus/ros2_ws/build/motor_controller/install.log --single-version-externally-managed install_data
[4.851s] running egg_info
[4.933s] writing ../../build/motor_controller/motor_controller.egg-info/PKG-INFO
[4.934s] writing dependency_links to ../../build/motor_controller/motor_controller.egg-info/dependency_links.txt
[4.937s] writing entry points to ../../build/motor_controller/motor_controller.egg-info/entry_points.txt
[4.939s] writing requirements to ../../build/motor_controller/motor_controller.egg-info/requires.txt
[4.941s] writing top-level names to ../../build/motor_controller/motor_controller.egg-info/top_level.txt
[5.114s] reading manifest file '../../build/motor_controller/motor_controller.egg-info/SOURCES.txt'
[5.118s] writing manifest file '../../build/motor_controller/motor_controller.egg-info/SOURCES.txt'
[5.120s] running build
[5.120s] running build_py
[5.121s] running install
[5.148s] running install_lib
[5.234s] running install_data
[5.235s] running install_egg_info
[5.323s] removing '/home/mneuhaus/ros2_ws/install/motor_controller/lib/python3.12/site-packages/motor_controller-0.0.0-py3.12.egg-info' (and everything under it)
[5.326s] Copying ../../build/motor_controller/motor_controller.egg-info to /home/mneuhaus/ros2_ws/install/motor_controller/lib/python3.12/site-packages/motor_controller-0.0.0-py3.12.egg-info
[5.334s] running install_scripts
[5.947s] Installing motor_controller_node script to /home/mneuhaus/ros2_ws/install/motor_controller/lib/motor_controller
[5.949s] writing list of installed files to '/home/mneuhaus/ros2_ws/build/motor_controller/install.log'
[6.097s] Invoked command in '/home/mneuhaus/ros2_ws/src/motor_controller' returned '0': PYTHONPATH=/home/mneuhaus/ros2_ws/build/motor_controller/prefix_override:/usr/lib/python3/dist-packages/colcon_core/task/python/colcon_distutils_commands:/home/mneuhaus/ros2_ws/install/motor_controller/lib/python3.12/site-packages:${PYTHONPATH} /usr/bin/python3 -W ignore:setup.py install is deprecated setup.py egg_info --egg-base ../../build/motor_controller build --build-base /home/mneuhaus/ros2_ws/build/motor_controller/build install --record /home/mneuhaus/ros2_ws/build/motor_controller/install.log --single-version-externally-managed install_data
