[3.710s] Invoking command in '/home/mneuhaus/ros2_ws/src/servo_2040': PS1=(venv) \[\e]0;\u@\h: \w\a\]${debian_chroot:+($debian_chroot)}\[\033[01;32m\]\u@\h\[\033[00m\]:\[\033[01;34m\]\w\[\033[00m\]\$ PYTHONPATH=/home/mneuhaus/ros2_ws/build/servo_2040/prefix_override:/usr/lib/python3/dist-packages/colcon_core/task/python/colcon_distutils_commands:/home/mneuhaus/ros2_ws/install/servo_2040/lib/python3.12/site-packages:${PYTHONPATH} VIRTUAL_ENV_PROMPT=(venv) /usr/bin/python3 -W ignore:setup.py install is deprecated setup.py egg_info --egg-base ../../build/servo_2040 build --build-base /home/mneuhaus/ros2_ws/build/servo_2040/build install --record /home/mneuhaus/ros2_ws/build/servo_2040/install.log --single-version-externally-managed install_data
[4.903s] running egg_info
[4.984s] writing ../../build/servo_2040/servo_2040.egg-info/PKG-INFO
[4.985s] writing dependency_links to ../../build/servo_2040/servo_2040.egg-info/dependency_links.txt
[4.988s] writing entry points to ../../build/servo_2040/servo_2040.egg-info/entry_points.txt
[4.992s] writing requirements to ../../build/servo_2040/servo_2040.egg-info/requires.txt
[4.992s] writing top-level names to ../../build/servo_2040/servo_2040.egg-info/top_level.txt
[5.164s] reading manifest file '../../build/servo_2040/servo_2040.egg-info/SOURCES.txt'
[5.168s] writing manifest file '../../build/servo_2040/servo_2040.egg-info/SOURCES.txt'
[5.168s] running build
[5.169s] running build_py
[5.170s] running install
[5.198s] running install_lib
[5.283s] running install_data
[5.284s] copying firmware/main.py -> /home/mneuhaus/ros2_ws/install/servo_2040/share/servo_2040/firmware
[5.285s] running install_egg_info
[5.373s] Copying ../../build/servo_2040/servo_2040.egg-info to /home/mneuhaus/ros2_ws/install/servo_2040/lib/python3.12/site-packages/servo_2040-0.0.0-py3.12.egg-info
[5.379s] running install_scripts
[5.986s] Installing serial_listener script to /home/mneuhaus/ros2_ws/install/servo_2040/lib/servo_2040
[5.988s] writing list of installed files to '/home/mneuhaus/ros2_ws/build/servo_2040/install.log'
[6.132s] Invoked command in '/home/mneuhaus/ros2_ws/src/servo_2040' returned '0': PS1=(venv) \[\e]0;\u@\h: \w\a\]${debian_chroot:+($debian_chroot)}\[\033[01;32m\]\u@\h\[\033[00m\]:\[\033[01;34m\]\w\[\033[00m\]\$ PYTHONPATH=/home/mneuhaus/ros2_ws/build/servo_2040/prefix_override:/usr/lib/python3/dist-packages/colcon_core/task/python/colcon_distutils_commands:/home/mneuhaus/ros2_ws/install/servo_2040/lib/python3.12/site-packages:${PYTHONPATH} VIRTUAL_ENV_PROMPT=(venv) /usr/bin/python3 -W ignore:setup.py install is deprecated setup.py egg_info --egg-base ../../build/servo_2040 build --build-base /home/mneuhaus/ros2_ws/build/servo_2040/build install --record /home/mneuhaus/ros2_ws/build/servo_2040/install.log --single-version-externally-managed install_data
