[0.495s] DEBUG:colcon:Command line arguments: ['/usr/bin/colcon', 'build']
[0.495s] DEBUG:colcon:Parsed command line arguments: Namespace(log_base=None, log_level=None, verb_name='build', build_base='build', install_base='install', merge_install=False, symlink_install=False, test_result_base=None, continue_on_error=False, executor='parallel', parallel_workers=4, event_handlers=None, ignore_user_meta=False, metas=['./colcon.meta'], base_paths=['.'], packages_ignore=None, packages_ignore_regex=None, paths=None, packages_up_to=None, packages_up_to_regex=None, packages_above=None, packages_above_and_dependencies=None, packages_above_depth=None, packages_select_by_dep=None, packages_skip_by_dep=None, packages_skip_up_to=None, packages_select_build_failed=False, packages_skip_build_finished=False, packages_select_test_failures=False, packages_skip_test_passed=False, packages_select=None, packages_skip=None, packages_select_regex=None, packages_skip_regex=None, packages_start=None, packages_end=None, allow_overriding=[], cmake_args=None, cmake_target=None, cmake_target_skip_unavailable=False, cmake_clean_cache=False, cmake_clean_first=False, cmake_force_configure=False, ament_cmake_args=None, catkin_cmake_args=None, catkin_skip_building_tests=False, mixin_files=None, mixin=None, verb_parser=<colcon_mixin.mixin.mixin_argument.MixinArgumentDecorator object at 0xffffadbe2480>, verb_extension=<colcon_core.verb.build.BuildVerb object at 0xffffaddc4800>, main=<bound method BuildVerb.main of <colcon_core.verb.build.BuildVerb object at 0xffffaddc4800>>, mixin_verb=('build',))
[0.686s] Level 1:colcon.colcon_core.package_discovery:discover_packages(colcon_meta) check parameters
[0.687s] Level 1:colcon.colcon_core.package_discovery:discover_packages(recursive) check parameters
[0.687s] Level 1:colcon.colcon_core.package_discovery:discover_packages(ignore) check parameters
[0.687s] Level 1:colcon.colcon_core.package_discovery:discover_packages(path) check parameters
[0.687s] Level 1:colcon.colcon_core.package_discovery:discover_packages(colcon_meta) discover
[0.688s] Level 1:colcon.colcon_core.package_discovery:discover_packages(recursive) discover
[0.688s] INFO:colcon.colcon_core.package_discovery:Crawling recursively for packages in '/home/mneuhaus/ros2_ws'
[0.688s] Level 1:colcon.colcon_core.package_identification:_identify(.) by extensions ['ignore', 'ignore_ament_install']
[0.689s] Level 1:colcon.colcon_core.package_identification:_identify(.) by extension 'ignore'
[0.689s] Level 1:colcon.colcon_core.package_identification:_identify(.) by extension 'ignore_ament_install'
[0.689s] Level 1:colcon.colcon_core.package_identification:_identify(.) by extensions ['colcon_pkg']
[0.690s] Level 1:colcon.colcon_core.package_identification:_identify(.) by extension 'colcon_pkg'
[0.690s] Level 1:colcon.colcon_core.package_identification:_identify(.) by extensions ['colcon_meta']
[0.690s] Level 1:colcon.colcon_core.package_identification:_identify(.) by extension 'colcon_meta'
[0.690s] Level 1:colcon.colcon_core.package_identification:_identify(.) by extensions ['ros']
[0.690s] Level 1:colcon.colcon_core.package_identification:_identify(.) by extension 'ros'
[0.809s] Level 1:colcon.colcon_core.package_identification:_identify(.) by extensions ['cmake', 'python']
[0.809s] Level 1:colcon.colcon_core.package_identification:_identify(.) by extension 'cmake'
[0.810s] Level 1:colcon.colcon_core.package_identification:_identify(.) by extension 'python'
[0.810s] Level 1:colcon.colcon_core.package_identification:_identify(.) by extensions ['python_setup_py']
[0.810s] Level 1:colcon.colcon_core.package_identification:_identify(.) by extension 'python_setup_py'
[0.810s] Level 1:colcon.colcon_core.package_identification:_identify(build) by extensions ['ignore', 'ignore_ament_install']
[0.811s] Level 1:colcon.colcon_core.package_identification:_identify(build) by extension 'ignore'
[0.811s] Level 1:colcon.colcon_core.package_identification:_identify(build) ignored
[0.812s] Level 1:colcon.colcon_core.package_identification:_identify(install) by extensions ['ignore', 'ignore_ament_install']
[0.812s] Level 1:colcon.colcon_core.package_identification:_identify(install) by extension 'ignore'
[0.813s] Level 1:colcon.colcon_core.package_identification:_identify(install) ignored
[0.813s] Level 1:colcon.colcon_core.package_identification:_identify(log) by extensions ['ignore', 'ignore_ament_install']
[0.814s] Level 1:colcon.colcon_core.package_identification:_identify(log) by extension 'ignore'
[0.814s] Level 1:colcon.colcon_core.package_identification:_identify(log) ignored
[0.814s] Level 1:colcon.colcon_core.package_identification:_identify(src) by extensions ['ignore', 'ignore_ament_install']
[0.815s] Level 1:colcon.colcon_core.package_identification:_identify(src) by extension 'ignore'
[0.815s] Level 1:colcon.colcon_core.package_identification:_identify(src) by extension 'ignore_ament_install'
[0.815s] Level 1:colcon.colcon_core.package_identification:_identify(src) by extensions ['colcon_pkg']
[0.815s] Level 1:colcon.colcon_core.package_identification:_identify(src) by extension 'colcon_pkg'
[0.816s] Level 1:colcon.colcon_core.package_identification:_identify(src) by extensions ['colcon_meta']
[0.816s] Level 1:colcon.colcon_core.package_identification:_identify(src) by extension 'colcon_meta'
[0.816s] Level 1:colcon.colcon_core.package_identification:_identify(src) by extensions ['ros']
[0.817s] Level 1:colcon.colcon_core.package_identification:_identify(src) by extension 'ros'
[0.817s] Level 1:colcon.colcon_core.package_identification:_identify(src) by extensions ['cmake', 'python']
[0.818s] Level 1:colcon.colcon_core.package_identification:_identify(src) by extension 'cmake'
[0.818s] Level 1:colcon.colcon_core.package_identification:_identify(src) by extension 'python'
[0.818s] Level 1:colcon.colcon_core.package_identification:_identify(src) by extensions ['python_setup_py']
[0.818s] Level 1:colcon.colcon_core.package_identification:_identify(src) by extension 'python_setup_py'
[0.819s] Level 1:colcon.colcon_core.package_identification:_identify(src/motor_controller) by extensions ['ignore', 'ignore_ament_install']
[0.819s] Level 1:colcon.colcon_core.package_identification:_identify(src/motor_controller) by extension 'ignore'
[0.820s] Level 1:colcon.colcon_core.package_identification:_identify(src/motor_controller) by extension 'ignore_ament_install'
[0.820s] Level 1:colcon.colcon_core.package_identification:_identify(src/motor_controller) by extensions ['colcon_pkg']
[0.820s] Level 1:colcon.colcon_core.package_identification:_identify(src/motor_controller) by extension 'colcon_pkg'
[0.820s] Level 1:colcon.colcon_core.package_identification:_identify(src/motor_controller) by extensions ['colcon_meta']
[0.821s] Level 1:colcon.colcon_core.package_identification:_identify(src/motor_controller) by extension 'colcon_meta'
[0.821s] Level 1:colcon.colcon_core.package_identification:_identify(src/motor_controller) by extensions ['ros']
[0.821s] Level 1:colcon.colcon_core.package_identification:_identify(src/motor_controller) by extension 'ros'
[0.831s] DEBUG:colcon.colcon_core.package_identification:Package 'src/motor_controller' with type 'ros.ament_python' and name 'motor_controller'
[0.831s] Level 1:colcon.colcon_core.package_identification:_identify(src/teleop_twist_joy) by extensions ['ignore', 'ignore_ament_install']
[0.832s] Level 1:colcon.colcon_core.package_identification:_identify(src/teleop_twist_joy) by extension 'ignore'
[0.832s] Level 1:colcon.colcon_core.package_identification:_identify(src/teleop_twist_joy) by extension 'ignore_ament_install'
[0.832s] Level 1:colcon.colcon_core.package_identification:_identify(src/teleop_twist_joy) by extensions ['colcon_pkg']
[0.833s] Level 1:colcon.colcon_core.package_identification:_identify(src/teleop_twist_joy) by extension 'colcon_pkg'
[0.833s] Level 1:colcon.colcon_core.package_identification:_identify(src/teleop_twist_joy) by extensions ['colcon_meta']
[0.833s] Level 1:colcon.colcon_core.package_identification:_identify(src/teleop_twist_joy) by extension 'colcon_meta'
[0.833s] Level 1:colcon.colcon_core.package_identification:_identify(src/teleop_twist_joy) by extensions ['ros']
[0.833s] Level 1:colcon.colcon_core.package_identification:_identify(src/teleop_twist_joy) by extension 'ros'
[0.834s] Level 1:colcon.colcon_core.package_identification:_identify(src/teleop_twist_joy) by extensions ['cmake', 'python']
[0.834s] Level 1:colcon.colcon_core.package_identification:_identify(src/teleop_twist_joy) by extension 'cmake'
[0.834s] Level 1:colcon.colcon_core.package_identification:_identify(src/teleop_twist_joy) by extension 'python'
[0.834s] Level 1:colcon.colcon_core.package_identification:_identify(src/teleop_twist_joy) by extensions ['python_setup_py']
[0.834s] Level 1:colcon.colcon_core.package_identification:_identify(src/teleop_twist_joy) by extension 'python_setup_py'
[0.835s] Level 1:colcon.colcon_core.package_identification:_identify(src/teleop_twist_joy/config) by extensions ['ignore', 'ignore_ament_install']
[0.835s] Level 1:colcon.colcon_core.package_identification:_identify(src/teleop_twist_joy/config) by extension 'ignore'
[0.836s] Level 1:colcon.colcon_core.package_identification:_identify(src/teleop_twist_joy/config) by extension 'ignore_ament_install'
[0.836s] Level 1:colcon.colcon_core.package_identification:_identify(src/teleop_twist_joy/config) by extensions ['colcon_pkg']
[0.836s] Level 1:colcon.colcon_core.package_identification:_identify(src/teleop_twist_joy/config) by extension 'colcon_pkg'
[0.836s] Level 1:colcon.colcon_core.package_identification:_identify(src/teleop_twist_joy/config) by extensions ['colcon_meta']
[0.836s] Level 1:colcon.colcon_core.package_identification:_identify(src/teleop_twist_joy/config) by extension 'colcon_meta'
[0.837s] Level 1:colcon.colcon_core.package_identification:_identify(src/teleop_twist_joy/config) by extensions ['ros']
[0.837s] Level 1:colcon.colcon_core.package_identification:_identify(src/teleop_twist_joy/config) by extension 'ros'
[0.837s] Level 1:colcon.colcon_core.package_identification:_identify(src/teleop_twist_joy/config) by extensions ['cmake', 'python']
[0.837s] Level 1:colcon.colcon_core.package_identification:_identify(src/teleop_twist_joy/config) by extension 'cmake'
[0.838s] Level 1:colcon.colcon_core.package_identification:_identify(src/teleop_twist_joy/config) by extension 'python'
[0.838s] Level 1:colcon.colcon_core.package_identification:_identify(src/teleop_twist_joy/config) by extensions ['python_setup_py']
[0.838s] Level 1:colcon.colcon_core.package_identification:_identify(src/teleop_twist_joy/config) by extension 'python_setup_py'
[0.838s] Level 1:colcon.colcon_core.package_identification:_identify(src/teleop_twist_joy/launch) by extensions ['ignore', 'ignore_ament_install']
[0.839s] Level 1:colcon.colcon_core.package_identification:_identify(src/teleop_twist_joy/launch) by extension 'ignore'
[0.839s] Level 1:colcon.colcon_core.package_identification:_identify(src/teleop_twist_joy/launch) by extension 'ignore_ament_install'
[0.839s] Level 1:colcon.colcon_core.package_identification:_identify(src/teleop_twist_joy/launch) by extensions ['colcon_pkg']
[0.840s] Level 1:colcon.colcon_core.package_identification:_identify(src/teleop_twist_joy/launch) by extension 'colcon_pkg'
[0.840s] Level 1:colcon.colcon_core.package_identification:_identify(src/teleop_twist_joy/launch) by extensions ['colcon_meta']
[0.840s] Level 1:colcon.colcon_core.package_identification:_identify(src/teleop_twist_joy/launch) by extension 'colcon_meta'
[0.840s] Level 1:colcon.colcon_core.package_identification:_identify(src/teleop_twist_joy/launch) by extensions ['ros']
[0.840s] Level 1:colcon.colcon_core.package_identification:_identify(src/teleop_twist_joy/launch) by extension 'ros'
[0.841s] Level 1:colcon.colcon_core.package_identification:_identify(src/teleop_twist_joy/launch) by extensions ['cmake', 'python']
[0.841s] Level 1:colcon.colcon_core.package_identification:_identify(src/teleop_twist_joy/launch) by extension 'cmake'
[0.841s] Level 1:colcon.colcon_core.package_identification:_identify(src/teleop_twist_joy/launch) by extension 'python'
[0.841s] Level 1:colcon.colcon_core.package_identification:_identify(src/teleop_twist_joy/launch) by extensions ['python_setup_py']
[0.842s] Level 1:colcon.colcon_core.package_identification:_identify(src/teleop_twist_joy/launch) by extension 'python_setup_py'
[0.842s] Level 1:colcon.colcon_core.package_identification:_identify(src/wall_e_launch) by extensions ['ignore', 'ignore_ament_install']
[0.843s] Level 1:colcon.colcon_core.package_identification:_identify(src/wall_e_launch) by extension 'ignore'
[0.843s] Level 1:colcon.colcon_core.package_identification:_identify(src/wall_e_launch) by extension 'ignore_ament_install'
[0.843s] Level 1:colcon.colcon_core.package_identification:_identify(src/wall_e_launch) by extensions ['colcon_pkg']
[0.843s] Level 1:colcon.colcon_core.package_identification:_identify(src/wall_e_launch) by extension 'colcon_pkg'
[0.844s] Level 1:colcon.colcon_core.package_identification:_identify(src/wall_e_launch) by extensions ['colcon_meta']
[0.844s] Level 1:colcon.colcon_core.package_identification:_identify(src/wall_e_launch) by extension 'colcon_meta'
[0.844s] Level 1:colcon.colcon_core.package_identification:_identify(src/wall_e_launch) by extensions ['ros']
[0.844s] Level 1:colcon.colcon_core.package_identification:_identify(src/wall_e_launch) by extension 'ros'
[0.846s] DEBUG:colcon.colcon_core.package_identification:Package 'src/wall_e_launch' with type 'ros.ament_cmake' and name 'wall_e_launch'
[0.847s] Level 1:colcon.colcon_core.package_discovery:discover_packages(recursive) using defaults
[0.847s] Level 1:colcon.colcon_core.package_discovery:discover_packages(ignore) discover
[0.847s] Level 1:colcon.colcon_core.package_discovery:discover_packages(ignore) using defaults
[0.847s] Level 1:colcon.colcon_core.package_discovery:discover_packages(path) discover
[0.847s] Level 1:colcon.colcon_core.package_discovery:discover_packages(path) using defaults
[0.925s] Level 1:colcon.colcon_core.package_discovery:discover_packages(prefix_path) check parameters
[0.925s] Level 1:colcon.colcon_core.package_discovery:discover_packages(prefix_path) discover
[0.935s] DEBUG:colcon.colcon_installed_package_information.package_discovery:Found 2 installed packages in /home/mneuhaus/ros2_ws/install
[0.943s] DEBUG:colcon.colcon_installed_package_information.package_discovery:Found 195 installed packages in /opt/ros/jazzy
[0.946s] Level 1:colcon.colcon_core.package_discovery:discover_packages(prefix_path) using defaults
[1.100s] Level 5:colcon.colcon_core.verb:set package 'motor_controller' build argument 'cmake_args' from command line to 'None'
[1.100s] Level 5:colcon.colcon_core.verb:set package 'motor_controller' build argument 'cmake_target' from command line to 'None'
[1.100s] Level 5:colcon.colcon_core.verb:set package 'motor_controller' build argument 'cmake_target_skip_unavailable' from command line to 'False'
[1.100s] Level 5:colcon.colcon_core.verb:set package 'motor_controller' build argument 'cmake_clean_cache' from command line to 'False'
[1.100s] Level 5:colcon.colcon_core.verb:set package 'motor_controller' build argument 'cmake_clean_first' from command line to 'False'
[1.100s] Level 5:colcon.colcon_core.verb:set package 'motor_controller' build argument 'cmake_force_configure' from command line to 'False'
[1.101s] Level 5:colcon.colcon_core.verb:set package 'motor_controller' build argument 'ament_cmake_args' from command line to 'None'
[1.101s] Level 5:colcon.colcon_core.verb:set package 'motor_controller' build argument 'catkin_cmake_args' from command line to 'None'
[1.101s] Level 5:colcon.colcon_core.verb:set package 'motor_controller' build argument 'catkin_skip_building_tests' from command line to 'False'
[1.101s] DEBUG:colcon.colcon_core.verb:Building package 'motor_controller' with the following arguments: {'ament_cmake_args': None, 'build_base': '/home/mneuhaus/ros2_ws/build/motor_controller', 'catkin_cmake_args': None, 'catkin_skip_building_tests': False, 'cmake_args': None, 'cmake_clean_cache': False, 'cmake_clean_first': False, 'cmake_force_configure': False, 'cmake_target': None, 'cmake_target_skip_unavailable': False, 'install_base': '/home/mneuhaus/ros2_ws/install/motor_controller', 'merge_install': False, 'path': '/home/mneuhaus/ros2_ws/src/motor_controller', 'symlink_install': False, 'test_result_base': None}
[1.102s] Level 5:colcon.colcon_core.verb:set package 'wall_e_launch' build argument 'cmake_args' from command line to 'None'
[1.103s] Level 5:colcon.colcon_core.verb:set package 'wall_e_launch' build argument 'cmake_target' from command line to 'None'
[1.103s] Level 5:colcon.colcon_core.verb:set package 'wall_e_launch' build argument 'cmake_target_skip_unavailable' from command line to 'False'
[1.103s] Level 5:colcon.colcon_core.verb:set package 'wall_e_launch' build argument 'cmake_clean_cache' from command line to 'False'
[1.103s] Level 5:colcon.colcon_core.verb:set package 'wall_e_launch' build argument 'cmake_clean_first' from command line to 'False'
[1.103s] Level 5:colcon.colcon_core.verb:set package 'wall_e_launch' build argument 'cmake_force_configure' from command line to 'False'
[1.103s] Level 5:colcon.colcon_core.verb:set package 'wall_e_launch' build argument 'ament_cmake_args' from command line to 'None'
[1.103s] Level 5:colcon.colcon_core.verb:set package 'wall_e_launch' build argument 'catkin_cmake_args' from command line to 'None'
[1.104s] Level 5:colcon.colcon_core.verb:set package 'wall_e_launch' build argument 'catkin_skip_building_tests' from command line to 'False'
[1.104s] DEBUG:colcon.colcon_core.verb:Building package 'wall_e_launch' with the following arguments: {'ament_cmake_args': None, 'build_base': '/home/mneuhaus/ros2_ws/build/wall_e_launch', 'catkin_cmake_args': None, 'catkin_skip_building_tests': False, 'cmake_args': None, 'cmake_clean_cache': False, 'cmake_clean_first': False, 'cmake_force_configure': False, 'cmake_target': None, 'cmake_target_skip_unavailable': False, 'install_base': '/home/mneuhaus/ros2_ws/install/wall_e_launch', 'merge_install': False, 'path': '/home/mneuhaus/ros2_ws/src/wall_e_launch', 'symlink_install': False, 'test_result_base': None}
[1.104s] INFO:colcon.colcon_core.executor:Executing jobs using 'parallel' executor
[1.108s] DEBUG:colcon.colcon_parallel_executor.executor.parallel:run_until_complete
[1.109s] INFO:colcon.colcon_ros.task.ament_python.build:Building ROS package in '/home/mneuhaus/ros2_ws/src/motor_controller' with build type 'ament_python'
[1.111s] Level 1:colcon.colcon_core.shell:create_environment_hook('motor_controller', 'ament_prefix_path')
[1.122s] INFO:colcon.colcon_core.plugin_system:Skipping extension 'colcon_core.shell.bat': Not used on non-Windows systems
[1.124s] INFO:colcon.colcon_core.shell:Creating environment hook '/home/mneuhaus/ros2_ws/install/motor_controller/share/motor_controller/hook/ament_prefix_path.ps1'
[1.127s] INFO:colcon.colcon_core.shell:Creating environment descriptor '/home/mneuhaus/ros2_ws/install/motor_controller/share/motor_controller/hook/ament_prefix_path.dsv'
[1.130s] INFO:colcon.colcon_core.shell:Creating environment hook '/home/mneuhaus/ros2_ws/install/motor_controller/share/motor_controller/hook/ament_prefix_path.sh'
[1.133s] INFO:colcon.colcon_core.shell:Skip shell extension 'powershell' for command environment: Not usable outside of PowerShell
[1.133s] DEBUG:colcon.colcon_core.shell:Skip shell extension 'dsv' for command environment
[2.151s] INFO:colcon.colcon_core.task.python.build:Building Python package in '/home/mneuhaus/ros2_ws/src/motor_controller'
[2.152s] INFO:colcon.colcon_core.shell:Skip shell extension 'powershell' for command environment: Not usable outside of PowerShell
[2.152s] DEBUG:colcon.colcon_core.shell:Skip shell extension 'dsv' for command environment
[4.784s] DEBUG:colcon.colcon_core.event_handler.log_command:Invoking command in '/home/mneuhaus/ros2_ws/src/motor_controller': PYTHONPATH=/home/mneuhaus/ros2_ws/build/motor_controller/prefix_override:/usr/lib/python3/dist-packages/colcon_core/task/python/colcon_distutils_commands:/home/mneuhaus/ros2_ws/install/motor_controller/lib/python3.12/site-packages:${PYTHONPATH} /usr/bin/python3 -W ignore:setup.py install is deprecated setup.py egg_info --egg-base ../../build/motor_controller build --build-base /home/mneuhaus/ros2_ws/build/motor_controller/build install --record /home/mneuhaus/ros2_ws/build/motor_controller/install.log --single-version-externally-managed install_data
[7.221s] DEBUG:colcon.colcon_core.event_handler.log_command:Invoked command in '/home/mneuhaus/ros2_ws/src/motor_controller' returned '0': PYTHONPATH=/home/mneuhaus/ros2_ws/build/motor_controller/prefix_override:/usr/lib/python3/dist-packages/colcon_core/task/python/colcon_distutils_commands:/home/mneuhaus/ros2_ws/install/motor_controller/lib/python3.12/site-packages:${PYTHONPATH} /usr/bin/python3 -W ignore:setup.py install is deprecated setup.py egg_info --egg-base ../../build/motor_controller build --build-base /home/mneuhaus/ros2_ws/build/motor_controller/build install --record /home/mneuhaus/ros2_ws/build/motor_controller/install.log --single-version-externally-managed install_data
[7.232s] Level 1:colcon.colcon_core.environment:checking '/home/mneuhaus/ros2_ws/install/motor_controller' for CMake module files
[7.236s] Level 1:colcon.colcon_core.environment:checking '/home/mneuhaus/ros2_ws/install/motor_controller' for CMake config files
[7.240s] Level 1:colcon.colcon_core.environment:checking '/home/mneuhaus/ros2_ws/install/motor_controller/lib'
[7.241s] Level 1:colcon.colcon_core.environment:checking '/home/mneuhaus/ros2_ws/install/motor_controller/bin'
[7.241s] Level 1:colcon.colcon_core.environment:checking '/home/mneuhaus/ros2_ws/install/motor_controller/lib/pkgconfig/motor_controller.pc'
[7.242s] Level 1:colcon.colcon_core.environment:checking '/home/mneuhaus/ros2_ws/install/motor_controller/lib/python3.12/site-packages'
[7.243s] Level 1:colcon.colcon_core.shell:create_environment_hook('motor_controller', 'pythonpath')
[7.243s] INFO:colcon.colcon_core.shell:Creating environment hook '/home/mneuhaus/ros2_ws/install/motor_controller/share/motor_controller/hook/pythonpath.ps1'
[7.246s] INFO:colcon.colcon_core.shell:Creating environment descriptor '/home/mneuhaus/ros2_ws/install/motor_controller/share/motor_controller/hook/pythonpath.dsv'
[7.248s] INFO:colcon.colcon_core.shell:Creating environment hook '/home/mneuhaus/ros2_ws/install/motor_controller/share/motor_controller/hook/pythonpath.sh'
[7.251s] Level 1:colcon.colcon_core.environment:checking '/home/mneuhaus/ros2_ws/install/motor_controller/bin'
[7.252s] Level 1:colcon.colcon_core.environment:create_environment_scripts_only(motor_controller)
[7.253s] INFO:colcon.colcon_core.shell:Creating package script '/home/mneuhaus/ros2_ws/install/motor_controller/share/motor_controller/package.ps1'
[7.257s] INFO:colcon.colcon_core.shell:Creating package descriptor '/home/mneuhaus/ros2_ws/install/motor_controller/share/motor_controller/package.dsv'
[7.260s] INFO:colcon.colcon_core.shell:Creating package script '/home/mneuhaus/ros2_ws/install/motor_controller/share/motor_controller/package.sh'
[7.263s] INFO:colcon.colcon_core.shell:Creating package script '/home/mneuhaus/ros2_ws/install/motor_controller/share/motor_controller/package.bash'
[7.267s] INFO:colcon.colcon_core.shell:Creating package script '/home/mneuhaus/ros2_ws/install/motor_controller/share/motor_controller/package.zsh'
[7.270s] Level 1:colcon.colcon_core.environment:create_file_with_runtime_dependencies(/home/mneuhaus/ros2_ws/install/motor_controller/share/colcon-core/packages/motor_controller)
[7.272s] INFO:colcon.colcon_ros.task.ament_cmake.build:Building ROS package in '/home/mneuhaus/ros2_ws/src/wall_e_launch' with build type 'ament_cmake'
[7.273s] INFO:colcon.colcon_cmake.task.cmake.build:Building CMake package in '/home/mneuhaus/ros2_ws/src/wall_e_launch'
[7.274s] INFO:colcon.colcon_core.shell:Skip shell extension 'powershell' for command environment: Not usable outside of PowerShell
[7.275s] DEBUG:colcon.colcon_core.shell:Skip shell extension 'dsv' for command environment
[7.322s] DEBUG:colcon.colcon_core.event_handler.log_command:Invoking command in '/home/mneuhaus/ros2_ws/build/wall_e_launch': AMENT_PREFIX_PATH=/home/mneuhaus/ros2_ws/install/motor_controller:/home/mneuhaus/ros2_ws/install/wall_e_launch:/opt/ros/jazzy CMAKE_PREFIX_PATH=${CMAKE_PREFIX_PATH}:/home/mneuhaus/ros2_ws/install/motor_controller:/opt/ros/jazzy /usr/bin/cmake --build /home/mneuhaus/ros2_ws/build/wall_e_launch -- -j4 -l4
[9.141s] DEBUG:colcon.colcon_core.event_handler.log_command:Invoked command in '/home/mneuhaus/ros2_ws/build/wall_e_launch' returned '0': AMENT_PREFIX_PATH=/home/mneuhaus/ros2_ws/install/motor_controller:/home/mneuhaus/ros2_ws/install/wall_e_launch:/opt/ros/jazzy CMAKE_PREFIX_PATH=${CMAKE_PREFIX_PATH}:/home/mneuhaus/ros2_ws/install/motor_controller:/opt/ros/jazzy /usr/bin/cmake --build /home/mneuhaus/ros2_ws/build/wall_e_launch -- -j4 -l4
[9.313s] DEBUG:colcon.colcon_core.event_handler.log_command:Invoking command in '/home/mneuhaus/ros2_ws/build/wall_e_launch': AMENT_PREFIX_PATH=/home/mneuhaus/ros2_ws/install/motor_controller:/home/mneuhaus/ros2_ws/install/wall_e_launch:/opt/ros/jazzy CMAKE_PREFIX_PATH=${CMAKE_PREFIX_PATH}:/home/mneuhaus/ros2_ws/install/motor_controller:/opt/ros/jazzy /usr/bin/cmake --install /home/mneuhaus/ros2_ws/build/wall_e_launch
[9.367s] Level 1:colcon.colcon_core.environment:create_environment_scripts_only(wall_e_launch)
[9.368s] Level 1:colcon.colcon_core.environment:checking '/home/mneuhaus/ros2_ws/install/wall_e_launch' for CMake module files
[9.370s] DEBUG:colcon.colcon_core.event_handler.log_command:Invoked command in '/home/mneuhaus/ros2_ws/build/wall_e_launch' returned '0': AMENT_PREFIX_PATH=/home/mneuhaus/ros2_ws/install/motor_controller:/home/mneuhaus/ros2_ws/install/wall_e_launch:/opt/ros/jazzy CMAKE_PREFIX_PATH=${CMAKE_PREFIX_PATH}:/home/mneuhaus/ros2_ws/install/motor_controller:/opt/ros/jazzy /usr/bin/cmake --install /home/mneuhaus/ros2_ws/build/wall_e_launch
[9.372s] Level 1:colcon.colcon_core.environment:checking '/home/mneuhaus/ros2_ws/install/wall_e_launch' for CMake config files
[9.374s] Level 1:colcon.colcon_core.shell:create_environment_hook('wall_e_launch', 'cmake_prefix_path')
[9.375s] INFO:colcon.colcon_core.shell:Creating environment hook '/home/mneuhaus/ros2_ws/install/wall_e_launch/share/wall_e_launch/hook/cmake_prefix_path.ps1'
[9.377s] INFO:colcon.colcon_core.shell:Creating environment descriptor '/home/mneuhaus/ros2_ws/install/wall_e_launch/share/wall_e_launch/hook/cmake_prefix_path.dsv'
[9.380s] INFO:colcon.colcon_core.shell:Creating environment hook '/home/mneuhaus/ros2_ws/install/wall_e_launch/share/wall_e_launch/hook/cmake_prefix_path.sh'
[9.383s] Level 1:colcon.colcon_core.environment:checking '/home/mneuhaus/ros2_ws/install/wall_e_launch/bin'
[9.384s] Level 1:colcon.colcon_core.environment:checking '/home/mneuhaus/ros2_ws/install/wall_e_launch/lib/pkgconfig/wall_e_launch.pc'
[9.385s] Level 1:colcon.colcon_core.environment:checking '/home/mneuhaus/ros2_ws/install/wall_e_launch/lib/python3.12/site-packages'
[9.386s] Level 1:colcon.colcon_core.environment:checking '/home/mneuhaus/ros2_ws/install/wall_e_launch/bin'
[9.387s] INFO:colcon.colcon_core.shell:Creating package script '/home/mneuhaus/ros2_ws/install/wall_e_launch/share/wall_e_launch/package.ps1'
[9.389s] INFO:colcon.colcon_core.shell:Creating package descriptor '/home/mneuhaus/ros2_ws/install/wall_e_launch/share/wall_e_launch/package.dsv'
[9.392s] INFO:colcon.colcon_core.shell:Creating package script '/home/mneuhaus/ros2_ws/install/wall_e_launch/share/wall_e_launch/package.sh'
[9.394s] INFO:colcon.colcon_core.shell:Creating package script '/home/mneuhaus/ros2_ws/install/wall_e_launch/share/wall_e_launch/package.bash'
[9.396s] INFO:colcon.colcon_core.shell:Creating package script '/home/mneuhaus/ros2_ws/install/wall_e_launch/share/wall_e_launch/package.zsh'
[9.398s] Level 1:colcon.colcon_core.environment:create_file_with_runtime_dependencies(/home/mneuhaus/ros2_ws/install/wall_e_launch/share/colcon-core/packages/wall_e_launch)
[9.527s] Level 1:colcon.colcon_core.environment:create_environment_scripts_only(wall_e_launch)
[9.528s] Level 1:colcon.colcon_core.environment:checking '/home/mneuhaus/ros2_ws/install/wall_e_launch' for CMake module files
[9.532s] Level 1:colcon.colcon_core.environment:checking '/home/mneuhaus/ros2_ws/install/wall_e_launch' for CMake config files
[9.534s] Level 1:colcon.colcon_core.shell:create_environment_hook('wall_e_launch', 'cmake_prefix_path')
[9.535s] INFO:colcon.colcon_core.shell:Creating environment hook '/home/mneuhaus/ros2_ws/install/wall_e_launch/share/wall_e_launch/hook/cmake_prefix_path.ps1'
[9.537s] INFO:colcon.colcon_core.shell:Creating environment descriptor '/home/mneuhaus/ros2_ws/install/wall_e_launch/share/wall_e_launch/hook/cmake_prefix_path.dsv'
[9.540s] INFO:colcon.colcon_core.shell:Creating environment hook '/home/mneuhaus/ros2_ws/install/wall_e_launch/share/wall_e_launch/hook/cmake_prefix_path.sh'
[9.543s] Level 1:colcon.colcon_core.environment:checking '/home/mneuhaus/ros2_ws/install/wall_e_launch/bin'
[9.543s] Level 1:colcon.colcon_core.environment:checking '/home/mneuhaus/ros2_ws/install/wall_e_launch/lib/pkgconfig/wall_e_launch.pc'
[9.544s] Level 1:colcon.colcon_core.environment:checking '/home/mneuhaus/ros2_ws/install/wall_e_launch/lib/python3.12/site-packages'
[9.545s] Level 1:colcon.colcon_core.environment:checking '/home/mneuhaus/ros2_ws/install/wall_e_launch/bin'
[9.547s] INFO:colcon.colcon_core.shell:Creating package script '/home/mneuhaus/ros2_ws/install/wall_e_launch/share/wall_e_launch/package.ps1'
[9.549s] INFO:colcon.colcon_core.shell:Creating package descriptor '/home/mneuhaus/ros2_ws/install/wall_e_launch/share/wall_e_launch/package.dsv'
[9.551s] INFO:colcon.colcon_core.shell:Creating package script '/home/mneuhaus/ros2_ws/install/wall_e_launch/share/wall_e_launch/package.sh'
[9.554s] INFO:colcon.colcon_core.shell:Creating package script '/home/mneuhaus/ros2_ws/install/wall_e_launch/share/wall_e_launch/package.bash'
[9.556s] INFO:colcon.colcon_core.shell:Creating package script '/home/mneuhaus/ros2_ws/install/wall_e_launch/share/wall_e_launch/package.zsh'
[9.559s] Level 1:colcon.colcon_core.environment:create_file_with_runtime_dependencies(/home/mneuhaus/ros2_ws/install/wall_e_launch/share/colcon-core/packages/wall_e_launch)
[9.561s] DEBUG:colcon.colcon_parallel_executor.executor.parallel:closing loop
[9.563s] DEBUG:colcon.colcon_parallel_executor.executor.parallel:loop closed
[9.564s] DEBUG:colcon.colcon_parallel_executor.executor.parallel:run_until_complete finished with '0'
[9.564s] DEBUG:colcon.colcon_core.event_reactor:joining thread
[9.587s] INFO:colcon.colcon_core.plugin_system:Skipping extension 'colcon_notification.desktop_notification.notify_send': Could not find 'notify-send'
[9.587s] INFO:colcon.colcon_core.plugin_system:Skipping extension 'colcon_notification.desktop_notification.terminal_notifier': Not used on non-Darwin systems
[9.587s] INFO:colcon.colcon_core.plugin_system:Skipping extension 'colcon_notification.desktop_notification.win32': Not used on non-Windows systems
[9.588s] INFO:colcon.colcon_notification.desktop_notification:Sending desktop notification using 'notify2'
[9.591s] DEBUG:colcon.colcon_notification.desktop_notification.notify2:Failed to initialize notify2: org.freedesktop.DBus.Error.ServiceUnknown: The name org.freedesktop.Notifications was not provided by any .service files
[9.591s] DEBUG:colcon.colcon_core.event_reactor:joined thread
[9.592s] INFO:colcon.colcon_core.shell:Creating prefix script '/home/mneuhaus/ros2_ws/install/local_setup.ps1'
[9.596s] INFO:colcon.colcon_core.shell:Creating prefix util module '/home/mneuhaus/ros2_ws/install/_local_setup_util_ps1.py'
[9.603s] INFO:colcon.colcon_core.shell:Creating prefix chain script '/home/mneuhaus/ros2_ws/install/setup.ps1'
[9.608s] INFO:colcon.colcon_core.shell:Creating prefix script '/home/mneuhaus/ros2_ws/install/local_setup.sh'
[9.611s] INFO:colcon.colcon_core.shell:Creating prefix util module '/home/mneuhaus/ros2_ws/install/_local_setup_util_sh.py'
[9.614s] INFO:colcon.colcon_core.shell:Creating prefix chain script '/home/mneuhaus/ros2_ws/install/setup.sh'
[9.619s] INFO:colcon.colcon_core.shell:Creating prefix script '/home/mneuhaus/ros2_ws/install/local_setup.bash'
[9.621s] INFO:colcon.colcon_core.shell:Creating prefix chain script '/home/mneuhaus/ros2_ws/install/setup.bash'
[9.627s] INFO:colcon.colcon_core.shell:Creating prefix script '/home/mneuhaus/ros2_ws/install/local_setup.zsh'
[9.630s] INFO:colcon.colcon_core.shell:Creating prefix chain script '/home/mneuhaus/ros2_ws/install/setup.zsh'
