[0.518s] DEBUG:colcon:Command line arguments: ['/usr/bin/colcon', 'build']
[0.518s] DEBUG:colcon:Parsed command line arguments: Namespace(log_base=None, log_level=None, verb_name='build', build_base='build', install_base='install', merge_install=False, symlink_install=False, test_result_base=None, continue_on_error=False, executor='parallel', parallel_workers=4, event_handlers=None, ignore_user_meta=False, metas=['./colcon.meta'], base_paths=['.'], packages_ignore=None, packages_ignore_regex=None, paths=None, packages_up_to=None, packages_up_to_regex=None, packages_above=None, packages_above_and_dependencies=None, packages_above_depth=None, packages_select_by_dep=None, packages_skip_by_dep=None, packages_skip_up_to=None, packages_select_build_failed=False, packages_skip_build_finished=False, packages_select_test_failures=False, packages_skip_test_passed=False, packages_select=None, packages_skip=None, packages_select_regex=None, packages_skip_regex=None, packages_start=None, packages_end=None, allow_overriding=[], cmake_args=None, cmake_target=None, cmake_target_skip_unavailable=False, cmake_clean_cache=False, cmake_clean_first=False, cmake_force_configure=False, ament_cmake_args=None, catkin_cmake_args=None, catkin_skip_building_tests=False, mixin_files=None, mixin=None, verb_parser=<colcon_mixin.mixin.mixin_argument.MixinArgumentDecorator object at 0xffff96cee990>, verb_extension=<colcon_core.verb.build.BuildVerb object at 0xffff96e85880>, main=<bound method BuildVerb.main of <colcon_core.verb.build.BuildVerb object at 0xffff96e85880>>, mixin_verb=('build',))
[0.713s] Level 1:colcon.colcon_core.package_discovery:discover_packages(colcon_meta) check parameters
[0.714s] Level 1:colcon.colcon_core.package_discovery:discover_packages(recursive) check parameters
[0.714s] Level 1:colcon.colcon_core.package_discovery:discover_packages(ignore) check parameters
[0.714s] Level 1:colcon.colcon_core.package_discovery:discover_packages(path) check parameters
[0.714s] Level 1:colcon.colcon_core.package_discovery:discover_packages(colcon_meta) discover
[0.714s] Level 1:colcon.colcon_core.package_discovery:discover_packages(recursive) discover
[0.714s] INFO:colcon.colcon_core.package_discovery:Crawling recursively for packages in '/home/mneuhaus/ros2_ws'
[0.715s] Level 1:colcon.colcon_core.package_identification:_identify(.) by extensions ['ignore', 'ignore_ament_install']
[0.715s] Level 1:colcon.colcon_core.package_identification:_identify(.) by extension 'ignore'
[0.715s] Level 1:colcon.colcon_core.package_identification:_identify(.) by extension 'ignore_ament_install'
[0.716s] Level 1:colcon.colcon_core.package_identification:_identify(.) by extensions ['colcon_pkg']
[0.716s] Level 1:colcon.colcon_core.package_identification:_identify(.) by extension 'colcon_pkg'
[0.716s] Level 1:colcon.colcon_core.package_identification:_identify(.) by extensions ['colcon_meta']
[0.716s] Level 1:colcon.colcon_core.package_identification:_identify(.) by extension 'colcon_meta'
[0.716s] Level 1:colcon.colcon_core.package_identification:_identify(.) by extensions ['ros']
[0.716s] Level 1:colcon.colcon_core.package_identification:_identify(.) by extension 'ros'
[0.838s] Level 1:colcon.colcon_core.package_identification:_identify(.) by extensions ['cmake', 'python']
[0.838s] Level 1:colcon.colcon_core.package_identification:_identify(.) by extension 'cmake'
[0.838s] Level 1:colcon.colcon_core.package_identification:_identify(.) by extension 'python'
[0.838s] Level 1:colcon.colcon_core.package_identification:_identify(.) by extensions ['python_setup_py']
[0.838s] Level 1:colcon.colcon_core.package_identification:_identify(.) by extension 'python_setup_py'
[0.839s] Level 1:colcon.colcon_core.package_identification:_identify(backup) by extensions ['ignore', 'ignore_ament_install']
[0.839s] Level 1:colcon.colcon_core.package_identification:_identify(backup) by extension 'ignore'
[0.840s] Level 1:colcon.colcon_core.package_identification:_identify(backup) by extension 'ignore_ament_install'
[0.840s] Level 1:colcon.colcon_core.package_identification:_identify(backup) by extensions ['colcon_pkg']
[0.840s] Level 1:colcon.colcon_core.package_identification:_identify(backup) by extension 'colcon_pkg'
[0.840s] Level 1:colcon.colcon_core.package_identification:_identify(backup) by extensions ['colcon_meta']
[0.840s] Level 1:colcon.colcon_core.package_identification:_identify(backup) by extension 'colcon_meta'
[0.841s] Level 1:colcon.colcon_core.package_identification:_identify(backup) by extensions ['ros']
[0.841s] Level 1:colcon.colcon_core.package_identification:_identify(backup) by extension 'ros'
[0.841s] Level 1:colcon.colcon_core.package_identification:_identify(backup) by extensions ['cmake', 'python']
[0.841s] Level 1:colcon.colcon_core.package_identification:_identify(backup) by extension 'cmake'
[0.841s] Level 1:colcon.colcon_core.package_identification:_identify(backup) by extension 'python'
[0.842s] Level 1:colcon.colcon_core.package_identification:_identify(backup) by extensions ['python_setup_py']
[0.842s] Level 1:colcon.colcon_core.package_identification:_identify(backup) by extension 'python_setup_py'
[0.842s] Level 1:colcon.colcon_core.package_identification:_identify(backup/sources.list.d) by extensions ['ignore', 'ignore_ament_install']
[0.843s] Level 1:colcon.colcon_core.package_identification:_identify(backup/sources.list.d) by extension 'ignore'
[0.843s] Level 1:colcon.colcon_core.package_identification:_identify(backup/sources.list.d) by extension 'ignore_ament_install'
[0.843s] Level 1:colcon.colcon_core.package_identification:_identify(backup/sources.list.d) by extensions ['colcon_pkg']
[0.843s] Level 1:colcon.colcon_core.package_identification:_identify(backup/sources.list.d) by extension 'colcon_pkg'
[0.843s] Level 1:colcon.colcon_core.package_identification:_identify(backup/sources.list.d) by extensions ['colcon_meta']
[0.843s] Level 1:colcon.colcon_core.package_identification:_identify(backup/sources.list.d) by extension 'colcon_meta'
[0.844s] Level 1:colcon.colcon_core.package_identification:_identify(backup/sources.list.d) by extensions ['ros']
[0.844s] Level 1:colcon.colcon_core.package_identification:_identify(backup/sources.list.d) by extension 'ros'
[0.844s] Level 1:colcon.colcon_core.package_identification:_identify(backup/sources.list.d) by extensions ['cmake', 'python']
[0.844s] Level 1:colcon.colcon_core.package_identification:_identify(backup/sources.list.d) by extension 'cmake'
[0.844s] Level 1:colcon.colcon_core.package_identification:_identify(backup/sources.list.d) by extension 'python'
[0.845s] Level 1:colcon.colcon_core.package_identification:_identify(backup/sources.list.d) by extensions ['python_setup_py']
[0.845s] Level 1:colcon.colcon_core.package_identification:_identify(backup/sources.list.d) by extension 'python_setup_py'
[0.845s] Level 1:colcon.colcon_core.package_identification:_identify(backup/trusted.gpg.d) by extensions ['ignore', 'ignore_ament_install']
[0.846s] Level 1:colcon.colcon_core.package_identification:_identify(backup/trusted.gpg.d) by extension 'ignore'
[0.846s] Level 1:colcon.colcon_core.package_identification:_identify(backup/trusted.gpg.d) by extension 'ignore_ament_install'
[0.846s] Level 1:colcon.colcon_core.package_identification:_identify(backup/trusted.gpg.d) by extensions ['colcon_pkg']
[0.846s] Level 1:colcon.colcon_core.package_identification:_identify(backup/trusted.gpg.d) by extension 'colcon_pkg'
[0.846s] Level 1:colcon.colcon_core.package_identification:_identify(backup/trusted.gpg.d) by extensions ['colcon_meta']
[0.847s] Level 1:colcon.colcon_core.package_identification:_identify(backup/trusted.gpg.d) by extension 'colcon_meta'
[0.847s] Level 1:colcon.colcon_core.package_identification:_identify(backup/trusted.gpg.d) by extensions ['ros']
[0.847s] Level 1:colcon.colcon_core.package_identification:_identify(backup/trusted.gpg.d) by extension 'ros'
[0.847s] Level 1:colcon.colcon_core.package_identification:_identify(backup/trusted.gpg.d) by extensions ['cmake', 'python']
[0.848s] Level 1:colcon.colcon_core.package_identification:_identify(backup/trusted.gpg.d) by extension 'cmake'
[0.848s] Level 1:colcon.colcon_core.package_identification:_identify(backup/trusted.gpg.d) by extension 'python'
[0.848s] Level 1:colcon.colcon_core.package_identification:_identify(backup/trusted.gpg.d) by extensions ['python_setup_py']
[0.848s] Level 1:colcon.colcon_core.package_identification:_identify(backup/trusted.gpg.d) by extension 'python_setup_py'
[0.849s] Level 1:colcon.colcon_core.package_identification:_identify(backup/trusted.gpg.d/trusted.gpg.d) by extensions ['ignore', 'ignore_ament_install']
[0.849s] Level 1:colcon.colcon_core.package_identification:_identify(backup/trusted.gpg.d/trusted.gpg.d) by extension 'ignore'
[0.849s] Level 1:colcon.colcon_core.package_identification:_identify(backup/trusted.gpg.d/trusted.gpg.d) by extension 'ignore_ament_install'
[0.850s] Level 1:colcon.colcon_core.package_identification:_identify(backup/trusted.gpg.d/trusted.gpg.d) by extensions ['colcon_pkg']
[0.850s] Level 1:colcon.colcon_core.package_identification:_identify(backup/trusted.gpg.d/trusted.gpg.d) by extension 'colcon_pkg'
[0.850s] Level 1:colcon.colcon_core.package_identification:_identify(backup/trusted.gpg.d/trusted.gpg.d) by extensions ['colcon_meta']
[0.850s] Level 1:colcon.colcon_core.package_identification:_identify(backup/trusted.gpg.d/trusted.gpg.d) by extension 'colcon_meta'
[0.850s] Level 1:colcon.colcon_core.package_identification:_identify(backup/trusted.gpg.d/trusted.gpg.d) by extensions ['ros']
[0.850s] Level 1:colcon.colcon_core.package_identification:_identify(backup/trusted.gpg.d/trusted.gpg.d) by extension 'ros'
[0.851s] Level 1:colcon.colcon_core.package_identification:_identify(backup/trusted.gpg.d/trusted.gpg.d) by extensions ['cmake', 'python']
[0.851s] Level 1:colcon.colcon_core.package_identification:_identify(backup/trusted.gpg.d/trusted.gpg.d) by extension 'cmake'
[0.851s] Level 1:colcon.colcon_core.package_identification:_identify(backup/trusted.gpg.d/trusted.gpg.d) by extension 'python'
[0.851s] Level 1:colcon.colcon_core.package_identification:_identify(backup/trusted.gpg.d/trusted.gpg.d) by extensions ['python_setup_py']
[0.852s] Level 1:colcon.colcon_core.package_identification:_identify(backup/trusted.gpg.d/trusted.gpg.d) by extension 'python_setup_py'
[0.852s] Level 1:colcon.colcon_core.package_identification:_identify(build) by extensions ['ignore', 'ignore_ament_install']
[0.852s] Level 1:colcon.colcon_core.package_identification:_identify(build) by extension 'ignore'
[0.852s] Level 1:colcon.colcon_core.package_identification:_identify(build) ignored
[0.853s] Level 1:colcon.colcon_core.package_identification:_identify(install) by extensions ['ignore', 'ignore_ament_install']
[0.853s] Level 1:colcon.colcon_core.package_identification:_identify(install) by extension 'ignore'
[0.854s] Level 1:colcon.colcon_core.package_identification:_identify(install) ignored
[0.855s] Level 1:colcon.colcon_core.package_identification:_identify(log) by extensions ['ignore', 'ignore_ament_install']
[0.855s] Level 1:colcon.colcon_core.package_identification:_identify(log) by extension 'ignore'
[0.855s] Level 1:colcon.colcon_core.package_identification:_identify(log) ignored
[0.855s] Level 1:colcon.colcon_core.package_identification:_identify(scripts) by extensions ['ignore', 'ignore_ament_install']
[0.856s] Level 1:colcon.colcon_core.package_identification:_identify(scripts) by extension 'ignore'
[0.856s] Level 1:colcon.colcon_core.package_identification:_identify(scripts) by extension 'ignore_ament_install'
[0.856s] Level 1:colcon.colcon_core.package_identification:_identify(scripts) by extensions ['colcon_pkg']
[0.856s] Level 1:colcon.colcon_core.package_identification:_identify(scripts) by extension 'colcon_pkg'
[0.856s] Level 1:colcon.colcon_core.package_identification:_identify(scripts) by extensions ['colcon_meta']
[0.857s] Level 1:colcon.colcon_core.package_identification:_identify(scripts) by extension 'colcon_meta'
[0.857s] Level 1:colcon.colcon_core.package_identification:_identify(scripts) by extensions ['ros']
[0.857s] Level 1:colcon.colcon_core.package_identification:_identify(scripts) by extension 'ros'
[0.857s] Level 1:colcon.colcon_core.package_identification:_identify(scripts) by extensions ['cmake', 'python']
[0.857s] Level 1:colcon.colcon_core.package_identification:_identify(scripts) by extension 'cmake'
[0.858s] Level 1:colcon.colcon_core.package_identification:_identify(scripts) by extension 'python'
[0.858s] Level 1:colcon.colcon_core.package_identification:_identify(scripts) by extensions ['python_setup_py']
[0.858s] Level 1:colcon.colcon_core.package_identification:_identify(scripts) by extension 'python_setup_py'
[0.858s] Level 1:colcon.colcon_core.package_identification:_identify(src) by extensions ['ignore', 'ignore_ament_install']
[0.859s] Level 1:colcon.colcon_core.package_identification:_identify(src) by extension 'ignore'
[0.859s] Level 1:colcon.colcon_core.package_identification:_identify(src) by extension 'ignore_ament_install'
[0.859s] Level 1:colcon.colcon_core.package_identification:_identify(src) by extensions ['colcon_pkg']
[0.859s] Level 1:colcon.colcon_core.package_identification:_identify(src) by extension 'colcon_pkg'
[0.860s] Level 1:colcon.colcon_core.package_identification:_identify(src) by extensions ['colcon_meta']
[0.860s] Level 1:colcon.colcon_core.package_identification:_identify(src) by extension 'colcon_meta'
[0.860s] Level 1:colcon.colcon_core.package_identification:_identify(src) by extensions ['ros']
[0.860s] Level 1:colcon.colcon_core.package_identification:_identify(src) by extension 'ros'
[0.861s] Level 1:colcon.colcon_core.package_identification:_identify(src) by extensions ['cmake', 'python']
[0.861s] Level 1:colcon.colcon_core.package_identification:_identify(src) by extension 'cmake'
[0.861s] Level 1:colcon.colcon_core.package_identification:_identify(src) by extension 'python'
[0.861s] Level 1:colcon.colcon_core.package_identification:_identify(src) by extensions ['python_setup_py']
[0.861s] Level 1:colcon.colcon_core.package_identification:_identify(src) by extension 'python_setup_py'
[0.862s] Level 1:colcon.colcon_core.package_identification:_identify(src/motor_controller) by extensions ['ignore', 'ignore_ament_install']
[0.862s] Level 1:colcon.colcon_core.package_identification:_identify(src/motor_controller) by extension 'ignore'
[0.863s] Level 1:colcon.colcon_core.package_identification:_identify(src/motor_controller) by extension 'ignore_ament_install'
[0.863s] Level 1:colcon.colcon_core.package_identification:_identify(src/motor_controller) by extensions ['colcon_pkg']
[0.863s] Level 1:colcon.colcon_core.package_identification:_identify(src/motor_controller) by extension 'colcon_pkg'
[0.863s] Level 1:colcon.colcon_core.package_identification:_identify(src/motor_controller) by extensions ['colcon_meta']
[0.863s] Level 1:colcon.colcon_core.package_identification:_identify(src/motor_controller) by extension 'colcon_meta'
[0.864s] Level 1:colcon.colcon_core.package_identification:_identify(src/motor_controller) by extensions ['ros']
[0.864s] Level 1:colcon.colcon_core.package_identification:_identify(src/motor_controller) by extension 'ros'
[0.874s] DEBUG:colcon.colcon_core.package_identification:Package 'src/motor_controller' with type 'ros.ament_python' and name 'motor_controller'
[0.874s] Level 1:colcon.colcon_core.package_identification:_identify(src/teleop_twist_joy) by extensions ['ignore', 'ignore_ament_install']
[0.875s] Level 1:colcon.colcon_core.package_identification:_identify(src/teleop_twist_joy) by extension 'ignore'
[0.875s] Level 1:colcon.colcon_core.package_identification:_identify(src/teleop_twist_joy) by extension 'ignore_ament_install'
[0.875s] Level 1:colcon.colcon_core.package_identification:_identify(src/teleop_twist_joy) by extensions ['colcon_pkg']
[0.875s] Level 1:colcon.colcon_core.package_identification:_identify(src/teleop_twist_joy) by extension 'colcon_pkg'
[0.876s] Level 1:colcon.colcon_core.package_identification:_identify(src/teleop_twist_joy) by extensions ['colcon_meta']
[0.876s] Level 1:colcon.colcon_core.package_identification:_identify(src/teleop_twist_joy) by extension 'colcon_meta'
[0.876s] Level 1:colcon.colcon_core.package_identification:_identify(src/teleop_twist_joy) by extensions ['ros']
[0.876s] Level 1:colcon.colcon_core.package_identification:_identify(src/teleop_twist_joy) by extension 'ros'
[0.877s] Level 1:colcon.colcon_core.package_identification:_identify(src/teleop_twist_joy) by extensions ['cmake', 'python']
[0.877s] Level 1:colcon.colcon_core.package_identification:_identify(src/teleop_twist_joy) by extension 'cmake'
[0.877s] Level 1:colcon.colcon_core.package_identification:_identify(src/teleop_twist_joy) by extension 'python'
[0.877s] Level 1:colcon.colcon_core.package_identification:_identify(src/teleop_twist_joy) by extensions ['python_setup_py']
[0.877s] Level 1:colcon.colcon_core.package_identification:_identify(src/teleop_twist_joy) by extension 'python_setup_py'
[0.878s] Level 1:colcon.colcon_core.package_identification:_identify(src/teleop_twist_joy/config) by extensions ['ignore', 'ignore_ament_install']
[0.878s] Level 1:colcon.colcon_core.package_identification:_identify(src/teleop_twist_joy/config) by extension 'ignore'
[0.878s] Level 1:colcon.colcon_core.package_identification:_identify(src/teleop_twist_joy/config) by extension 'ignore_ament_install'
[0.878s] Level 1:colcon.colcon_core.package_identification:_identify(src/teleop_twist_joy/config) by extensions ['colcon_pkg']
[0.879s] Level 1:colcon.colcon_core.package_identification:_identify(src/teleop_twist_joy/config) by extension 'colcon_pkg'
[0.879s] Level 1:colcon.colcon_core.package_identification:_identify(src/teleop_twist_joy/config) by extensions ['colcon_meta']
[0.879s] Level 1:colcon.colcon_core.package_identification:_identify(src/teleop_twist_joy/config) by extension 'colcon_meta'
[0.879s] Level 1:colcon.colcon_core.package_identification:_identify(src/teleop_twist_joy/config) by extensions ['ros']
[0.879s] Level 1:colcon.colcon_core.package_identification:_identify(src/teleop_twist_joy/config) by extension 'ros'
[0.880s] Level 1:colcon.colcon_core.package_identification:_identify(src/teleop_twist_joy/config) by extensions ['cmake', 'python']
[0.880s] Level 1:colcon.colcon_core.package_identification:_identify(src/teleop_twist_joy/config) by extension 'cmake'
[0.880s] Level 1:colcon.colcon_core.package_identification:_identify(src/teleop_twist_joy/config) by extension 'python'
[0.880s] Level 1:colcon.colcon_core.package_identification:_identify(src/teleop_twist_joy/config) by extensions ['python_setup_py']
[0.880s] Level 1:colcon.colcon_core.package_identification:_identify(src/teleop_twist_joy/config) by extension 'python_setup_py'
[0.881s] Level 1:colcon.colcon_core.package_identification:_identify(src/wall_e_launch) by extensions ['ignore', 'ignore_ament_install']
[0.881s] Level 1:colcon.colcon_core.package_identification:_identify(src/wall_e_launch) by extension 'ignore'
[0.881s] Level 1:colcon.colcon_core.package_identification:_identify(src/wall_e_launch) by extension 'ignore_ament_install'
[0.882s] Level 1:colcon.colcon_core.package_identification:_identify(src/wall_e_launch) by extensions ['colcon_pkg']
[0.882s] Level 1:colcon.colcon_core.package_identification:_identify(src/wall_e_launch) by extension 'colcon_pkg'
[0.882s] Level 1:colcon.colcon_core.package_identification:_identify(src/wall_e_launch) by extensions ['colcon_meta']
[0.882s] Level 1:colcon.colcon_core.package_identification:_identify(src/wall_e_launch) by extension 'colcon_meta'
[0.882s] Level 1:colcon.colcon_core.package_identification:_identify(src/wall_e_launch) by extensions ['ros']
[0.882s] Level 1:colcon.colcon_core.package_identification:_identify(src/wall_e_launch) by extension 'ros'
[0.885s] DEBUG:colcon.colcon_core.package_identification:Package 'src/wall_e_launch' with type 'ros.ament_cmake' and name 'wall_e_launch'
[0.885s] Level 1:colcon.colcon_core.package_identification:_identify(src/wall_e_web) by extensions ['ignore', 'ignore_ament_install']
[0.886s] Level 1:colcon.colcon_core.package_identification:_identify(src/wall_e_web) by extension 'ignore'
[0.886s] Level 1:colcon.colcon_core.package_identification:_identify(src/wall_e_web) by extension 'ignore_ament_install'
[0.886s] Level 1:colcon.colcon_core.package_identification:_identify(src/wall_e_web) by extensions ['colcon_pkg']
[0.887s] Level 1:colcon.colcon_core.package_identification:_identify(src/wall_e_web) by extension 'colcon_pkg'
[0.887s] Level 1:colcon.colcon_core.package_identification:_identify(src/wall_e_web) by extensions ['colcon_meta']
[0.887s] Level 1:colcon.colcon_core.package_identification:_identify(src/wall_e_web) by extension 'colcon_meta'
[0.887s] Level 1:colcon.colcon_core.package_identification:_identify(src/wall_e_web) by extensions ['ros']
[0.887s] Level 1:colcon.colcon_core.package_identification:_identify(src/wall_e_web) by extension 'ros'
[0.889s] DEBUG:colcon.colcon_core.package_identification:Package 'src/wall_e_web' with type 'ros.ament_python' and name 'wall_e_web'
[0.889s] Level 1:colcon.colcon_core.package_discovery:discover_packages(recursive) using defaults
[0.890s] Level 1:colcon.colcon_core.package_discovery:discover_packages(ignore) discover
[0.890s] Level 1:colcon.colcon_core.package_discovery:discover_packages(ignore) using defaults
[0.890s] Level 1:colcon.colcon_core.package_discovery:discover_packages(path) discover
[0.890s] Level 1:colcon.colcon_core.package_discovery:discover_packages(path) using defaults
[0.971s] Level 1:colcon.colcon_core.package_discovery:discover_packages(prefix_path) check parameters
[0.972s] Level 1:colcon.colcon_core.package_discovery:discover_packages(prefix_path) discover
[0.981s] DEBUG:colcon.colcon_installed_package_information.package_discovery:Found 3 installed packages in /home/mneuhaus/ros2_ws/install
[0.990s] DEBUG:colcon.colcon_installed_package_information.package_discovery:Found 200 installed packages in /opt/ros/jazzy
[0.993s] Level 1:colcon.colcon_core.package_discovery:discover_packages(prefix_path) using defaults
[1.148s] Level 5:colcon.colcon_core.verb:set package 'motor_controller' build argument 'cmake_args' from command line to 'None'
[1.148s] Level 5:colcon.colcon_core.verb:set package 'motor_controller' build argument 'cmake_target' from command line to 'None'
[1.148s] Level 5:colcon.colcon_core.verb:set package 'motor_controller' build argument 'cmake_target_skip_unavailable' from command line to 'False'
[1.148s] Level 5:colcon.colcon_core.verb:set package 'motor_controller' build argument 'cmake_clean_cache' from command line to 'False'
[1.148s] Level 5:colcon.colcon_core.verb:set package 'motor_controller' build argument 'cmake_clean_first' from command line to 'False'
[1.149s] Level 5:colcon.colcon_core.verb:set package 'motor_controller' build argument 'cmake_force_configure' from command line to 'False'
[1.149s] Level 5:colcon.colcon_core.verb:set package 'motor_controller' build argument 'ament_cmake_args' from command line to 'None'
[1.149s] Level 5:colcon.colcon_core.verb:set package 'motor_controller' build argument 'catkin_cmake_args' from command line to 'None'
[1.149s] Level 5:colcon.colcon_core.verb:set package 'motor_controller' build argument 'catkin_skip_building_tests' from command line to 'False'
[1.149s] DEBUG:colcon.colcon_core.verb:Building package 'motor_controller' with the following arguments: {'ament_cmake_args': None, 'build_base': '/home/mneuhaus/ros2_ws/build/motor_controller', 'catkin_cmake_args': None, 'catkin_skip_building_tests': False, 'cmake_args': None, 'cmake_clean_cache': False, 'cmake_clean_first': False, 'cmake_force_configure': False, 'cmake_target': None, 'cmake_target_skip_unavailable': False, 'install_base': '/home/mneuhaus/ros2_ws/install/motor_controller', 'merge_install': False, 'path': '/home/mneuhaus/ros2_ws/src/motor_controller', 'symlink_install': False, 'test_result_base': None}
[1.150s] Level 5:colcon.colcon_core.verb:set package 'wall_e_web' build argument 'cmake_args' from command line to 'None'
[1.151s] Level 5:colcon.colcon_core.verb:set package 'wall_e_web' build argument 'cmake_target' from command line to 'None'
[1.151s] Level 5:colcon.colcon_core.verb:set package 'wall_e_web' build argument 'cmake_target_skip_unavailable' from command line to 'False'
[1.151s] Level 5:colcon.colcon_core.verb:set package 'wall_e_web' build argument 'cmake_clean_cache' from command line to 'False'
[1.151s] Level 5:colcon.colcon_core.verb:set package 'wall_e_web' build argument 'cmake_clean_first' from command line to 'False'
[1.151s] Level 5:colcon.colcon_core.verb:set package 'wall_e_web' build argument 'cmake_force_configure' from command line to 'False'
[1.151s] Level 5:colcon.colcon_core.verb:set package 'wall_e_web' build argument 'ament_cmake_args' from command line to 'None'
[1.151s] Level 5:colcon.colcon_core.verb:set package 'wall_e_web' build argument 'catkin_cmake_args' from command line to 'None'
[1.151s] Level 5:colcon.colcon_core.verb:set package 'wall_e_web' build argument 'catkin_skip_building_tests' from command line to 'False'
[1.152s] DEBUG:colcon.colcon_core.verb:Building package 'wall_e_web' with the following arguments: {'ament_cmake_args': None, 'build_base': '/home/mneuhaus/ros2_ws/build/wall_e_web', 'catkin_cmake_args': None, 'catkin_skip_building_tests': False, 'cmake_args': None, 'cmake_clean_cache': False, 'cmake_clean_first': False, 'cmake_force_configure': False, 'cmake_target': None, 'cmake_target_skip_unavailable': False, 'install_base': '/home/mneuhaus/ros2_ws/install/wall_e_web', 'merge_install': False, 'path': '/home/mneuhaus/ros2_ws/src/wall_e_web', 'symlink_install': False, 'test_result_base': None}
[1.153s] Level 5:colcon.colcon_core.verb:set package 'wall_e_launch' build argument 'cmake_args' from command line to 'None'
[1.153s] Level 5:colcon.colcon_core.verb:set package 'wall_e_launch' build argument 'cmake_target' from command line to 'None'
[1.153s] Level 5:colcon.colcon_core.verb:set package 'wall_e_launch' build argument 'cmake_target_skip_unavailable' from command line to 'False'
[1.153s] Level 5:colcon.colcon_core.verb:set package 'wall_e_launch' build argument 'cmake_clean_cache' from command line to 'False'
[1.153s] Level 5:colcon.colcon_core.verb:set package 'wall_e_launch' build argument 'cmake_clean_first' from command line to 'False'
[1.154s] Level 5:colcon.colcon_core.verb:set package 'wall_e_launch' build argument 'cmake_force_configure' from command line to 'False'
[1.154s] Level 5:colcon.colcon_core.verb:set package 'wall_e_launch' build argument 'ament_cmake_args' from command line to 'None'
[1.154s] Level 5:colcon.colcon_core.verb:set package 'wall_e_launch' build argument 'catkin_cmake_args' from command line to 'None'
[1.154s] Level 5:colcon.colcon_core.verb:set package 'wall_e_launch' build argument 'catkin_skip_building_tests' from command line to 'False'
[1.154s] DEBUG:colcon.colcon_core.verb:Building package 'wall_e_launch' with the following arguments: {'ament_cmake_args': None, 'build_base': '/home/mneuhaus/ros2_ws/build/wall_e_launch', 'catkin_cmake_args': None, 'catkin_skip_building_tests': False, 'cmake_args': None, 'cmake_clean_cache': False, 'cmake_clean_first': False, 'cmake_force_configure': False, 'cmake_target': None, 'cmake_target_skip_unavailable': False, 'install_base': '/home/mneuhaus/ros2_ws/install/wall_e_launch', 'merge_install': False, 'path': '/home/mneuhaus/ros2_ws/src/wall_e_launch', 'symlink_install': False, 'test_result_base': None}
[1.154s] INFO:colcon.colcon_core.executor:Executing jobs using 'parallel' executor
[1.158s] DEBUG:colcon.colcon_parallel_executor.executor.parallel:run_until_complete
[1.159s] INFO:colcon.colcon_ros.task.ament_python.build:Building ROS package in '/home/mneuhaus/ros2_ws/src/motor_controller' with build type 'ament_python'
[1.159s] Level 1:colcon.colcon_core.shell:create_environment_hook('motor_controller', 'ament_prefix_path')
[1.169s] INFO:colcon.colcon_core.plugin_system:Skipping extension 'colcon_core.shell.bat': Not used on non-Windows systems
[1.170s] INFO:colcon.colcon_core.shell:Creating environment hook '/home/mneuhaus/ros2_ws/install/motor_controller/share/motor_controller/hook/ament_prefix_path.ps1'
[1.173s] INFO:colcon.colcon_core.shell:Creating environment descriptor '/home/mneuhaus/ros2_ws/install/motor_controller/share/motor_controller/hook/ament_prefix_path.dsv'
[1.175s] INFO:colcon.colcon_core.shell:Creating environment hook '/home/mneuhaus/ros2_ws/install/motor_controller/share/motor_controller/hook/ament_prefix_path.sh'
[1.178s] INFO:colcon.colcon_core.shell:Skip shell extension 'powershell' for command environment: Not usable outside of PowerShell
[1.179s] DEBUG:colcon.colcon_core.shell:Skip shell extension 'dsv' for command environment
[1.197s] INFO:colcon.colcon_ros.task.ament_python.build:Building ROS package in '/home/mneuhaus/ros2_ws/src/wall_e_web' with build type 'ament_python'
[1.198s] Level 1:colcon.colcon_core.shell:create_environment_hook('wall_e_web', 'ament_prefix_path')
[1.199s] INFO:colcon.colcon_core.shell:Creating environment hook '/home/mneuhaus/ros2_ws/install/wall_e_web/share/wall_e_web/hook/ament_prefix_path.ps1'
[1.201s] INFO:colcon.colcon_core.shell:Creating environment descriptor '/home/mneuhaus/ros2_ws/install/wall_e_web/share/wall_e_web/hook/ament_prefix_path.dsv'
[1.203s] INFO:colcon.colcon_core.shell:Creating environment hook '/home/mneuhaus/ros2_ws/install/wall_e_web/share/wall_e_web/hook/ament_prefix_path.sh'
[1.206s] INFO:colcon.colcon_core.shell:Skip shell extension 'powershell' for command environment: Not usable outside of PowerShell
[1.206s] DEBUG:colcon.colcon_core.shell:Skip shell extension 'dsv' for command environment
[2.227s] INFO:colcon.colcon_core.task.python.build:Building Python package in '/home/mneuhaus/ros2_ws/src/motor_controller'
[2.228s] INFO:colcon.colcon_core.shell:Skip shell extension 'powershell' for command environment: Not usable outside of PowerShell
[2.228s] DEBUG:colcon.colcon_core.shell:Skip shell extension 'dsv' for command environment
[3.248s] INFO:colcon.colcon_core.task.python.build:Building Python package in '/home/mneuhaus/ros2_ws/src/wall_e_web'
[3.249s] INFO:colcon.colcon_core.shell:Skip shell extension 'powershell' for command environment: Not usable outside of PowerShell
[3.250s] DEBUG:colcon.colcon_core.shell:Skip shell extension 'dsv' for command environment
[6.277s] DEBUG:colcon.colcon_core.event_handler.log_command:Invoking command in '/home/mneuhaus/ros2_ws/src/wall_e_web': PYTHONPATH=/home/mneuhaus/ros2_ws/build/wall_e_web/prefix_override:/usr/lib/python3/dist-packages/colcon_core/task/python/colcon_distutils_commands:/home/mneuhaus/ros2_ws/install/wall_e_web/lib/python3.12/site-packages:${PYTHONPATH} /usr/bin/python3 -W ignore:setup.py install is deprecated setup.py egg_info --egg-base ../../build/wall_e_web build --build-base /home/mneuhaus/ros2_ws/build/wall_e_web/build install --record /home/mneuhaus/ros2_ws/build/wall_e_web/install.log --single-version-externally-managed install_data
[6.295s] DEBUG:colcon.colcon_core.event_handler.log_command:Invoking command in '/home/mneuhaus/ros2_ws/src/motor_controller': PYTHONPATH=/home/mneuhaus/ros2_ws/build/motor_controller/prefix_override:/usr/lib/python3/dist-packages/colcon_core/task/python/colcon_distutils_commands:/home/mneuhaus/ros2_ws/install/motor_controller/lib/python3.12/site-packages:${PYTHONPATH} /usr/bin/python3 -W ignore:setup.py install is deprecated setup.py egg_info --egg-base ../../build/motor_controller build --build-base /home/mneuhaus/ros2_ws/build/motor_controller/build install --record /home/mneuhaus/ros2_ws/build/motor_controller/install.log --single-version-externally-managed install_data
[9.058s] DEBUG:colcon.colcon_core.event_handler.log_command:Invoked command in '/home/mneuhaus/ros2_ws/src/wall_e_web' returned '0': PYTHONPATH=/home/mneuhaus/ros2_ws/build/wall_e_web/prefix_override:/usr/lib/python3/dist-packages/colcon_core/task/python/colcon_distutils_commands:/home/mneuhaus/ros2_ws/install/wall_e_web/lib/python3.12/site-packages:${PYTHONPATH} /usr/bin/python3 -W ignore:setup.py install is deprecated setup.py egg_info --egg-base ../../build/wall_e_web build --build-base /home/mneuhaus/ros2_ws/build/wall_e_web/build install --record /home/mneuhaus/ros2_ws/build/wall_e_web/install.log --single-version-externally-managed install_data
[9.079s] Level 1:colcon.colcon_core.environment:checking '/home/mneuhaus/ros2_ws/install/wall_e_web' for CMake module files
[9.083s] Level 1:colcon.colcon_core.environment:checking '/home/mneuhaus/ros2_ws/install/wall_e_web' for CMake config files
[9.090s] Level 1:colcon.colcon_core.environment:checking '/home/mneuhaus/ros2_ws/install/wall_e_web/lib'
[9.092s] Level 1:colcon.colcon_core.environment:checking '/home/mneuhaus/ros2_ws/install/wall_e_web/bin'
[9.093s] Level 1:colcon.colcon_core.environment:checking '/home/mneuhaus/ros2_ws/install/wall_e_web/lib/pkgconfig/wall_e_web.pc'
[9.094s] Level 1:colcon.colcon_core.environment:checking '/home/mneuhaus/ros2_ws/install/wall_e_web/lib/python3.12/site-packages'
[9.096s] Level 1:colcon.colcon_core.shell:create_environment_hook('wall_e_web', 'pythonpath')
[9.097s] INFO:colcon.colcon_core.shell:Creating environment hook '/home/mneuhaus/ros2_ws/install/wall_e_web/share/wall_e_web/hook/pythonpath.ps1'
[9.100s] INFO:colcon.colcon_core.shell:Creating environment descriptor '/home/mneuhaus/ros2_ws/install/wall_e_web/share/wall_e_web/hook/pythonpath.dsv'
[9.104s] INFO:colcon.colcon_core.shell:Creating environment hook '/home/mneuhaus/ros2_ws/install/wall_e_web/share/wall_e_web/hook/pythonpath.sh'
[9.108s] Level 1:colcon.colcon_core.environment:checking '/home/mneuhaus/ros2_ws/install/wall_e_web/bin'
[9.109s] Level 1:colcon.colcon_core.environment:create_environment_scripts_only(wall_e_web)
[9.110s] INFO:colcon.colcon_core.shell:Creating package script '/home/mneuhaus/ros2_ws/install/wall_e_web/share/wall_e_web/package.ps1'
[9.115s] INFO:colcon.colcon_core.shell:Creating package descriptor '/home/mneuhaus/ros2_ws/install/wall_e_web/share/wall_e_web/package.dsv'
[9.120s] INFO:colcon.colcon_core.shell:Creating package script '/home/mneuhaus/ros2_ws/install/wall_e_web/share/wall_e_web/package.sh'
[9.124s] INFO:colcon.colcon_core.shell:Creating package script '/home/mneuhaus/ros2_ws/install/wall_e_web/share/wall_e_web/package.bash'
[9.128s] INFO:colcon.colcon_core.shell:Creating package script '/home/mneuhaus/ros2_ws/install/wall_e_web/share/wall_e_web/package.zsh'
[9.133s] Level 1:colcon.colcon_core.environment:create_file_with_runtime_dependencies(/home/mneuhaus/ros2_ws/install/wall_e_web/share/colcon-core/packages/wall_e_web)
[9.146s] Level 1:colcon.colcon_core.environment:checking '/home/mneuhaus/ros2_ws/install/motor_controller' for CMake module files
[9.148s] DEBUG:colcon.colcon_core.event_handler.log_command:Invoked command in '/home/mneuhaus/ros2_ws/src/motor_controller' returned '0': PYTHONPATH=/home/mneuhaus/ros2_ws/build/motor_controller/prefix_override:/usr/lib/python3/dist-packages/colcon_core/task/python/colcon_distutils_commands:/home/mneuhaus/ros2_ws/install/motor_controller/lib/python3.12/site-packages:${PYTHONPATH} /usr/bin/python3 -W ignore:setup.py install is deprecated setup.py egg_info --egg-base ../../build/motor_controller build --build-base /home/mneuhaus/ros2_ws/build/motor_controller/build install --record /home/mneuhaus/ros2_ws/build/motor_controller/install.log --single-version-externally-managed install_data
[9.150s] Level 1:colcon.colcon_core.environment:checking '/home/mneuhaus/ros2_ws/install/motor_controller' for CMake config files
[9.154s] Level 1:colcon.colcon_core.environment:checking '/home/mneuhaus/ros2_ws/install/motor_controller/lib'
[9.154s] Level 1:colcon.colcon_core.environment:checking '/home/mneuhaus/ros2_ws/install/motor_controller/bin'
[9.154s] Level 1:colcon.colcon_core.environment:checking '/home/mneuhaus/ros2_ws/install/motor_controller/lib/pkgconfig/motor_controller.pc'
[9.155s] Level 1:colcon.colcon_core.environment:checking '/home/mneuhaus/ros2_ws/install/motor_controller/lib/python3.12/site-packages'
[9.156s] Level 1:colcon.colcon_core.shell:create_environment_hook('motor_controller', 'pythonpath')
[9.157s] INFO:colcon.colcon_core.shell:Creating environment hook '/home/mneuhaus/ros2_ws/install/motor_controller/share/motor_controller/hook/pythonpath.ps1'
[9.159s] INFO:colcon.colcon_core.shell:Creating environment descriptor '/home/mneuhaus/ros2_ws/install/motor_controller/share/motor_controller/hook/pythonpath.dsv'
[9.161s] INFO:colcon.colcon_core.shell:Creating environment hook '/home/mneuhaus/ros2_ws/install/motor_controller/share/motor_controller/hook/pythonpath.sh'
[9.164s] Level 1:colcon.colcon_core.environment:checking '/home/mneuhaus/ros2_ws/install/motor_controller/bin'
[9.165s] Level 1:colcon.colcon_core.environment:create_environment_scripts_only(motor_controller)
[9.166s] INFO:colcon.colcon_core.shell:Creating package script '/home/mneuhaus/ros2_ws/install/motor_controller/share/motor_controller/package.ps1'
[9.168s] INFO:colcon.colcon_core.shell:Creating package descriptor '/home/mneuhaus/ros2_ws/install/motor_controller/share/motor_controller/package.dsv'
[9.170s] INFO:colcon.colcon_core.shell:Creating package script '/home/mneuhaus/ros2_ws/install/motor_controller/share/motor_controller/package.sh'
[9.173s] INFO:colcon.colcon_core.shell:Creating package script '/home/mneuhaus/ros2_ws/install/motor_controller/share/motor_controller/package.bash'
[9.174s] INFO:colcon.colcon_core.shell:Creating package script '/home/mneuhaus/ros2_ws/install/motor_controller/share/motor_controller/package.zsh'
[9.176s] Level 1:colcon.colcon_core.environment:create_file_with_runtime_dependencies(/home/mneuhaus/ros2_ws/install/motor_controller/share/colcon-core/packages/motor_controller)
[9.178s] INFO:colcon.colcon_ros.task.ament_cmake.build:Building ROS package in '/home/mneuhaus/ros2_ws/src/wall_e_launch' with build type 'ament_cmake'
[9.179s] INFO:colcon.colcon_cmake.task.cmake.build:Building CMake package in '/home/mneuhaus/ros2_ws/src/wall_e_launch'
[9.179s] INFO:colcon.colcon_core.shell:Skip shell extension 'powershell' for command environment: Not usable outside of PowerShell
[9.179s] DEBUG:colcon.colcon_core.shell:Skip shell extension 'dsv' for command environment
[9.229s] DEBUG:colcon.colcon_core.event_handler.log_command:Invoking command in '/home/mneuhaus/ros2_ws/build/wall_e_launch': AMENT_PREFIX_PATH=/home/mneuhaus/ros2_ws/install/motor_controller:/home/mneuhaus/ros2_ws/install/wall_e_web:/home/mneuhaus/ros2_ws/install/wall_e_launch:/opt/ros/jazzy CMAKE_PREFIX_PATH=${CMAKE_PREFIX_PATH}:/home/mneuhaus/ros2_ws/install/wall_e_web:/home/mneuhaus/ros2_ws/install/motor_controller:/opt/ros/jazzy PYTHONPATH=/home/mneuhaus/ros2_ws/install/motor_controller/lib/python3.12/site-packages:/home/mneuhaus/ros2_ws/install/wall_e_web/lib/python3.12/site-packages:/opt/ros/jazzy/lib/python3.12/site-packages /usr/bin/cmake --build /home/mneuhaus/ros2_ws/build/wall_e_launch -- -j4 -l4
[9.424s] DEBUG:colcon.colcon_core.event_handler.log_command:Invoked command in '/home/mneuhaus/ros2_ws/build/wall_e_launch' returned '0': AMENT_PREFIX_PATH=/home/mneuhaus/ros2_ws/install/motor_controller:/home/mneuhaus/ros2_ws/install/wall_e_web:/home/mneuhaus/ros2_ws/install/wall_e_launch:/opt/ros/jazzy CMAKE_PREFIX_PATH=${CMAKE_PREFIX_PATH}:/home/mneuhaus/ros2_ws/install/wall_e_web:/home/mneuhaus/ros2_ws/install/motor_controller:/opt/ros/jazzy PYTHONPATH=/home/mneuhaus/ros2_ws/install/motor_controller/lib/python3.12/site-packages:/home/mneuhaus/ros2_ws/install/wall_e_web/lib/python3.12/site-packages:/opt/ros/jazzy/lib/python3.12/site-packages /usr/bin/cmake --build /home/mneuhaus/ros2_ws/build/wall_e_launch -- -j4 -l4
[9.609s] DEBUG:colcon.colcon_core.event_handler.log_command:Invoking command in '/home/mneuhaus/ros2_ws/build/wall_e_launch': AMENT_PREFIX_PATH=/home/mneuhaus/ros2_ws/install/motor_controller:/home/mneuhaus/ros2_ws/install/wall_e_web:/home/mneuhaus/ros2_ws/install/wall_e_launch:/opt/ros/jazzy CMAKE_PREFIX_PATH=${CMAKE_PREFIX_PATH}:/home/mneuhaus/ros2_ws/install/wall_e_web:/home/mneuhaus/ros2_ws/install/motor_controller:/opt/ros/jazzy PYTHONPATH=/home/mneuhaus/ros2_ws/install/motor_controller/lib/python3.12/site-packages:/home/mneuhaus/ros2_ws/install/wall_e_web/lib/python3.12/site-packages:/opt/ros/jazzy/lib/python3.12/site-packages /usr/bin/cmake --install /home/mneuhaus/ros2_ws/build/wall_e_launch
[9.663s] Level 1:colcon.colcon_core.environment:create_environment_scripts_only(wall_e_launch)
[9.664s] Level 1:colcon.colcon_core.environment:checking '/home/mneuhaus/ros2_ws/install/wall_e_launch' for CMake module files
[9.666s] DEBUG:colcon.colcon_core.event_handler.log_command:Invoked command in '/home/mneuhaus/ros2_ws/build/wall_e_launch' returned '0': AMENT_PREFIX_PATH=/home/mneuhaus/ros2_ws/install/motor_controller:/home/mneuhaus/ros2_ws/install/wall_e_web:/home/mneuhaus/ros2_ws/install/wall_e_launch:/opt/ros/jazzy CMAKE_PREFIX_PATH=${CMAKE_PREFIX_PATH}:/home/mneuhaus/ros2_ws/install/wall_e_web:/home/mneuhaus/ros2_ws/install/motor_controller:/opt/ros/jazzy PYTHONPATH=/home/mneuhaus/ros2_ws/install/motor_controller/lib/python3.12/site-packages:/home/mneuhaus/ros2_ws/install/wall_e_web/lib/python3.12/site-packages:/opt/ros/jazzy/lib/python3.12/site-packages /usr/bin/cmake --install /home/mneuhaus/ros2_ws/build/wall_e_launch
[9.668s] Level 1:colcon.colcon_core.environment:checking '/home/mneuhaus/ros2_ws/install/wall_e_launch' for CMake config files
[9.670s] Level 1:colcon.colcon_core.shell:create_environment_hook('wall_e_launch', 'cmake_prefix_path')
[9.671s] INFO:colcon.colcon_core.shell:Creating environment hook '/home/mneuhaus/ros2_ws/install/wall_e_launch/share/wall_e_launch/hook/cmake_prefix_path.ps1'
[9.673s] INFO:colcon.colcon_core.shell:Creating environment descriptor '/home/mneuhaus/ros2_ws/install/wall_e_launch/share/wall_e_launch/hook/cmake_prefix_path.dsv'
[9.676s] INFO:colcon.colcon_core.shell:Creating environment hook '/home/mneuhaus/ros2_ws/install/wall_e_launch/share/wall_e_launch/hook/cmake_prefix_path.sh'
[9.680s] Level 1:colcon.colcon_core.environment:checking '/home/mneuhaus/ros2_ws/install/wall_e_launch/bin'
[9.681s] Level 1:colcon.colcon_core.environment:checking '/home/mneuhaus/ros2_ws/install/wall_e_launch/lib/pkgconfig/wall_e_launch.pc'
[9.682s] Level 1:colcon.colcon_core.environment:checking '/home/mneuhaus/ros2_ws/install/wall_e_launch/lib/python3.12/site-packages'
[9.683s] Level 1:colcon.colcon_core.environment:checking '/home/mneuhaus/ros2_ws/install/wall_e_launch/bin'
[9.684s] INFO:colcon.colcon_core.shell:Creating package script '/home/mneuhaus/ros2_ws/install/wall_e_launch/share/wall_e_launch/package.ps1'
[9.686s] INFO:colcon.colcon_core.shell:Creating package descriptor '/home/mneuhaus/ros2_ws/install/wall_e_launch/share/wall_e_launch/package.dsv'
[9.689s] INFO:colcon.colcon_core.shell:Creating package script '/home/mneuhaus/ros2_ws/install/wall_e_launch/share/wall_e_launch/package.sh'
[9.691s] INFO:colcon.colcon_core.shell:Creating package script '/home/mneuhaus/ros2_ws/install/wall_e_launch/share/wall_e_launch/package.bash'
[9.693s] INFO:colcon.colcon_core.shell:Creating package script '/home/mneuhaus/ros2_ws/install/wall_e_launch/share/wall_e_launch/package.zsh'
[9.695s] Level 1:colcon.colcon_core.environment:create_file_with_runtime_dependencies(/home/mneuhaus/ros2_ws/install/wall_e_launch/share/colcon-core/packages/wall_e_launch)
[9.828s] Level 1:colcon.colcon_core.environment:create_environment_scripts_only(wall_e_launch)
[9.829s] Level 1:colcon.colcon_core.environment:checking '/home/mneuhaus/ros2_ws/install/wall_e_launch' for CMake module files
[9.833s] Level 1:colcon.colcon_core.environment:checking '/home/mneuhaus/ros2_ws/install/wall_e_launch' for CMake config files
[9.835s] Level 1:colcon.colcon_core.shell:create_environment_hook('wall_e_launch', 'cmake_prefix_path')
[9.835s] INFO:colcon.colcon_core.shell:Creating environment hook '/home/mneuhaus/ros2_ws/install/wall_e_launch/share/wall_e_launch/hook/cmake_prefix_path.ps1'
[9.838s] INFO:colcon.colcon_core.shell:Creating environment descriptor '/home/mneuhaus/ros2_ws/install/wall_e_launch/share/wall_e_launch/hook/cmake_prefix_path.dsv'
[9.840s] INFO:colcon.colcon_core.shell:Creating environment hook '/home/mneuhaus/ros2_ws/install/wall_e_launch/share/wall_e_launch/hook/cmake_prefix_path.sh'
[9.843s] Level 1:colcon.colcon_core.environment:checking '/home/mneuhaus/ros2_ws/install/wall_e_launch/bin'
[9.843s] Level 1:colcon.colcon_core.environment:checking '/home/mneuhaus/ros2_ws/install/wall_e_launch/lib/pkgconfig/wall_e_launch.pc'
[9.844s] Level 1:colcon.colcon_core.environment:checking '/home/mneuhaus/ros2_ws/install/wall_e_launch/lib/python3.12/site-packages'
[9.845s] Level 1:colcon.colcon_core.environment:checking '/home/mneuhaus/ros2_ws/install/wall_e_launch/bin'
[9.846s] INFO:colcon.colcon_core.shell:Creating package script '/home/mneuhaus/ros2_ws/install/wall_e_launch/share/wall_e_launch/package.ps1'
[9.848s] INFO:colcon.colcon_core.shell:Creating package descriptor '/home/mneuhaus/ros2_ws/install/wall_e_launch/share/wall_e_launch/package.dsv'
[9.851s] INFO:colcon.colcon_core.shell:Creating package script '/home/mneuhaus/ros2_ws/install/wall_e_launch/share/wall_e_launch/package.sh'
[9.853s] INFO:colcon.colcon_core.shell:Creating package script '/home/mneuhaus/ros2_ws/install/wall_e_launch/share/wall_e_launch/package.bash'
[9.855s] INFO:colcon.colcon_core.shell:Creating package script '/home/mneuhaus/ros2_ws/install/wall_e_launch/share/wall_e_launch/package.zsh'
[9.858s] Level 1:colcon.colcon_core.environment:create_file_with_runtime_dependencies(/home/mneuhaus/ros2_ws/install/wall_e_launch/share/colcon-core/packages/wall_e_launch)
[9.860s] DEBUG:colcon.colcon_parallel_executor.executor.parallel:closing loop
[9.861s] DEBUG:colcon.colcon_parallel_executor.executor.parallel:loop closed
[9.862s] DEBUG:colcon.colcon_parallel_executor.executor.parallel:run_until_complete finished with '0'
[9.862s] DEBUG:colcon.colcon_core.event_reactor:joining thread
[9.886s] INFO:colcon.colcon_core.plugin_system:Skipping extension 'colcon_notification.desktop_notification.notify_send': Could not find 'notify-send'
[9.887s] INFO:colcon.colcon_core.plugin_system:Skipping extension 'colcon_notification.desktop_notification.terminal_notifier': Not used on non-Darwin systems
[9.887s] INFO:colcon.colcon_core.plugin_system:Skipping extension 'colcon_notification.desktop_notification.win32': Not used on non-Windows systems
[9.887s] INFO:colcon.colcon_notification.desktop_notification:Sending desktop notification using 'notify2'
[9.891s] DEBUG:colcon.colcon_notification.desktop_notification.notify2:Failed to initialize notify2: org.freedesktop.DBus.Error.ServiceUnknown: The name org.freedesktop.Notifications was not provided by any .service files
[9.891s] DEBUG:colcon.colcon_core.event_reactor:joined thread
[9.892s] INFO:colcon.colcon_core.shell:Creating prefix script '/home/mneuhaus/ros2_ws/install/local_setup.ps1'
[9.896s] INFO:colcon.colcon_core.shell:Creating prefix util module '/home/mneuhaus/ros2_ws/install/_local_setup_util_ps1.py'
[9.901s] INFO:colcon.colcon_core.shell:Creating prefix chain script '/home/mneuhaus/ros2_ws/install/setup.ps1'
[9.906s] INFO:colcon.colcon_core.shell:Creating prefix script '/home/mneuhaus/ros2_ws/install/local_setup.sh'
[9.909s] INFO:colcon.colcon_core.shell:Creating prefix util module '/home/mneuhaus/ros2_ws/install/_local_setup_util_sh.py'
[9.913s] INFO:colcon.colcon_core.shell:Creating prefix chain script '/home/mneuhaus/ros2_ws/install/setup.sh'
[9.918s] INFO:colcon.colcon_core.shell:Creating prefix script '/home/mneuhaus/ros2_ws/install/local_setup.bash'
[9.921s] INFO:colcon.colcon_core.shell:Creating prefix chain script '/home/mneuhaus/ros2_ws/install/setup.bash'
[9.925s] INFO:colcon.colcon_core.shell:Creating prefix script '/home/mneuhaus/ros2_ws/install/local_setup.zsh'
[9.928s] INFO:colcon.colcon_core.shell:Creating prefix chain script '/home/mneuhaus/ros2_ws/install/setup.zsh'
