[2.930s] Invoking command in '/home/mneuhaus/ros2_ws/src/motor_controller': PYTHONPATH=/home/mneuhaus/ros2_ws/build/motor_controller/prefix_override:/usr/lib/python3/dist-packages/colcon_core/task/python/colcon_distutils_commands:/home/mneuhaus/ros2_ws/install/motor_controller/lib/python3.12/site-packages:${PYTHONPATH} /usr/bin/python3 -W ignore:setup.py install is deprecated setup.py egg_info --egg-base ../../build/motor_controller build --build-base /home/mneuhaus/ros2_ws/build/motor_controller/build install --record /home/mneuhaus/ros2_ws/build/motor_controller/install.log --single-version-externally-managed install_data
[3.853s] running egg_info
[3.903s] writing ../../build/motor_controller/motor_controller.egg-info/PKG-INFO
[3.904s] writing dependency_links to ../../build/motor_controller/motor_controller.egg-info/dependency_links.txt
[3.905s] writing entry points to ../../build/motor_controller/motor_controller.egg-info/entry_points.txt
[3.906s] writing requirements to ../../build/motor_controller/motor_controller.egg-info/requires.txt
[3.907s] writing top-level names to ../../build/motor_controller/motor_controller.egg-info/top_level.txt
[4.014s] reading manifest file '../../build/motor_controller/motor_controller.egg-info/SOURCES.txt'
[4.018s] writing manifest file '../../build/motor_controller/motor_controller.egg-info/SOURCES.txt'
[4.019s] running build
[4.019s] running build_py
[4.021s] running install
[4.048s] running install_lib
[4.102s] running install_data
[4.103s] running install_egg_info
[4.160s] removing '/home/mneuhaus/ros2_ws/install/motor_controller/lib/python3.12/site-packages/motor_controller-0.0.0-py3.12.egg-info' (and everything under it)
[4.162s] Copying ../../build/motor_controller/motor_controller.egg-info to /home/mneuhaus/ros2_ws/install/motor_controller/lib/python3.12/site-packages/motor_controller-0.0.0-py3.12.egg-info
[4.168s] running install_scripts
[4.602s] Installing motor_controller_node script to /home/mneuhaus/ros2_ws/install/motor_controller/lib/motor_controller
[4.603s] writing list of installed files to '/home/mneuhaus/ros2_ws/build/motor_controller/install.log'
[4.752s] Invoked command in '/home/mneuhaus/ros2_ws/src/motor_controller' returned '0': PYTHONPATH=/home/mneuhaus/ros2_ws/build/motor_controller/prefix_override:/usr/lib/python3/dist-packages/colcon_core/task/python/colcon_distutils_commands:/home/mneuhaus/ros2_ws/install/motor_controller/lib/python3.12/site-packages:${PYTHONPATH} /usr/bin/python3 -W ignore:setup.py install is deprecated setup.py egg_info --egg-base ../../build/motor_controller build --build-base /home/mneuhaus/ros2_ws/build/motor_controller/build install --record /home/mneuhaus/ros2_ws/build/motor_controller/install.log --single-version-externally-managed install_data
