[0.499s] DEBUG:colcon:Command line arguments: ['/usr/bin/colcon', 'build']
[0.500s] DEBUG:colcon:Parsed command line arguments: Namespace(log_base=None, log_level=None, verb_name='build', build_base='build', install_base='install', merge_install=False, symlink_install=False, test_result_base=None, continue_on_error=False, executor='parallel', parallel_workers=4, event_handlers=None, ignore_user_meta=False, metas=['./colcon.meta'], base_paths=['.'], packages_ignore=None, packages_ignore_regex=None, paths=None, packages_up_to=None, packages_up_to_regex=None, packages_above=None, packages_above_and_dependencies=None, packages_above_depth=None, packages_select_by_dep=None, packages_skip_by_dep=None, packages_skip_up_to=None, packages_select_build_failed=False, packages_skip_build_finished=False, packages_select_test_failures=False, packages_skip_test_passed=False, packages_select=None, packages_skip=None, packages_select_regex=None, packages_skip_regex=None, packages_start=None, packages_end=None, allow_overriding=[], cmake_args=None, cmake_target=None, cmake_target_skip_unavailable=False, cmake_clean_cache=False, cmake_clean_first=False, cmake_force_configure=False, ament_cmake_args=None, catkin_cmake_args=None, catkin_skip_building_tests=False, mixin_files=None, mixin=None, verb_parser=<colcon_mixin.mixin.mixin_argument.MixinArgumentDecorator object at 0xffff98c0e930>, verb_extension=<colcon_core.verb.build.BuildVerb object at 0xffff98df9790>, main=<bound method BuildVerb.main of <colcon_core.verb.build.BuildVerb object at 0xffff98df9790>>, mixin_verb=('build',))
[0.695s] Level 1:colcon.colcon_core.package_discovery:discover_packages(colcon_meta) check parameters
[0.696s] Level 1:colcon.colcon_core.package_discovery:discover_packages(recursive) check parameters
[0.696s] Level 1:colcon.colcon_core.package_discovery:discover_packages(ignore) check parameters
[0.696s] Level 1:colcon.colcon_core.package_discovery:discover_packages(path) check parameters
[0.696s] Level 1:colcon.colcon_core.package_discovery:discover_packages(colcon_meta) discover
[0.696s] Level 1:colcon.colcon_core.package_discovery:discover_packages(recursive) discover
[0.696s] INFO:colcon.colcon_core.package_discovery:Crawling recursively for packages in '/home/mneuhaus/ros2_ws'
[0.697s] Level 1:colcon.colcon_core.package_identification:_identify(.) by extensions ['ignore', 'ignore_ament_install']
[0.697s] Level 1:colcon.colcon_core.package_identification:_identify(.) by extension 'ignore'
[0.698s] Level 1:colcon.colcon_core.package_identification:_identify(.) by extension 'ignore_ament_install'
[0.698s] Level 1:colcon.colcon_core.package_identification:_identify(.) by extensions ['colcon_pkg']
[0.698s] Level 1:colcon.colcon_core.package_identification:_identify(.) by extension 'colcon_pkg'
[0.698s] Level 1:colcon.colcon_core.package_identification:_identify(.) by extensions ['colcon_meta']
[0.698s] Level 1:colcon.colcon_core.package_identification:_identify(.) by extension 'colcon_meta'
[0.699s] Level 1:colcon.colcon_core.package_identification:_identify(.) by extensions ['ros']
[0.699s] Level 1:colcon.colcon_core.package_identification:_identify(.) by extension 'ros'
[0.820s] Level 1:colcon.colcon_core.package_identification:_identify(.) by extensions ['cmake', 'python']
[0.820s] Level 1:colcon.colcon_core.package_identification:_identify(.) by extension 'cmake'
[0.821s] Level 1:colcon.colcon_core.package_identification:_identify(.) by extension 'python'
[0.821s] Level 1:colcon.colcon_core.package_identification:_identify(.) by extensions ['python_setup_py']
[0.821s] Level 1:colcon.colcon_core.package_identification:_identify(.) by extension 'python_setup_py'
[0.822s] Level 1:colcon.colcon_core.package_identification:_identify(build) by extensions ['ignore', 'ignore_ament_install']
[0.822s] Level 1:colcon.colcon_core.package_identification:_identify(build) by extension 'ignore'
[0.822s] Level 1:colcon.colcon_core.package_identification:_identify(build) ignored
[0.823s] Level 1:colcon.colcon_core.package_identification:_identify(install) by extensions ['ignore', 'ignore_ament_install']
[0.823s] Level 1:colcon.colcon_core.package_identification:_identify(install) by extension 'ignore'
[0.824s] Level 1:colcon.colcon_core.package_identification:_identify(install) ignored
[0.824s] Level 1:colcon.colcon_core.package_identification:_identify(log) by extensions ['ignore', 'ignore_ament_install']
[0.825s] Level 1:colcon.colcon_core.package_identification:_identify(log) by extension 'ignore'
[0.825s] Level 1:colcon.colcon_core.package_identification:_identify(log) ignored
[0.826s] Level 1:colcon.colcon_core.package_identification:_identify(src) by extensions ['ignore', 'ignore_ament_install']
[0.826s] Level 1:colcon.colcon_core.package_identification:_identify(src) by extension 'ignore'
[0.827s] Level 1:colcon.colcon_core.package_identification:_identify(src) by extension 'ignore_ament_install'
[0.827s] Level 1:colcon.colcon_core.package_identification:_identify(src) by extensions ['colcon_pkg']
[0.827s] Level 1:colcon.colcon_core.package_identification:_identify(src) by extension 'colcon_pkg'
[0.828s] Level 1:colcon.colcon_core.package_identification:_identify(src) by extensions ['colcon_meta']
[0.828s] Level 1:colcon.colcon_core.package_identification:_identify(src) by extension 'colcon_meta'
[0.828s] Level 1:colcon.colcon_core.package_identification:_identify(src) by extensions ['ros']
[0.828s] Level 1:colcon.colcon_core.package_identification:_identify(src) by extension 'ros'
[0.829s] Level 1:colcon.colcon_core.package_identification:_identify(src) by extensions ['cmake', 'python']
[0.829s] Level 1:colcon.colcon_core.package_identification:_identify(src) by extension 'cmake'
[0.829s] Level 1:colcon.colcon_core.package_identification:_identify(src) by extension 'python'
[0.829s] Level 1:colcon.colcon_core.package_identification:_identify(src) by extensions ['python_setup_py']
[0.829s] Level 1:colcon.colcon_core.package_identification:_identify(src) by extension 'python_setup_py'
[0.830s] Level 1:colcon.colcon_core.package_identification:_identify(src/motor_controller) by extensions ['ignore', 'ignore_ament_install']
[0.830s] Level 1:colcon.colcon_core.package_identification:_identify(src/motor_controller) by extension 'ignore'
[0.831s] Level 1:colcon.colcon_core.package_identification:_identify(src/motor_controller) by extension 'ignore_ament_install'
[0.831s] Level 1:colcon.colcon_core.package_identification:_identify(src/motor_controller) by extensions ['colcon_pkg']
[0.831s] Level 1:colcon.colcon_core.package_identification:_identify(src/motor_controller) by extension 'colcon_pkg'
[0.831s] Level 1:colcon.colcon_core.package_identification:_identify(src/motor_controller) by extensions ['colcon_meta']
[0.831s] Level 1:colcon.colcon_core.package_identification:_identify(src/motor_controller) by extension 'colcon_meta'
[0.832s] Level 1:colcon.colcon_core.package_identification:_identify(src/motor_controller) by extensions ['ros']
[0.832s] Level 1:colcon.colcon_core.package_identification:_identify(src/motor_controller) by extension 'ros'
[0.842s] DEBUG:colcon.colcon_core.package_identification:Package 'src/motor_controller' with type 'ros.ament_python' and name 'motor_controller'
[0.843s] Level 1:colcon.colcon_core.package_identification:_identify(src/teleop_twist_joy) by extensions ['ignore', 'ignore_ament_install']
[0.843s] Level 1:colcon.colcon_core.package_identification:_identify(src/teleop_twist_joy) by extension 'ignore'
[0.843s] Level 1:colcon.colcon_core.package_identification:_identify(src/teleop_twist_joy) by extension 'ignore_ament_install'
[0.844s] Level 1:colcon.colcon_core.package_identification:_identify(src/teleop_twist_joy) by extensions ['colcon_pkg']
[0.844s] Level 1:colcon.colcon_core.package_identification:_identify(src/teleop_twist_joy) by extension 'colcon_pkg'
[0.844s] Level 1:colcon.colcon_core.package_identification:_identify(src/teleop_twist_joy) by extensions ['colcon_meta']
[0.844s] Level 1:colcon.colcon_core.package_identification:_identify(src/teleop_twist_joy) by extension 'colcon_meta'
[0.844s] Level 1:colcon.colcon_core.package_identification:_identify(src/teleop_twist_joy) by extensions ['ros']
[0.845s] Level 1:colcon.colcon_core.package_identification:_identify(src/teleop_twist_joy) by extension 'ros'
[0.845s] Level 1:colcon.colcon_core.package_identification:_identify(src/teleop_twist_joy) by extensions ['cmake', 'python']
[0.845s] Level 1:colcon.colcon_core.package_identification:_identify(src/teleop_twist_joy) by extension 'cmake'
[0.845s] Level 1:colcon.colcon_core.package_identification:_identify(src/teleop_twist_joy) by extension 'python'
[0.846s] Level 1:colcon.colcon_core.package_identification:_identify(src/teleop_twist_joy) by extensions ['python_setup_py']
[0.846s] Level 1:colcon.colcon_core.package_identification:_identify(src/teleop_twist_joy) by extension 'python_setup_py'
[0.846s] Level 1:colcon.colcon_core.package_identification:_identify(src/teleop_twist_joy/config) by extensions ['ignore', 'ignore_ament_install']
[0.847s] Level 1:colcon.colcon_core.package_identification:_identify(src/teleop_twist_joy/config) by extension 'ignore'
[0.847s] Level 1:colcon.colcon_core.package_identification:_identify(src/teleop_twist_joy/config) by extension 'ignore_ament_install'
[0.847s] Level 1:colcon.colcon_core.package_identification:_identify(src/teleop_twist_joy/config) by extensions ['colcon_pkg']
[0.847s] Level 1:colcon.colcon_core.package_identification:_identify(src/teleop_twist_joy/config) by extension 'colcon_pkg'
[0.848s] Level 1:colcon.colcon_core.package_identification:_identify(src/teleop_twist_joy/config) by extensions ['colcon_meta']
[0.848s] Level 1:colcon.colcon_core.package_identification:_identify(src/teleop_twist_joy/config) by extension 'colcon_meta'
[0.848s] Level 1:colcon.colcon_core.package_identification:_identify(src/teleop_twist_joy/config) by extensions ['ros']
[0.848s] Level 1:colcon.colcon_core.package_identification:_identify(src/teleop_twist_joy/config) by extension 'ros'
[0.849s] Level 1:colcon.colcon_core.package_identification:_identify(src/teleop_twist_joy/config) by extensions ['cmake', 'python']
[0.849s] Level 1:colcon.colcon_core.package_identification:_identify(src/teleop_twist_joy/config) by extension 'cmake'
[0.849s] Level 1:colcon.colcon_core.package_identification:_identify(src/teleop_twist_joy/config) by extension 'python'
[0.849s] Level 1:colcon.colcon_core.package_identification:_identify(src/teleop_twist_joy/config) by extensions ['python_setup_py']
[0.850s] Level 1:colcon.colcon_core.package_identification:_identify(src/teleop_twist_joy/config) by extension 'python_setup_py'
[0.850s] Level 1:colcon.colcon_core.package_identification:_identify(src/wall_e_launch) by extensions ['ignore', 'ignore_ament_install']
[0.851s] Level 1:colcon.colcon_core.package_identification:_identify(src/wall_e_launch) by extension 'ignore'
[0.851s] Level 1:colcon.colcon_core.package_identification:_identify(src/wall_e_launch) by extension 'ignore_ament_install'
[0.851s] Level 1:colcon.colcon_core.package_identification:_identify(src/wall_e_launch) by extensions ['colcon_pkg']
[0.851s] Level 1:colcon.colcon_core.package_identification:_identify(src/wall_e_launch) by extension 'colcon_pkg'
[0.851s] Level 1:colcon.colcon_core.package_identification:_identify(src/wall_e_launch) by extensions ['colcon_meta']
[0.852s] Level 1:colcon.colcon_core.package_identification:_identify(src/wall_e_launch) by extension 'colcon_meta'
[0.852s] Level 1:colcon.colcon_core.package_identification:_identify(src/wall_e_launch) by extensions ['ros']
[0.852s] Level 1:colcon.colcon_core.package_identification:_identify(src/wall_e_launch) by extension 'ros'
[0.854s] DEBUG:colcon.colcon_core.package_identification:Package 'src/wall_e_launch' with type 'ros.ament_cmake' and name 'wall_e_launch'
[0.855s] Level 1:colcon.colcon_core.package_discovery:discover_packages(recursive) using defaults
[0.855s] Level 1:colcon.colcon_core.package_discovery:discover_packages(ignore) discover
[0.855s] Level 1:colcon.colcon_core.package_discovery:discover_packages(ignore) using defaults
[0.855s] Level 1:colcon.colcon_core.package_discovery:discover_packages(path) discover
[0.855s] Level 1:colcon.colcon_core.package_discovery:discover_packages(path) using defaults
[0.935s] Level 1:colcon.colcon_core.package_discovery:discover_packages(prefix_path) check parameters
[0.935s] Level 1:colcon.colcon_core.package_discovery:discover_packages(prefix_path) discover
[0.944s] DEBUG:colcon.colcon_installed_package_information.package_discovery:Found 2 installed packages in /home/mneuhaus/ros2_ws/install
[0.953s] DEBUG:colcon.colcon_installed_package_information.package_discovery:Found 195 installed packages in /opt/ros/jazzy
[0.956s] Level 1:colcon.colcon_core.package_discovery:discover_packages(prefix_path) using defaults
[1.108s] Level 5:colcon.colcon_core.verb:set package 'motor_controller' build argument 'cmake_args' from command line to 'None'
[1.108s] Level 5:colcon.colcon_core.verb:set package 'motor_controller' build argument 'cmake_target' from command line to 'None'
[1.108s] Level 5:colcon.colcon_core.verb:set package 'motor_controller' build argument 'cmake_target_skip_unavailable' from command line to 'False'
[1.108s] Level 5:colcon.colcon_core.verb:set package 'motor_controller' build argument 'cmake_clean_cache' from command line to 'False'
[1.108s] Level 5:colcon.colcon_core.verb:set package 'motor_controller' build argument 'cmake_clean_first' from command line to 'False'
[1.109s] Level 5:colcon.colcon_core.verb:set package 'motor_controller' build argument 'cmake_force_configure' from command line to 'False'
[1.109s] Level 5:colcon.colcon_core.verb:set package 'motor_controller' build argument 'ament_cmake_args' from command line to 'None'
[1.109s] Level 5:colcon.colcon_core.verb:set package 'motor_controller' build argument 'catkin_cmake_args' from command line to 'None'
[1.109s] Level 5:colcon.colcon_core.verb:set package 'motor_controller' build argument 'catkin_skip_building_tests' from command line to 'False'
[1.109s] DEBUG:colcon.colcon_core.verb:Building package 'motor_controller' with the following arguments: {'ament_cmake_args': None, 'build_base': '/home/mneuhaus/ros2_ws/build/motor_controller', 'catkin_cmake_args': None, 'catkin_skip_building_tests': False, 'cmake_args': None, 'cmake_clean_cache': False, 'cmake_clean_first': False, 'cmake_force_configure': False, 'cmake_target': None, 'cmake_target_skip_unavailable': False, 'install_base': '/home/mneuhaus/ros2_ws/install/motor_controller', 'merge_install': False, 'path': '/home/mneuhaus/ros2_ws/src/motor_controller', 'symlink_install': False, 'test_result_base': None}
[1.111s] Level 5:colcon.colcon_core.verb:set package 'wall_e_launch' build argument 'cmake_args' from command line to 'None'
[1.111s] Level 5:colcon.colcon_core.verb:set package 'wall_e_launch' build argument 'cmake_target' from command line to 'None'
[1.111s] Level 5:colcon.colcon_core.verb:set package 'wall_e_launch' build argument 'cmake_target_skip_unavailable' from command line to 'False'
[1.111s] Level 5:colcon.colcon_core.verb:set package 'wall_e_launch' build argument 'cmake_clean_cache' from command line to 'False'
[1.111s] Level 5:colcon.colcon_core.verb:set package 'wall_e_launch' build argument 'cmake_clean_first' from command line to 'False'
[1.111s] Level 5:colcon.colcon_core.verb:set package 'wall_e_launch' build argument 'cmake_force_configure' from command line to 'False'
[1.111s] Level 5:colcon.colcon_core.verb:set package 'wall_e_launch' build argument 'ament_cmake_args' from command line to 'None'
[1.112s] Level 5:colcon.colcon_core.verb:set package 'wall_e_launch' build argument 'catkin_cmake_args' from command line to 'None'
[1.112s] Level 5:colcon.colcon_core.verb:set package 'wall_e_launch' build argument 'catkin_skip_building_tests' from command line to 'False'
[1.112s] DEBUG:colcon.colcon_core.verb:Building package 'wall_e_launch' with the following arguments: {'ament_cmake_args': None, 'build_base': '/home/mneuhaus/ros2_ws/build/wall_e_launch', 'catkin_cmake_args': None, 'catkin_skip_building_tests': False, 'cmake_args': None, 'cmake_clean_cache': False, 'cmake_clean_first': False, 'cmake_force_configure': False, 'cmake_target': None, 'cmake_target_skip_unavailable': False, 'install_base': '/home/mneuhaus/ros2_ws/install/wall_e_launch', 'merge_install': False, 'path': '/home/mneuhaus/ros2_ws/src/wall_e_launch', 'symlink_install': False, 'test_result_base': None}
[1.112s] INFO:colcon.colcon_core.executor:Executing jobs using 'parallel' executor
[1.115s] DEBUG:colcon.colcon_parallel_executor.executor.parallel:run_until_complete
[1.116s] INFO:colcon.colcon_ros.task.ament_python.build:Building ROS package in '/home/mneuhaus/ros2_ws/src/motor_controller' with build type 'ament_python'
[1.117s] Level 1:colcon.colcon_core.shell:create_environment_hook('motor_controller', 'ament_prefix_path')
[1.127s] INFO:colcon.colcon_core.plugin_system:Skipping extension 'colcon_core.shell.bat': Not used on non-Windows systems
[1.128s] INFO:colcon.colcon_core.shell:Creating environment hook '/home/mneuhaus/ros2_ws/install/motor_controller/share/motor_controller/hook/ament_prefix_path.ps1'
[1.131s] INFO:colcon.colcon_core.shell:Creating environment descriptor '/home/mneuhaus/ros2_ws/install/motor_controller/share/motor_controller/hook/ament_prefix_path.dsv'
[1.134s] INFO:colcon.colcon_core.shell:Creating environment hook '/home/mneuhaus/ros2_ws/install/motor_controller/share/motor_controller/hook/ament_prefix_path.sh'
[1.137s] INFO:colcon.colcon_core.shell:Skip shell extension 'powershell' for command environment: Not usable outside of PowerShell
[1.138s] DEBUG:colcon.colcon_core.shell:Skip shell extension 'dsv' for command environment
[2.138s] INFO:colcon.colcon_core.task.python.build:Building Python package in '/home/mneuhaus/ros2_ws/src/motor_controller'
[2.139s] INFO:colcon.colcon_core.shell:Skip shell extension 'powershell' for command environment: Not usable outside of PowerShell
[2.139s] DEBUG:colcon.colcon_core.shell:Skip shell extension 'dsv' for command environment
[4.759s] DEBUG:colcon.colcon_core.event_handler.log_command:Invoking command in '/home/mneuhaus/ros2_ws/src/motor_controller': PYTHONPATH=/home/mneuhaus/ros2_ws/build/motor_controller/prefix_override:/usr/lib/python3/dist-packages/colcon_core/task/python/colcon_distutils_commands:/home/mneuhaus/ros2_ws/install/motor_controller/lib/python3.12/site-packages:${PYTHONPATH} /usr/bin/python3 -W ignore:setup.py install is deprecated setup.py egg_info --egg-base ../../build/motor_controller build --build-base /home/mneuhaus/ros2_ws/build/motor_controller/build install --record /home/mneuhaus/ros2_ws/build/motor_controller/install.log --single-version-externally-managed install_data
[7.168s] DEBUG:colcon.colcon_core.event_handler.log_command:Invoked command in '/home/mneuhaus/ros2_ws/src/motor_controller' returned '0': PYTHONPATH=/home/mneuhaus/ros2_ws/build/motor_controller/prefix_override:/usr/lib/python3/dist-packages/colcon_core/task/python/colcon_distutils_commands:/home/mneuhaus/ros2_ws/install/motor_controller/lib/python3.12/site-packages:${PYTHONPATH} /usr/bin/python3 -W ignore:setup.py install is deprecated setup.py egg_info --egg-base ../../build/motor_controller build --build-base /home/mneuhaus/ros2_ws/build/motor_controller/build install --record /home/mneuhaus/ros2_ws/build/motor_controller/install.log --single-version-externally-managed install_data
[7.180s] Level 1:colcon.colcon_core.environment:checking '/home/mneuhaus/ros2_ws/install/motor_controller' for CMake module files
[7.183s] Level 1:colcon.colcon_core.environment:checking '/home/mneuhaus/ros2_ws/install/motor_controller' for CMake config files
[7.187s] Level 1:colcon.colcon_core.environment:checking '/home/mneuhaus/ros2_ws/install/motor_controller/lib'
[7.188s] Level 1:colcon.colcon_core.environment:checking '/home/mneuhaus/ros2_ws/install/motor_controller/bin'
[7.188s] Level 1:colcon.colcon_core.environment:checking '/home/mneuhaus/ros2_ws/install/motor_controller/lib/pkgconfig/motor_controller.pc'
[7.189s] Level 1:colcon.colcon_core.environment:checking '/home/mneuhaus/ros2_ws/install/motor_controller/lib/python3.12/site-packages'
[7.190s] Level 1:colcon.colcon_core.shell:create_environment_hook('motor_controller', 'pythonpath')
[7.191s] INFO:colcon.colcon_core.shell:Creating environment hook '/home/mneuhaus/ros2_ws/install/motor_controller/share/motor_controller/hook/pythonpath.ps1'
[7.193s] INFO:colcon.colcon_core.shell:Creating environment descriptor '/home/mneuhaus/ros2_ws/install/motor_controller/share/motor_controller/hook/pythonpath.dsv'
[7.196s] INFO:colcon.colcon_core.shell:Creating environment hook '/home/mneuhaus/ros2_ws/install/motor_controller/share/motor_controller/hook/pythonpath.sh'
[7.199s] Level 1:colcon.colcon_core.environment:checking '/home/mneuhaus/ros2_ws/install/motor_controller/bin'
[7.199s] Level 1:colcon.colcon_core.environment:create_environment_scripts_only(motor_controller)
[7.200s] INFO:colcon.colcon_core.shell:Creating package script '/home/mneuhaus/ros2_ws/install/motor_controller/share/motor_controller/package.ps1'
[7.204s] INFO:colcon.colcon_core.shell:Creating package descriptor '/home/mneuhaus/ros2_ws/install/motor_controller/share/motor_controller/package.dsv'
[7.207s] INFO:colcon.colcon_core.shell:Creating package script '/home/mneuhaus/ros2_ws/install/motor_controller/share/motor_controller/package.sh'
[7.210s] INFO:colcon.colcon_core.shell:Creating package script '/home/mneuhaus/ros2_ws/install/motor_controller/share/motor_controller/package.bash'
[7.214s] INFO:colcon.colcon_core.shell:Creating package script '/home/mneuhaus/ros2_ws/install/motor_controller/share/motor_controller/package.zsh'
[7.217s] Level 1:colcon.colcon_core.environment:create_file_with_runtime_dependencies(/home/mneuhaus/ros2_ws/install/motor_controller/share/colcon-core/packages/motor_controller)
[7.220s] INFO:colcon.colcon_ros.task.ament_cmake.build:Building ROS package in '/home/mneuhaus/ros2_ws/src/wall_e_launch' with build type 'ament_cmake'
[7.220s] INFO:colcon.colcon_cmake.task.cmake.build:Building CMake package in '/home/mneuhaus/ros2_ws/src/wall_e_launch'
[7.222s] INFO:colcon.colcon_core.shell:Skip shell extension 'powershell' for command environment: Not usable outside of PowerShell
[7.222s] DEBUG:colcon.colcon_core.shell:Skip shell extension 'dsv' for command environment
[7.268s] DEBUG:colcon.colcon_core.event_handler.log_command:Invoking command in '/home/mneuhaus/ros2_ws/build/wall_e_launch': AMENT_PREFIX_PATH=/home/mneuhaus/ros2_ws/install/motor_controller:/home/mneuhaus/ros2_ws/install/wall_e_launch:/opt/ros/jazzy CMAKE_PREFIX_PATH=${CMAKE_PREFIX_PATH}:/home/mneuhaus/ros2_ws/install/motor_controller:/opt/ros/jazzy /usr/bin/cmake --build /home/mneuhaus/ros2_ws/build/wall_e_launch -- -j4 -l4
[7.461s] DEBUG:colcon.colcon_core.event_handler.log_command:Invoked command in '/home/mneuhaus/ros2_ws/build/wall_e_launch' returned '0': AMENT_PREFIX_PATH=/home/mneuhaus/ros2_ws/install/motor_controller:/home/mneuhaus/ros2_ws/install/wall_e_launch:/opt/ros/jazzy CMAKE_PREFIX_PATH=${CMAKE_PREFIX_PATH}:/home/mneuhaus/ros2_ws/install/motor_controller:/opt/ros/jazzy /usr/bin/cmake --build /home/mneuhaus/ros2_ws/build/wall_e_launch -- -j4 -l4
[7.630s] DEBUG:colcon.colcon_core.event_handler.log_command:Invoking command in '/home/mneuhaus/ros2_ws/build/wall_e_launch': AMENT_PREFIX_PATH=/home/mneuhaus/ros2_ws/install/motor_controller:/home/mneuhaus/ros2_ws/install/wall_e_launch:/opt/ros/jazzy CMAKE_PREFIX_PATH=${CMAKE_PREFIX_PATH}:/home/mneuhaus/ros2_ws/install/motor_controller:/opt/ros/jazzy /usr/bin/cmake --install /home/mneuhaus/ros2_ws/build/wall_e_launch
[7.684s] Level 1:colcon.colcon_core.environment:create_environment_scripts_only(wall_e_launch)
[7.685s] Level 1:colcon.colcon_core.environment:checking '/home/mneuhaus/ros2_ws/install/wall_e_launch' for CMake module files
[7.687s] DEBUG:colcon.colcon_core.event_handler.log_command:Invoked command in '/home/mneuhaus/ros2_ws/build/wall_e_launch' returned '0': AMENT_PREFIX_PATH=/home/mneuhaus/ros2_ws/install/motor_controller:/home/mneuhaus/ros2_ws/install/wall_e_launch:/opt/ros/jazzy CMAKE_PREFIX_PATH=${CMAKE_PREFIX_PATH}:/home/mneuhaus/ros2_ws/install/motor_controller:/opt/ros/jazzy /usr/bin/cmake --install /home/mneuhaus/ros2_ws/build/wall_e_launch
[7.690s] Level 1:colcon.colcon_core.environment:checking '/home/mneuhaus/ros2_ws/install/wall_e_launch' for CMake config files
[7.692s] Level 1:colcon.colcon_core.shell:create_environment_hook('wall_e_launch', 'cmake_prefix_path')
[7.693s] INFO:colcon.colcon_core.shell:Creating environment hook '/home/mneuhaus/ros2_ws/install/wall_e_launch/share/wall_e_launch/hook/cmake_prefix_path.ps1'
[7.695s] INFO:colcon.colcon_core.shell:Creating environment descriptor '/home/mneuhaus/ros2_ws/install/wall_e_launch/share/wall_e_launch/hook/cmake_prefix_path.dsv'
[7.698s] INFO:colcon.colcon_core.shell:Creating environment hook '/home/mneuhaus/ros2_ws/install/wall_e_launch/share/wall_e_launch/hook/cmake_prefix_path.sh'
[7.701s] Level 1:colcon.colcon_core.environment:checking '/home/mneuhaus/ros2_ws/install/wall_e_launch/bin'
[7.701s] Level 1:colcon.colcon_core.environment:checking '/home/mneuhaus/ros2_ws/install/wall_e_launch/lib/pkgconfig/wall_e_launch.pc'
[7.703s] Level 1:colcon.colcon_core.environment:checking '/home/mneuhaus/ros2_ws/install/wall_e_launch/lib/python3.12/site-packages'
[7.703s] Level 1:colcon.colcon_core.environment:checking '/home/mneuhaus/ros2_ws/install/wall_e_launch/bin'
[7.704s] INFO:colcon.colcon_core.shell:Creating package script '/home/mneuhaus/ros2_ws/install/wall_e_launch/share/wall_e_launch/package.ps1'
[7.707s] INFO:colcon.colcon_core.shell:Creating package descriptor '/home/mneuhaus/ros2_ws/install/wall_e_launch/share/wall_e_launch/package.dsv'
[7.709s] INFO:colcon.colcon_core.shell:Creating package script '/home/mneuhaus/ros2_ws/install/wall_e_launch/share/wall_e_launch/package.sh'
[7.711s] INFO:colcon.colcon_core.shell:Creating package script '/home/mneuhaus/ros2_ws/install/wall_e_launch/share/wall_e_launch/package.bash'
[7.714s] INFO:colcon.colcon_core.shell:Creating package script '/home/mneuhaus/ros2_ws/install/wall_e_launch/share/wall_e_launch/package.zsh'
[7.716s] Level 1:colcon.colcon_core.environment:create_file_with_runtime_dependencies(/home/mneuhaus/ros2_ws/install/wall_e_launch/share/colcon-core/packages/wall_e_launch)
[7.846s] Level 1:colcon.colcon_core.environment:create_environment_scripts_only(wall_e_launch)
[7.847s] Level 1:colcon.colcon_core.environment:checking '/home/mneuhaus/ros2_ws/install/wall_e_launch' for CMake module files
[7.851s] Level 1:colcon.colcon_core.environment:checking '/home/mneuhaus/ros2_ws/install/wall_e_launch' for CMake config files
[7.854s] Level 1:colcon.colcon_core.shell:create_environment_hook('wall_e_launch', 'cmake_prefix_path')
[7.855s] INFO:colcon.colcon_core.shell:Creating environment hook '/home/mneuhaus/ros2_ws/install/wall_e_launch/share/wall_e_launch/hook/cmake_prefix_path.ps1'
[7.858s] INFO:colcon.colcon_core.shell:Creating environment descriptor '/home/mneuhaus/ros2_ws/install/wall_e_launch/share/wall_e_launch/hook/cmake_prefix_path.dsv'
[7.860s] INFO:colcon.colcon_core.shell:Creating environment hook '/home/mneuhaus/ros2_ws/install/wall_e_launch/share/wall_e_launch/hook/cmake_prefix_path.sh'
[7.863s] Level 1:colcon.colcon_core.environment:checking '/home/mneuhaus/ros2_ws/install/wall_e_launch/bin'
[7.863s] Level 1:colcon.colcon_core.environment:checking '/home/mneuhaus/ros2_ws/install/wall_e_launch/lib/pkgconfig/wall_e_launch.pc'
[7.864s] Level 1:colcon.colcon_core.environment:checking '/home/mneuhaus/ros2_ws/install/wall_e_launch/lib/python3.12/site-packages'
[7.865s] Level 1:colcon.colcon_core.environment:checking '/home/mneuhaus/ros2_ws/install/wall_e_launch/bin'
[7.866s] INFO:colcon.colcon_core.shell:Creating package script '/home/mneuhaus/ros2_ws/install/wall_e_launch/share/wall_e_launch/package.ps1'
[7.869s] INFO:colcon.colcon_core.shell:Creating package descriptor '/home/mneuhaus/ros2_ws/install/wall_e_launch/share/wall_e_launch/package.dsv'
[7.872s] INFO:colcon.colcon_core.shell:Creating package script '/home/mneuhaus/ros2_ws/install/wall_e_launch/share/wall_e_launch/package.sh'
[7.874s] INFO:colcon.colcon_core.shell:Creating package script '/home/mneuhaus/ros2_ws/install/wall_e_launch/share/wall_e_launch/package.bash'
[7.876s] INFO:colcon.colcon_core.shell:Creating package script '/home/mneuhaus/ros2_ws/install/wall_e_launch/share/wall_e_launch/package.zsh'
[7.879s] Level 1:colcon.colcon_core.environment:create_file_with_runtime_dependencies(/home/mneuhaus/ros2_ws/install/wall_e_launch/share/colcon-core/packages/wall_e_launch)
[7.881s] DEBUG:colcon.colcon_parallel_executor.executor.parallel:closing loop
[7.883s] DEBUG:colcon.colcon_parallel_executor.executor.parallel:loop closed
[7.884s] DEBUG:colcon.colcon_parallel_executor.executor.parallel:run_until_complete finished with '0'
[7.884s] DEBUG:colcon.colcon_core.event_reactor:joining thread
[7.908s] INFO:colcon.colcon_core.plugin_system:Skipping extension 'colcon_notification.desktop_notification.notify_send': Could not find 'notify-send'
[7.908s] INFO:colcon.colcon_core.plugin_system:Skipping extension 'colcon_notification.desktop_notification.terminal_notifier': Not used on non-Darwin systems
[7.908s] INFO:colcon.colcon_core.plugin_system:Skipping extension 'colcon_notification.desktop_notification.win32': Not used on non-Windows systems
[7.909s] INFO:colcon.colcon_notification.desktop_notification:Sending desktop notification using 'notify2'
[7.912s] DEBUG:colcon.colcon_notification.desktop_notification.notify2:Failed to initialize notify2: org.freedesktop.DBus.Error.ServiceUnknown: The name org.freedesktop.Notifications was not provided by any .service files
[7.913s] DEBUG:colcon.colcon_core.event_reactor:joined thread
[7.913s] INFO:colcon.colcon_core.shell:Creating prefix script '/home/mneuhaus/ros2_ws/install/local_setup.ps1'
[7.917s] INFO:colcon.colcon_core.shell:Creating prefix util module '/home/mneuhaus/ros2_ws/install/_local_setup_util_ps1.py'
[7.923s] INFO:colcon.colcon_core.shell:Creating prefix chain script '/home/mneuhaus/ros2_ws/install/setup.ps1'
[7.929s] INFO:colcon.colcon_core.shell:Creating prefix script '/home/mneuhaus/ros2_ws/install/local_setup.sh'
[7.931s] INFO:colcon.colcon_core.shell:Creating prefix util module '/home/mneuhaus/ros2_ws/install/_local_setup_util_sh.py'
[7.935s] INFO:colcon.colcon_core.shell:Creating prefix chain script '/home/mneuhaus/ros2_ws/install/setup.sh'
[7.940s] INFO:colcon.colcon_core.shell:Creating prefix script '/home/mneuhaus/ros2_ws/install/local_setup.bash'
[7.942s] INFO:colcon.colcon_core.shell:Creating prefix chain script '/home/mneuhaus/ros2_ws/install/setup.bash'
[7.947s] INFO:colcon.colcon_core.shell:Creating prefix script '/home/mneuhaus/ros2_ws/install/local_setup.zsh'
[7.949s] INFO:colcon.colcon_core.shell:Creating prefix chain script '/home/mneuhaus/ros2_ws/install/setup.zsh'
