[4.924s] Invoking command in '/home/mneuhaus/ros2_ws/src/motor_controller': PYTHONPATH=/home/mneuhaus/ros2_ws/build/motor_controller/prefix_override:/usr/lib/python3/dist-packages/colcon_core/task/python/colcon_distutils_commands:/home/mneuhaus/ros2_ws/install/motor_controller/lib/python3.12/site-packages:${PYTHONPATH} /usr/bin/python3 -W ignore:setup.py install is deprecated setup.py egg_info --egg-base ../../build/motor_controller build --build-base /home/mneuhaus/ros2_ws/build/motor_controller/build install --record /home/mneuhaus/ros2_ws/build/motor_controller/install.log --single-version-externally-managed install_data
[6.221s] running egg_info
[6.308s] writing ../../build/motor_controller/motor_controller.egg-info/PKG-INFO
[6.310s] writing dependency_links to ../../build/motor_controller/motor_controller.egg-info/dependency_links.txt
[6.311s] writing entry points to ../../build/motor_controller/motor_controller.egg-info/entry_points.txt
[6.313s] writing requirements to ../../build/motor_controller/motor_controller.egg-info/requires.txt
[6.314s] writing top-level names to ../../build/motor_controller/motor_controller.egg-info/top_level.txt
[6.497s] reading manifest file '../../build/motor_controller/motor_controller.egg-info/SOURCES.txt'
[6.501s] writing manifest file '../../build/motor_controller/motor_controller.egg-info/SOURCES.txt'
[6.502s] running build
[6.502s] running build_py
[6.504s] running install
[6.533s] running install_lib
[6.629s] running install_data
[6.630s] running install_egg_info
[6.728s] removing '/home/mneuhaus/ros2_ws/install/motor_controller/lib/python3.12/site-packages/motor_controller-0.0.0-py3.12.egg-info' (and everything under it)
[6.730s] Copying ../../build/motor_controller/motor_controller.egg-info to /home/mneuhaus/ros2_ws/install/motor_controller/lib/python3.12/site-packages/motor_controller-0.0.0-py3.12.egg-info
[6.737s] running install_scripts
[7.401s] Installing motor_controller_node script to /home/mneuhaus/ros2_ws/install/motor_controller/lib/motor_controller
[7.402s] writing list of installed files to '/home/mneuhaus/ros2_ws/build/motor_controller/install.log'
[7.576s] Invoked command in '/home/mneuhaus/ros2_ws/src/motor_controller' returned '0': PYTHONPATH=/home/mneuhaus/ros2_ws/build/motor_controller/prefix_override:/usr/lib/python3/dist-packages/colcon_core/task/python/colcon_distutils_commands:/home/mneuhaus/ros2_ws/install/motor_controller/lib/python3.12/site-packages:${PYTHONPATH} /usr/bin/python3 -W ignore:setup.py install is deprecated setup.py egg_info --egg-base ../../build/motor_controller build --build-base /home/mneuhaus/ros2_ws/build/motor_controller/build install --record /home/mneuhaus/ros2_ws/build/motor_controller/install.log --single-version-externally-managed install_data
