[0.033s] Invoking command in '/home/mneuhaus/ros2_ws/build/wall_e_launch': AMENT_PREFIX_PATH=/home/mneuhaus/ros2_ws/install/motor_controller PYTHONPATH=/home/mneuhaus/ros2_ws/install/motor_controller/lib/python3.12/site-packages /usr/bin/cmake --build /home/mneuhaus/ros2_ws/build/wall_e_launch -- -j4 -l4
[0.292s] gmake[1]: Entering directory '/home/mneuhaus/ros2_ws/build/wall_e_launch'
[0.440s] -- Found ament_cmake: 2.5.2 (/opt/ros/jazzy/share/ament_cmake/cmake)
[16.335s] Traceback (most recent call last):
[16.335s]   File "/opt/ros/jazzy/share/ament_cmake_core/cmake/package_templates/templates_2_cmake.py", line 21, in <module>
[16.336s]     from ament_package.templates import get_environment_hook_template_path
[16.336s] ModuleNotFoundError: No module named 'ament_package'
[16.474s] [31mCMake Error at /opt/ros/jazzy/share/ament_cmake_core/cmake/ament_cmake_package_templates-extras.cmake:41 (message):
[16.474s]   execute_process(/usr/bin/python3
[16.475s]   /opt/ros/jazzy/share/ament_cmake_core/cmake/package_templates/templates_2_cmake.py
[16.475s]   /home/mneuhaus/ros2_ws/build/wall_e_launch/ament_cmake_package_templates/templates.cmake)
[16.476s]   returned error code 1
[16.476s] Call Stack (most recent call first):
[16.476s]   /opt/ros/jazzy/share/ament_cmake_core/cmake/ament_cmake_coreConfig.cmake:41 (include)
[16.477s]   /opt/ros/jazzy/share/ament_cmake/cmake/ament_cmake_export_dependencies-extras.cmake:15 (find_package)
[16.477s]   /opt/ros/jazzy/share/ament_cmake/cmake/ament_cmakeConfig.cmake:41 (include)
[16.478s]   CMakeLists.txt:9 (find_package)
[16.478s] 
[16.478s] [0m
[16.479s] -- Configuring incomplete, errors occurred!
[16.501s] gmake[1]: *** [Makefile:226: cmake_check_build_system] Error 1
[16.502s] gmake[1]: Leaving directory '/home/mneuhaus/ros2_ws/build/wall_e_launch'
[16.510s] Invoked command in '/home/mneuhaus/ros2_ws/build/wall_e_launch' returned '2': AMENT_PREFIX_PATH=/home/mneuhaus/ros2_ws/install/motor_controller PYTHONPATH=/home/mneuhaus/ros2_ws/install/motor_controller/lib/python3.12/site-packages /usr/bin/cmake --build /home/mneuhaus/ros2_ws/build/wall_e_launch -- -j4 -l4
