[3.640s] Invoking command in '/home/mneuhaus/ros2_ws/src/motor_controller': PYTHONPATH=/home/mneuhaus/ros2_ws/build/motor_controller/prefix_override:/usr/lib/python3/dist-packages/colcon_core/task/python/colcon_distutils_commands:/home/mneuhaus/ros2_ws/install/motor_controller/lib/python3.12/site-packages:${PYTHONPATH} /usr/bin/python3 -W ignore:setup.py install is deprecated setup.py egg_info --egg-base ../../build/motor_controller build --build-base /home/mneuhaus/ros2_ws/build/motor_controller/build install --record /home/mneuhaus/ros2_ws/build/motor_controller/install.log --single-version-externally-managed install_data
[4.823s] running egg_info
[4.905s] writing ../../build/motor_controller/motor_controller.egg-info/PKG-INFO
[4.907s] writing dependency_links to ../../build/motor_controller/motor_controller.egg-info/dependency_links.txt
[4.910s] writing entry points to ../../build/motor_controller/motor_controller.egg-info/entry_points.txt
[4.912s] writing requirements to ../../build/motor_controller/motor_controller.egg-info/requires.txt
[4.914s] writing top-level names to ../../build/motor_controller/motor_controller.egg-info/top_level.txt
[5.085s] reading manifest file '../../build/motor_controller/motor_controller.egg-info/SOURCES.txt'
[5.089s] writing manifest file '../../build/motor_controller/motor_controller.egg-info/SOURCES.txt'
[5.090s] running build
[5.090s] running build_py
[5.091s] running install
[5.119s] running install_lib
[5.203s] running install_data
[5.204s] running install_egg_info
[5.292s] removing '/home/mneuhaus/ros2_ws/install/motor_controller/lib/python3.12/site-packages/motor_controller-0.0.0-py3.12.egg-info' (and everything under it)
[5.294s] Copying ../../build/motor_controller/motor_controller.egg-info to /home/mneuhaus/ros2_ws/install/motor_controller/lib/python3.12/site-packages/motor_controller-0.0.0-py3.12.egg-info
[5.301s] running install_scripts
[5.901s] Installing motor_controller_node script to /home/mneuhaus/ros2_ws/install/motor_controller/lib/motor_controller
[5.903s] writing list of installed files to '/home/mneuhaus/ros2_ws/build/motor_controller/install.log'
[6.049s] Invoked command in '/home/mneuhaus/ros2_ws/src/motor_controller' returned '0': PYTHONPATH=/home/mneuhaus/ros2_ws/build/motor_controller/prefix_override:/usr/lib/python3/dist-packages/colcon_core/task/python/colcon_distutils_commands:/home/mneuhaus/ros2_ws/install/motor_controller/lib/python3.12/site-packages:${PYTHONPATH} /usr/bin/python3 -W ignore:setup.py install is deprecated setup.py egg_info --egg-base ../../build/motor_controller build --build-base /home/mneuhaus/ros2_ws/build/motor_controller/build install --record /home/mneuhaus/ros2_ws/build/motor_controller/install.log --single-version-externally-managed install_data
