running egg_info
creating ../../build/wall_e_web/wall_e_web.egg-info
writing ../../build/wall_e_web/wall_e_web.egg-info/PKG-INFO
writing dependency_links to ../../build/wall_e_web/wall_e_web.egg-info/dependency_links.txt
writing entry points to ../../build/wall_e_web/wall_e_web.egg-info/entry_points.txt
writing requirements to ../../build/wall_e_web/wall_e_web.egg-info/requires.txt
writing top-level names to ../../build/wall_e_web/wall_e_web.egg-info/top_level.txt
writing manifest file '../../build/wall_e_web/wall_e_web.egg-info/SOURCES.txt'
reading manifest file '../../build/wall_e_web/wall_e_web.egg-info/SOURCES.txt'
writing manifest file '../../build/wall_e_web/wall_e_web.egg-info/SOURCES.txt'
running build
running build_py
creating /home/mneuhaus/ros2_ws/build/wall_e_web/build
creating /home/mneuhaus/ros2_ws/build/wall_e_web/build/lib
creating /home/mneuhaus/ros2_ws/build/wall_e_web/build/lib/wall_e_web
copying wall_e_web/__init__.py -> /home/mneuhaus/ros2_ws/build/wall_e_web/build/lib/wall_e_web
running install
running install_lib
creating /home/mneuhaus/ros2_ws/install/wall_e_web/lib/python3.12/site-packages/wall_e_web
copying /home/mneuhaus/ros2_ws/build/wall_e_web/build/lib/wall_e_web/__init__.py -> /home/mneuhaus/ros2_ws/install/wall_e_web/lib/python3.12/site-packages/wall_e_web
byte-compiling /home/mneuhaus/ros2_ws/install/wall_e_web/lib/python3.12/site-packages/wall_e_web/__init__.py to __init__.cpython-312.pyc
running install_data
creating /home/mneuhaus/ros2_ws/install/wall_e_web/share/ament_index
creating /home/mneuhaus/ros2_ws/install/wall_e_web/share/ament_index/resource_index
creating /home/mneuhaus/ros2_ws/install/wall_e_web/share/ament_index/resource_index/packages
copying resource/wall_e_web -> /home/mneuhaus/ros2_ws/install/wall_e_web/share/ament_index/resource_index/packages
copying package.xml -> /home/mneuhaus/ros2_ws/install/wall_e_web/share/wall_e_web
creating /home/mneuhaus/ros2_ws/install/wall_e_web/share/wall_e_web/web
copying web/index.html -> /home/mneuhaus/ros2_ws/install/wall_e_web/share/wall_e_web/web
creating /home/mneuhaus/ros2_ws/install/wall_e_web/share/wall_e_web/launch
copying launch/rosbridge_launch.py -> /home/mneuhaus/ros2_ws/install/wall_e_web/share/wall_e_web/launch
running install_egg_info
Copying ../../build/wall_e_web/wall_e_web.egg-info to /home/mneuhaus/ros2_ws/install/wall_e_web/lib/python3.12/site-packages/wall_e_web-0.0.0-py3.12.egg-info
running install_scripts
Installing serve_web script to /home/mneuhaus/ros2_ws/install/wall_e_web/lib/wall_e_web
writing list of installed files to '/home/mneuhaus/ros2_ws/build/wall_e_web/install.log'
