[0.854s] DEBUG:colcon:Command line arguments: ['/usr/bin/colcon', 'build']
[0.854s] DEBUG:colcon:Parsed command line arguments: Namespace(log_base=None, log_level=None, verb_name='build', build_base='build', install_base='install', merge_install=False, symlink_install=False, test_result_base=None, continue_on_error=False, executor='parallel', parallel_workers=4, event_handlers=None, ignore_user_meta=False, metas=['./colcon.meta'], base_paths=['.'], packages_ignore=None, packages_ignore_regex=None, paths=None, packages_up_to=None, packages_up_to_regex=None, packages_above=None, packages_above_and_dependencies=None, packages_above_depth=None, packages_select_by_dep=None, packages_skip_by_dep=None, packages_skip_up_to=None, packages_select_build_failed=False, packages_skip_build_finished=False, packages_select_test_failures=False, packages_skip_test_passed=False, packages_select=None, packages_skip=None, packages_select_regex=None, packages_skip_regex=None, packages_start=None, packages_end=None, allow_overriding=[], cmake_args=None, cmake_target=None, cmake_target_skip_unavailable=False, cmake_clean_cache=False, cmake_clean_first=False, cmake_force_configure=False, ament_cmake_args=None, catkin_cmake_args=None, catkin_skip_building_tests=False, mixin_files=None, mixin=None, verb_parser=<colcon_mixin.mixin.mixin_argument.MixinArgumentDecorator object at 0xffff81cfecf0>, verb_extension=<colcon_core.verb.build.BuildVerb object at 0xffff81e5dac0>, main=<bound method BuildVerb.main of <colcon_core.verb.build.BuildVerb object at 0xffff81e5dac0>>, mixin_verb=('build',))
[1.147s] Level 1:colcon.colcon_core.package_discovery:discover_packages(colcon_meta) check parameters
[1.148s] Level 1:colcon.colcon_core.package_discovery:discover_packages(recursive) check parameters
[1.148s] Level 1:colcon.colcon_core.package_discovery:discover_packages(ignore) check parameters
[1.148s] Level 1:colcon.colcon_core.package_discovery:discover_packages(path) check parameters
[1.148s] Level 1:colcon.colcon_core.package_discovery:discover_packages(colcon_meta) discover
[1.149s] Level 1:colcon.colcon_core.package_discovery:discover_packages(recursive) discover
[1.149s] INFO:colcon.colcon_core.package_discovery:Crawling recursively for packages in '/home/mneuhaus/ros2_ws'
[1.149s] Level 1:colcon.colcon_core.package_identification:_identify(.) by extensions ['ignore', 'ignore_ament_install']
[1.150s] Level 1:colcon.colcon_core.package_identification:_identify(.) by extension 'ignore'
[1.150s] Level 1:colcon.colcon_core.package_identification:_identify(.) by extension 'ignore_ament_install'
[1.150s] Level 1:colcon.colcon_core.package_identification:_identify(.) by extensions ['colcon_pkg']
[1.150s] Level 1:colcon.colcon_core.package_identification:_identify(.) by extension 'colcon_pkg'
[1.151s] Level 1:colcon.colcon_core.package_identification:_identify(.) by extensions ['colcon_meta']
[1.151s] Level 1:colcon.colcon_core.package_identification:_identify(.) by extension 'colcon_meta'
[1.151s] Level 1:colcon.colcon_core.package_identification:_identify(.) by extensions ['ros']
[1.151s] Level 1:colcon.colcon_core.package_identification:_identify(.) by extension 'ros'
[1.299s] Level 1:colcon.colcon_core.package_identification:_identify(.) by extensions ['cmake', 'python']
[1.299s] Level 1:colcon.colcon_core.package_identification:_identify(.) by extension 'cmake'
[1.299s] Level 1:colcon.colcon_core.package_identification:_identify(.) by extension 'python'
[1.299s] Level 1:colcon.colcon_core.package_identification:_identify(.) by extensions ['python_setup_py']
[1.300s] Level 1:colcon.colcon_core.package_identification:_identify(.) by extension 'python_setup_py'
[1.300s] Level 1:colcon.colcon_core.package_identification:_identify(backup) by extensions ['ignore', 'ignore_ament_install']
[1.301s] Level 1:colcon.colcon_core.package_identification:_identify(backup) by extension 'ignore'
[1.301s] Level 1:colcon.colcon_core.package_identification:_identify(backup) by extension 'ignore_ament_install'
[1.301s] Level 1:colcon.colcon_core.package_identification:_identify(backup) by extensions ['colcon_pkg']
[1.301s] Level 1:colcon.colcon_core.package_identification:_identify(backup) by extension 'colcon_pkg'
[1.301s] Level 1:colcon.colcon_core.package_identification:_identify(backup) by extensions ['colcon_meta']
[1.302s] Level 1:colcon.colcon_core.package_identification:_identify(backup) by extension 'colcon_meta'
[1.302s] Level 1:colcon.colcon_core.package_identification:_identify(backup) by extensions ['ros']
[1.302s] Level 1:colcon.colcon_core.package_identification:_identify(backup) by extension 'ros'
[1.302s] Level 1:colcon.colcon_core.package_identification:_identify(backup) by extensions ['cmake', 'python']
[1.302s] Level 1:colcon.colcon_core.package_identification:_identify(backup) by extension 'cmake'
[1.303s] Level 1:colcon.colcon_core.package_identification:_identify(backup) by extension 'python'
[1.303s] Level 1:colcon.colcon_core.package_identification:_identify(backup) by extensions ['python_setup_py']
[1.303s] Level 1:colcon.colcon_core.package_identification:_identify(backup) by extension 'python_setup_py'
[1.303s] Level 1:colcon.colcon_core.package_identification:_identify(backup/sources.list.d) by extensions ['ignore', 'ignore_ament_install']
[1.304s] Level 1:colcon.colcon_core.package_identification:_identify(backup/sources.list.d) by extension 'ignore'
[1.304s] Level 1:colcon.colcon_core.package_identification:_identify(backup/sources.list.d) by extension 'ignore_ament_install'
[1.304s] Level 1:colcon.colcon_core.package_identification:_identify(backup/sources.list.d) by extensions ['colcon_pkg']
[1.304s] Level 1:colcon.colcon_core.package_identification:_identify(backup/sources.list.d) by extension 'colcon_pkg'
[1.305s] Level 1:colcon.colcon_core.package_identification:_identify(backup/sources.list.d) by extensions ['colcon_meta']
[1.305s] Level 1:colcon.colcon_core.package_identification:_identify(backup/sources.list.d) by extension 'colcon_meta'
[1.305s] Level 1:colcon.colcon_core.package_identification:_identify(backup/sources.list.d) by extensions ['ros']
[1.305s] Level 1:colcon.colcon_core.package_identification:_identify(backup/sources.list.d) by extension 'ros'
[1.306s] Level 1:colcon.colcon_core.package_identification:_identify(backup/sources.list.d) by extensions ['cmake', 'python']
[1.306s] Level 1:colcon.colcon_core.package_identification:_identify(backup/sources.list.d) by extension 'cmake'
[1.306s] Level 1:colcon.colcon_core.package_identification:_identify(backup/sources.list.d) by extension 'python'
[1.306s] Level 1:colcon.colcon_core.package_identification:_identify(backup/sources.list.d) by extensions ['python_setup_py']
[1.306s] Level 1:colcon.colcon_core.package_identification:_identify(backup/sources.list.d) by extension 'python_setup_py'
[1.307s] Level 1:colcon.colcon_core.package_identification:_identify(backup/trusted.gpg.d) by extensions ['ignore', 'ignore_ament_install']
[1.307s] Level 1:colcon.colcon_core.package_identification:_identify(backup/trusted.gpg.d) by extension 'ignore'
[1.307s] Level 1:colcon.colcon_core.package_identification:_identify(backup/trusted.gpg.d) by extension 'ignore_ament_install'
[1.308s] Level 1:colcon.colcon_core.package_identification:_identify(backup/trusted.gpg.d) by extensions ['colcon_pkg']
[1.308s] Level 1:colcon.colcon_core.package_identification:_identify(backup/trusted.gpg.d) by extension 'colcon_pkg'
[1.308s] Level 1:colcon.colcon_core.package_identification:_identify(backup/trusted.gpg.d) by extensions ['colcon_meta']
[1.308s] Level 1:colcon.colcon_core.package_identification:_identify(backup/trusted.gpg.d) by extension 'colcon_meta'
[1.308s] Level 1:colcon.colcon_core.package_identification:_identify(backup/trusted.gpg.d) by extensions ['ros']
[1.308s] Level 1:colcon.colcon_core.package_identification:_identify(backup/trusted.gpg.d) by extension 'ros'
[1.309s] Level 1:colcon.colcon_core.package_identification:_identify(backup/trusted.gpg.d) by extensions ['cmake', 'python']
[1.309s] Level 1:colcon.colcon_core.package_identification:_identify(backup/trusted.gpg.d) by extension 'cmake'
[1.309s] Level 1:colcon.colcon_core.package_identification:_identify(backup/trusted.gpg.d) by extension 'python'
[1.309s] Level 1:colcon.colcon_core.package_identification:_identify(backup/trusted.gpg.d) by extensions ['python_setup_py']
[1.310s] Level 1:colcon.colcon_core.package_identification:_identify(backup/trusted.gpg.d) by extension 'python_setup_py'
[1.310s] Level 1:colcon.colcon_core.package_identification:_identify(backup/trusted.gpg.d/trusted.gpg.d) by extensions ['ignore', 'ignore_ament_install']
[1.310s] Level 1:colcon.colcon_core.package_identification:_identify(backup/trusted.gpg.d/trusted.gpg.d) by extension 'ignore'
[1.311s] Level 1:colcon.colcon_core.package_identification:_identify(backup/trusted.gpg.d/trusted.gpg.d) by extension 'ignore_ament_install'
[1.311s] Level 1:colcon.colcon_core.package_identification:_identify(backup/trusted.gpg.d/trusted.gpg.d) by extensions ['colcon_pkg']
[1.311s] Level 1:colcon.colcon_core.package_identification:_identify(backup/trusted.gpg.d/trusted.gpg.d) by extension 'colcon_pkg'
[1.311s] Level 1:colcon.colcon_core.package_identification:_identify(backup/trusted.gpg.d/trusted.gpg.d) by extensions ['colcon_meta']
[1.311s] Level 1:colcon.colcon_core.package_identification:_identify(backup/trusted.gpg.d/trusted.gpg.d) by extension 'colcon_meta'
[1.312s] Level 1:colcon.colcon_core.package_identification:_identify(backup/trusted.gpg.d/trusted.gpg.d) by extensions ['ros']
[1.312s] Level 1:colcon.colcon_core.package_identification:_identify(backup/trusted.gpg.d/trusted.gpg.d) by extension 'ros'
[1.312s] Level 1:colcon.colcon_core.package_identification:_identify(backup/trusted.gpg.d/trusted.gpg.d) by extensions ['cmake', 'python']
[1.312s] Level 1:colcon.colcon_core.package_identification:_identify(backup/trusted.gpg.d/trusted.gpg.d) by extension 'cmake'
[1.313s] Level 1:colcon.colcon_core.package_identification:_identify(backup/trusted.gpg.d/trusted.gpg.d) by extension 'python'
[1.313s] Level 1:colcon.colcon_core.package_identification:_identify(backup/trusted.gpg.d/trusted.gpg.d) by extensions ['python_setup_py']
[1.313s] Level 1:colcon.colcon_core.package_identification:_identify(backup/trusted.gpg.d/trusted.gpg.d) by extension 'python_setup_py'
[1.313s] Level 1:colcon.colcon_core.package_identification:_identify(build) by extensions ['ignore', 'ignore_ament_install']
[1.314s] Level 1:colcon.colcon_core.package_identification:_identify(build) by extension 'ignore'
[1.314s] Level 1:colcon.colcon_core.package_identification:_identify(build) ignored
[1.314s] Level 1:colcon.colcon_core.package_identification:_identify(install) by extensions ['ignore', 'ignore_ament_install']
[1.315s] Level 1:colcon.colcon_core.package_identification:_identify(install) by extension 'ignore'
[1.315s] Level 1:colcon.colcon_core.package_identification:_identify(install) ignored
[1.316s] Level 1:colcon.colcon_core.package_identification:_identify(log) by extensions ['ignore', 'ignore_ament_install']
[1.316s] Level 1:colcon.colcon_core.package_identification:_identify(log) by extension 'ignore'
[1.316s] Level 1:colcon.colcon_core.package_identification:_identify(log) ignored
[1.317s] Level 1:colcon.colcon_core.package_identification:_identify(scripts) by extensions ['ignore', 'ignore_ament_install']
[1.317s] Level 1:colcon.colcon_core.package_identification:_identify(scripts) by extension 'ignore'
[1.317s] Level 1:colcon.colcon_core.package_identification:_identify(scripts) by extension 'ignore_ament_install'
[1.317s] Level 1:colcon.colcon_core.package_identification:_identify(scripts) by extensions ['colcon_pkg']
[1.318s] Level 1:colcon.colcon_core.package_identification:_identify(scripts) by extension 'colcon_pkg'
[1.318s] Level 1:colcon.colcon_core.package_identification:_identify(scripts) by extensions ['colcon_meta']
[1.318s] Level 1:colcon.colcon_core.package_identification:_identify(scripts) by extension 'colcon_meta'
[1.318s] Level 1:colcon.colcon_core.package_identification:_identify(scripts) by extensions ['ros']
[1.318s] Level 1:colcon.colcon_core.package_identification:_identify(scripts) by extension 'ros'
[1.319s] Level 1:colcon.colcon_core.package_identification:_identify(scripts) by extensions ['cmake', 'python']
[1.319s] Level 1:colcon.colcon_core.package_identification:_identify(scripts) by extension 'cmake'
[1.319s] Level 1:colcon.colcon_core.package_identification:_identify(scripts) by extension 'python'
[1.319s] Level 1:colcon.colcon_core.package_identification:_identify(scripts) by extensions ['python_setup_py']
[1.319s] Level 1:colcon.colcon_core.package_identification:_identify(scripts) by extension 'python_setup_py'
[1.320s] Level 1:colcon.colcon_core.package_identification:_identify(src) by extensions ['ignore', 'ignore_ament_install']
[1.320s] Level 1:colcon.colcon_core.package_identification:_identify(src) by extension 'ignore'
[1.320s] Level 1:colcon.colcon_core.package_identification:_identify(src) by extension 'ignore_ament_install'
[1.320s] Level 1:colcon.colcon_core.package_identification:_identify(src) by extensions ['colcon_pkg']
[1.321s] Level 1:colcon.colcon_core.package_identification:_identify(src) by extension 'colcon_pkg'
[1.321s] Level 1:colcon.colcon_core.package_identification:_identify(src) by extensions ['colcon_meta']
[1.321s] Level 1:colcon.colcon_core.package_identification:_identify(src) by extension 'colcon_meta'
[1.321s] Level 1:colcon.colcon_core.package_identification:_identify(src) by extensions ['ros']
[1.321s] Level 1:colcon.colcon_core.package_identification:_identify(src) by extension 'ros'
[1.322s] Level 1:colcon.colcon_core.package_identification:_identify(src) by extensions ['cmake', 'python']
[1.322s] Level 1:colcon.colcon_core.package_identification:_identify(src) by extension 'cmake'
[1.322s] Level 1:colcon.colcon_core.package_identification:_identify(src) by extension 'python'
[1.322s] Level 1:colcon.colcon_core.package_identification:_identify(src) by extensions ['python_setup_py']
[1.322s] Level 1:colcon.colcon_core.package_identification:_identify(src) by extension 'python_setup_py'
[1.323s] Level 1:colcon.colcon_core.package_identification:_identify(src/motor_controller) by extensions ['ignore', 'ignore_ament_install']
[1.323s] Level 1:colcon.colcon_core.package_identification:_identify(src/motor_controller) by extension 'ignore'
[1.323s] Level 1:colcon.colcon_core.package_identification:_identify(src/motor_controller) by extension 'ignore_ament_install'
[1.324s] Level 1:colcon.colcon_core.package_identification:_identify(src/motor_controller) by extensions ['colcon_pkg']
[1.324s] Level 1:colcon.colcon_core.package_identification:_identify(src/motor_controller) by extension 'colcon_pkg'
[1.324s] Level 1:colcon.colcon_core.package_identification:_identify(src/motor_controller) by extensions ['colcon_meta']
[1.324s] Level 1:colcon.colcon_core.package_identification:_identify(src/motor_controller) by extension 'colcon_meta'
[1.324s] Level 1:colcon.colcon_core.package_identification:_identify(src/motor_controller) by extensions ['ros']
[1.324s] Level 1:colcon.colcon_core.package_identification:_identify(src/motor_controller) by extension 'ros'
[1.337s] DEBUG:colcon.colcon_core.package_identification:Package 'src/motor_controller' with type 'ros.ament_python' and name 'motor_controller'
[1.338s] Level 1:colcon.colcon_core.package_identification:_identify(src/teleop_twist_joy) by extensions ['ignore', 'ignore_ament_install']
[1.338s] Level 1:colcon.colcon_core.package_identification:_identify(src/teleop_twist_joy) by extension 'ignore'
[1.339s] Level 1:colcon.colcon_core.package_identification:_identify(src/teleop_twist_joy) by extension 'ignore_ament_install'
[1.339s] Level 1:colcon.colcon_core.package_identification:_identify(src/teleop_twist_joy) by extensions ['colcon_pkg']
[1.339s] Level 1:colcon.colcon_core.package_identification:_identify(src/teleop_twist_joy) by extension 'colcon_pkg'
[1.339s] Level 1:colcon.colcon_core.package_identification:_identify(src/teleop_twist_joy) by extensions ['colcon_meta']
[1.340s] Level 1:colcon.colcon_core.package_identification:_identify(src/teleop_twist_joy) by extension 'colcon_meta'
[1.340s] Level 1:colcon.colcon_core.package_identification:_identify(src/teleop_twist_joy) by extensions ['ros']
[1.340s] Level 1:colcon.colcon_core.package_identification:_identify(src/teleop_twist_joy) by extension 'ros'
[1.341s] Level 1:colcon.colcon_core.package_identification:_identify(src/teleop_twist_joy) by extensions ['cmake', 'python']
[1.341s] Level 1:colcon.colcon_core.package_identification:_identify(src/teleop_twist_joy) by extension 'cmake'
[1.341s] Level 1:colcon.colcon_core.package_identification:_identify(src/teleop_twist_joy) by extension 'python'
[1.341s] Level 1:colcon.colcon_core.package_identification:_identify(src/teleop_twist_joy) by extensions ['python_setup_py']
[1.341s] Level 1:colcon.colcon_core.package_identification:_identify(src/teleop_twist_joy) by extension 'python_setup_py'
[1.342s] Level 1:colcon.colcon_core.package_identification:_identify(src/teleop_twist_joy/config) by extensions ['ignore', 'ignore_ament_install']
[1.342s] Level 1:colcon.colcon_core.package_identification:_identify(src/teleop_twist_joy/config) by extension 'ignore'
[1.343s] Level 1:colcon.colcon_core.package_identification:_identify(src/teleop_twist_joy/config) by extension 'ignore_ament_install'
[1.343s] Level 1:colcon.colcon_core.package_identification:_identify(src/teleop_twist_joy/config) by extensions ['colcon_pkg']
[1.343s] Level 1:colcon.colcon_core.package_identification:_identify(src/teleop_twist_joy/config) by extension 'colcon_pkg'
[1.343s] Level 1:colcon.colcon_core.package_identification:_identify(src/teleop_twist_joy/config) by extensions ['colcon_meta']
[1.343s] Level 1:colcon.colcon_core.package_identification:_identify(src/teleop_twist_joy/config) by extension 'colcon_meta'
[1.344s] Level 1:colcon.colcon_core.package_identification:_identify(src/teleop_twist_joy/config) by extensions ['ros']
[1.344s] Level 1:colcon.colcon_core.package_identification:_identify(src/teleop_twist_joy/config) by extension 'ros'
[1.344s] Level 1:colcon.colcon_core.package_identification:_identify(src/teleop_twist_joy/config) by extensions ['cmake', 'python']
[1.344s] Level 1:colcon.colcon_core.package_identification:_identify(src/teleop_twist_joy/config) by extension 'cmake'
[1.345s] Level 1:colcon.colcon_core.package_identification:_identify(src/teleop_twist_joy/config) by extension 'python'
[1.345s] Level 1:colcon.colcon_core.package_identification:_identify(src/teleop_twist_joy/config) by extensions ['python_setup_py']
[1.345s] Level 1:colcon.colcon_core.package_identification:_identify(src/teleop_twist_joy/config) by extension 'python_setup_py'
[1.346s] Level 1:colcon.colcon_core.package_identification:_identify(src/wall_e_launch) by extensions ['ignore', 'ignore_ament_install']
[1.346s] Level 1:colcon.colcon_core.package_identification:_identify(src/wall_e_launch) by extension 'ignore'
[1.346s] Level 1:colcon.colcon_core.package_identification:_identify(src/wall_e_launch) by extension 'ignore_ament_install'
[1.347s] Level 1:colcon.colcon_core.package_identification:_identify(src/wall_e_launch) by extensions ['colcon_pkg']
[1.347s] Level 1:colcon.colcon_core.package_identification:_identify(src/wall_e_launch) by extension 'colcon_pkg'
[1.347s] Level 1:colcon.colcon_core.package_identification:_identify(src/wall_e_launch) by extensions ['colcon_meta']
[1.347s] Level 1:colcon.colcon_core.package_identification:_identify(src/wall_e_launch) by extension 'colcon_meta'
[1.347s] Level 1:colcon.colcon_core.package_identification:_identify(src/wall_e_launch) by extensions ['ros']
[1.348s] Level 1:colcon.colcon_core.package_identification:_identify(src/wall_e_launch) by extension 'ros'
[1.350s] DEBUG:colcon.colcon_core.package_identification:Package 'src/wall_e_launch' with type 'ros.ament_cmake' and name 'wall_e_launch'
[1.350s] Level 1:colcon.colcon_core.package_discovery:discover_packages(recursive) using defaults
[1.351s] Level 1:colcon.colcon_core.package_discovery:discover_packages(ignore) discover
[1.351s] Level 1:colcon.colcon_core.package_discovery:discover_packages(ignore) using defaults
[1.351s] Level 1:colcon.colcon_core.package_discovery:discover_packages(path) discover
[1.351s] Level 1:colcon.colcon_core.package_discovery:discover_packages(path) using defaults
[1.463s] Level 1:colcon.colcon_core.package_discovery:discover_packages(prefix_path) check parameters
[1.463s] Level 1:colcon.colcon_core.package_discovery:discover_packages(prefix_path) discover
[1.471s] Level 1:colcon.colcon_core.package_discovery:discover_packages(prefix_path) using defaults
[1.478s] Level 5:colcon.colcon_core.verb:set package 'motor_controller' build argument 'cmake_args' from command line to 'None'
[1.478s] Level 5:colcon.colcon_core.verb:set package 'motor_controller' build argument 'cmake_target' from command line to 'None'
[1.478s] Level 5:colcon.colcon_core.verb:set package 'motor_controller' build argument 'cmake_target_skip_unavailable' from command line to 'False'
[1.478s] Level 5:colcon.colcon_core.verb:set package 'motor_controller' build argument 'cmake_clean_cache' from command line to 'False'
[1.478s] Level 5:colcon.colcon_core.verb:set package 'motor_controller' build argument 'cmake_clean_first' from command line to 'False'
[1.478s] Level 5:colcon.colcon_core.verb:set package 'motor_controller' build argument 'cmake_force_configure' from command line to 'False'
[1.479s] Level 5:colcon.colcon_core.verb:set package 'motor_controller' build argument 'ament_cmake_args' from command line to 'None'
[1.479s] Level 5:colcon.colcon_core.verb:set package 'motor_controller' build argument 'catkin_cmake_args' from command line to 'None'
[1.479s] Level 5:colcon.colcon_core.verb:set package 'motor_controller' build argument 'catkin_skip_building_tests' from command line to 'False'
[1.479s] DEBUG:colcon.colcon_core.verb:Building package 'motor_controller' with the following arguments: {'ament_cmake_args': None, 'build_base': '/home/mneuhaus/ros2_ws/build/motor_controller', 'catkin_cmake_args': None, 'catkin_skip_building_tests': False, 'cmake_args': None, 'cmake_clean_cache': False, 'cmake_clean_first': False, 'cmake_force_configure': False, 'cmake_target': None, 'cmake_target_skip_unavailable': False, 'install_base': '/home/mneuhaus/ros2_ws/install/motor_controller', 'merge_install': False, 'path': '/home/mneuhaus/ros2_ws/src/motor_controller', 'symlink_install': False, 'test_result_base': None}
[1.481s] Level 5:colcon.colcon_core.verb:set package 'wall_e_launch' build argument 'cmake_args' from command line to 'None'
[1.481s] Level 5:colcon.colcon_core.verb:set package 'wall_e_launch' build argument 'cmake_target' from command line to 'None'
[1.481s] Level 5:colcon.colcon_core.verb:set package 'wall_e_launch' build argument 'cmake_target_skip_unavailable' from command line to 'False'
[1.481s] Level 5:colcon.colcon_core.verb:set package 'wall_e_launch' build argument 'cmake_clean_cache' from command line to 'False'
[1.481s] Level 5:colcon.colcon_core.verb:set package 'wall_e_launch' build argument 'cmake_clean_first' from command line to 'False'
[1.481s] Level 5:colcon.colcon_core.verb:set package 'wall_e_launch' build argument 'cmake_force_configure' from command line to 'False'
[1.481s] Level 5:colcon.colcon_core.verb:set package 'wall_e_launch' build argument 'ament_cmake_args' from command line to 'None'
[1.482s] Level 5:colcon.colcon_core.verb:set package 'wall_e_launch' build argument 'catkin_cmake_args' from command line to 'None'
[1.482s] Level 5:colcon.colcon_core.verb:set package 'wall_e_launch' build argument 'catkin_skip_building_tests' from command line to 'False'
[1.482s] DEBUG:colcon.colcon_core.verb:Building package 'wall_e_launch' with the following arguments: {'ament_cmake_args': None, 'build_base': '/home/mneuhaus/ros2_ws/build/wall_e_launch', 'catkin_cmake_args': None, 'catkin_skip_building_tests': False, 'cmake_args': None, 'cmake_clean_cache': False, 'cmake_clean_first': False, 'cmake_force_configure': False, 'cmake_target': None, 'cmake_target_skip_unavailable': False, 'install_base': '/home/mneuhaus/ros2_ws/install/wall_e_launch', 'merge_install': False, 'path': '/home/mneuhaus/ros2_ws/src/wall_e_launch', 'symlink_install': False, 'test_result_base': None}
[1.482s] INFO:colcon.colcon_core.executor:Executing jobs using 'parallel' executor
[1.486s] DEBUG:colcon.colcon_parallel_executor.executor.parallel:run_until_complete
[1.487s] INFO:colcon.colcon_ros.task.ament_python.build:Building ROS package in '/home/mneuhaus/ros2_ws/src/motor_controller' with build type 'ament_python'
[1.488s] Level 1:colcon.colcon_core.shell:create_environment_hook('motor_controller', 'ament_prefix_path')
[1.507s] INFO:colcon.colcon_core.plugin_system:Skipping extension 'colcon_core.shell.bat': Not used on non-Windows systems
[1.508s] INFO:colcon.colcon_core.shell:Creating environment hook '/home/mneuhaus/ros2_ws/install/motor_controller/share/motor_controller/hook/ament_prefix_path.ps1'
[1.512s] INFO:colcon.colcon_core.shell:Creating environment descriptor '/home/mneuhaus/ros2_ws/install/motor_controller/share/motor_controller/hook/ament_prefix_path.dsv'
[1.517s] INFO:colcon.colcon_core.shell:Creating environment hook '/home/mneuhaus/ros2_ws/install/motor_controller/share/motor_controller/hook/ament_prefix_path.sh'
[1.522s] INFO:colcon.colcon_core.shell:Skip shell extension 'powershell' for command environment: Not usable outside of PowerShell
[1.522s] DEBUG:colcon.colcon_core.shell:Skip shell extension 'dsv' for command environment
[2.367s] INFO:colcon.colcon_core.task.python.build:Building Python package in '/home/mneuhaus/ros2_ws/src/motor_controller'
[2.368s] INFO:colcon.colcon_core.shell:Skip shell extension 'powershell' for command environment: Not usable outside of PowerShell
[2.368s] DEBUG:colcon.colcon_core.shell:Skip shell extension 'dsv' for command environment
[4.960s] DEBUG:colcon.colcon_core.event_handler.log_command:Invoking command in '/home/mneuhaus/ros2_ws/src/motor_controller': PYTHONPATH=/home/mneuhaus/ros2_ws/build/motor_controller/prefix_override:/usr/lib/python3/dist-packages/colcon_core/task/python/colcon_distutils_commands:/home/mneuhaus/ros2_ws/install/motor_controller/lib/python3.12/site-packages: /usr/bin/python3 -W ignore:setup.py install is deprecated setup.py egg_info --egg-base ../../build/motor_controller build --build-base /home/mneuhaus/ros2_ws/build/motor_controller/build install --record /home/mneuhaus/ros2_ws/build/motor_controller/install.log --single-version-externally-managed install_data
[6.781s] DEBUG:colcon.colcon_core.event_handler.log_command:Invoked command in '/home/mneuhaus/ros2_ws/src/motor_controller' returned '0': PYTHONPATH=/home/mneuhaus/ros2_ws/build/motor_controller/prefix_override:/usr/lib/python3/dist-packages/colcon_core/task/python/colcon_distutils_commands:/home/mneuhaus/ros2_ws/install/motor_controller/lib/python3.12/site-packages: /usr/bin/python3 -W ignore:setup.py install is deprecated setup.py egg_info --egg-base ../../build/motor_controller build --build-base /home/mneuhaus/ros2_ws/build/motor_controller/build install --record /home/mneuhaus/ros2_ws/build/motor_controller/install.log --single-version-externally-managed install_data
[6.804s] Level 1:colcon.colcon_core.environment:checking '/home/mneuhaus/ros2_ws/install/motor_controller' for CMake module files
[6.808s] Level 1:colcon.colcon_core.environment:checking '/home/mneuhaus/ros2_ws/install/motor_controller' for CMake config files
[6.812s] Level 1:colcon.colcon_core.environment:checking '/home/mneuhaus/ros2_ws/install/motor_controller/lib'
[6.813s] Level 1:colcon.colcon_core.environment:checking '/home/mneuhaus/ros2_ws/install/motor_controller/bin'
[6.814s] Level 1:colcon.colcon_core.environment:checking '/home/mneuhaus/ros2_ws/install/motor_controller/lib/pkgconfig/motor_controller.pc'
[6.815s] Level 1:colcon.colcon_core.environment:checking '/home/mneuhaus/ros2_ws/install/motor_controller/lib/python3.12/site-packages'
[6.815s] Level 1:colcon.colcon_core.shell:create_environment_hook('motor_controller', 'pythonpath')
[6.816s] INFO:colcon.colcon_core.shell:Creating environment hook '/home/mneuhaus/ros2_ws/install/motor_controller/share/motor_controller/hook/pythonpath.ps1'
[6.819s] INFO:colcon.colcon_core.shell:Creating environment descriptor '/home/mneuhaus/ros2_ws/install/motor_controller/share/motor_controller/hook/pythonpath.dsv'
[6.820s] INFO:colcon.colcon_core.shell:Creating environment hook '/home/mneuhaus/ros2_ws/install/motor_controller/share/motor_controller/hook/pythonpath.sh'
[6.823s] Level 1:colcon.colcon_core.environment:checking '/home/mneuhaus/ros2_ws/install/motor_controller/bin'
[6.824s] Level 1:colcon.colcon_core.environment:create_environment_scripts_only(motor_controller)
[6.825s] INFO:colcon.colcon_core.shell:Creating package script '/home/mneuhaus/ros2_ws/install/motor_controller/share/motor_controller/package.ps1'
[6.829s] INFO:colcon.colcon_core.shell:Creating package descriptor '/home/mneuhaus/ros2_ws/install/motor_controller/share/motor_controller/package.dsv'
[6.833s] INFO:colcon.colcon_core.shell:Creating package script '/home/mneuhaus/ros2_ws/install/motor_controller/share/motor_controller/package.sh'
[6.837s] INFO:colcon.colcon_core.shell:Creating package script '/home/mneuhaus/ros2_ws/install/motor_controller/share/motor_controller/package.bash'
[6.842s] INFO:colcon.colcon_core.shell:Creating package script '/home/mneuhaus/ros2_ws/install/motor_controller/share/motor_controller/package.zsh'
[6.847s] Level 1:colcon.colcon_core.environment:create_file_with_runtime_dependencies(/home/mneuhaus/ros2_ws/install/motor_controller/share/colcon-core/packages/motor_controller)
[6.848s] INFO:colcon.colcon_ros.task.ament_cmake.build:Building ROS package in '/home/mneuhaus/ros2_ws/src/wall_e_launch' with build type 'ament_cmake'
[6.849s] INFO:colcon.colcon_cmake.task.cmake.build:Building CMake package in '/home/mneuhaus/ros2_ws/src/wall_e_launch'
[6.850s] INFO:colcon.colcon_core.shell:Skip shell extension 'powershell' for command environment: Not usable outside of PowerShell
[6.851s] DEBUG:colcon.colcon_core.shell:Skip shell extension 'dsv' for command environment
[6.887s] DEBUG:colcon.colcon_core.event_handler.log_command:Invoking command in '/home/mneuhaus/ros2_ws/build/wall_e_launch': AMENT_PREFIX_PATH=/home/mneuhaus/ros2_ws/install/motor_controller PYTHONPATH=/home/mneuhaus/ros2_ws/install/motor_controller/lib/python3.12/site-packages /usr/bin/cmake --build /home/mneuhaus/ros2_ws/build/wall_e_launch -- -j4 -l4
[23.364s] DEBUG:colcon.colcon_core.event_handler.log_command:Invoked command in '/home/mneuhaus/ros2_ws/build/wall_e_launch' returned '2': AMENT_PREFIX_PATH=/home/mneuhaus/ros2_ws/install/motor_controller PYTHONPATH=/home/mneuhaus/ros2_ws/install/motor_controller/lib/python3.12/site-packages /usr/bin/cmake --build /home/mneuhaus/ros2_ws/build/wall_e_launch -- -j4 -l4
[23.489s] Level 1:colcon.colcon_core.environment:create_environment_scripts_only(wall_e_launch)
[23.490s] Level 1:colcon.colcon_core.environment:checking '/home/mneuhaus/ros2_ws/install/wall_e_launch' for CMake module files
[23.493s] Level 1:colcon.colcon_core.environment:checking '/home/mneuhaus/ros2_ws/install/wall_e_launch' for CMake config files
[23.495s] Level 1:colcon.colcon_core.shell:create_environment_hook('wall_e_launch', 'cmake_prefix_path')
[23.496s] INFO:colcon.colcon_core.shell:Creating environment hook '/home/mneuhaus/ros2_ws/install/wall_e_launch/share/wall_e_launch/hook/cmake_prefix_path.ps1'
[23.498s] INFO:colcon.colcon_core.shell:Creating environment descriptor '/home/mneuhaus/ros2_ws/install/wall_e_launch/share/wall_e_launch/hook/cmake_prefix_path.dsv'
[23.500s] INFO:colcon.colcon_core.shell:Creating environment hook '/home/mneuhaus/ros2_ws/install/wall_e_launch/share/wall_e_launch/hook/cmake_prefix_path.sh'
[23.502s] Level 1:colcon.colcon_core.environment:checking '/home/mneuhaus/ros2_ws/install/wall_e_launch/bin'
[23.503s] Level 1:colcon.colcon_core.environment:checking '/home/mneuhaus/ros2_ws/install/wall_e_launch/lib/pkgconfig/wall_e_launch.pc'
[23.504s] Level 1:colcon.colcon_core.environment:checking '/home/mneuhaus/ros2_ws/install/wall_e_launch/lib/python3.12/site-packages'
[23.505s] Level 1:colcon.colcon_core.environment:checking '/home/mneuhaus/ros2_ws/install/wall_e_launch/bin'
[23.506s] INFO:colcon.colcon_core.shell:Creating package script '/home/mneuhaus/ros2_ws/install/wall_e_launch/share/wall_e_launch/package.ps1'
[23.509s] INFO:colcon.colcon_core.shell:Creating package descriptor '/home/mneuhaus/ros2_ws/install/wall_e_launch/share/wall_e_launch/package.dsv'
[23.513s] INFO:colcon.colcon_core.shell:Creating package script '/home/mneuhaus/ros2_ws/install/wall_e_launch/share/wall_e_launch/package.sh'
[23.515s] INFO:colcon.colcon_core.shell:Creating package script '/home/mneuhaus/ros2_ws/install/wall_e_launch/share/wall_e_launch/package.bash'
[23.517s] INFO:colcon.colcon_core.shell:Creating package script '/home/mneuhaus/ros2_ws/install/wall_e_launch/share/wall_e_launch/package.zsh'
[23.519s] Level 1:colcon.colcon_core.environment:create_file_with_runtime_dependencies(/home/mneuhaus/ros2_ws/install/wall_e_launch/share/colcon-core/packages/wall_e_launch)
[23.521s] DEBUG:colcon.colcon_parallel_executor.executor.parallel:closing loop
[23.522s] DEBUG:colcon.colcon_parallel_executor.executor.parallel:loop closed
[23.523s] DEBUG:colcon.colcon_parallel_executor.executor.parallel:run_until_complete finished with '2'
[23.523s] DEBUG:colcon.colcon_core.event_reactor:joining thread
[23.551s] INFO:colcon.colcon_core.plugin_system:Skipping extension 'colcon_notification.desktop_notification.notify_send': Could not find 'notify-send'
[23.552s] INFO:colcon.colcon_core.plugin_system:Skipping extension 'colcon_notification.desktop_notification.terminal_notifier': Not used on non-Darwin systems
[23.552s] INFO:colcon.colcon_core.plugin_system:Skipping extension 'colcon_notification.desktop_notification.win32': Not used on non-Windows systems
[23.552s] INFO:colcon.colcon_notification.desktop_notification:Sending desktop notification using 'notify2'
[23.556s] DEBUG:colcon.colcon_notification.desktop_notification.notify2:Failed to initialize notify2: org.freedesktop.DBus.Error.ServiceUnknown: The name org.freedesktop.Notifications was not provided by any .service files
[23.556s] DEBUG:colcon.colcon_core.event_reactor:joined thread
[23.557s] INFO:colcon.colcon_core.shell:Creating prefix script '/home/mneuhaus/ros2_ws/install/local_setup.ps1'
[23.561s] INFO:colcon.colcon_core.shell:Creating prefix util module '/home/mneuhaus/ros2_ws/install/_local_setup_util_ps1.py'
[23.569s] INFO:colcon.colcon_core.shell:Creating prefix chain script '/home/mneuhaus/ros2_ws/install/setup.ps1'
[23.574s] INFO:colcon.colcon_core.shell:Creating prefix script '/home/mneuhaus/ros2_ws/install/local_setup.sh'
[23.579s] INFO:colcon.colcon_core.shell:Creating prefix util module '/home/mneuhaus/ros2_ws/install/_local_setup_util_sh.py'
[23.582s] INFO:colcon.colcon_core.shell:Creating prefix chain script '/home/mneuhaus/ros2_ws/install/setup.sh'
[23.587s] INFO:colcon.colcon_core.shell:Creating prefix script '/home/mneuhaus/ros2_ws/install/local_setup.bash'
[23.591s] INFO:colcon.colcon_core.shell:Creating prefix chain script '/home/mneuhaus/ros2_ws/install/setup.bash'
[23.596s] INFO:colcon.colcon_core.shell:Creating prefix script '/home/mneuhaus/ros2_ws/install/local_setup.zsh'
[23.601s] INFO:colcon.colcon_core.shell:Creating prefix chain script '/home/mneuhaus/ros2_ws/install/setup.zsh'
