[0.039s] Invoking command in '/home/mneuhaus/ros2_ws/build/wall_e_launch': CMAKE_PREFIX_PATH=/home/mneuhaus/ros2_ws/install/motor_controller:/opt/ros/jazzy /usr/bin/cmake /home/mneuhaus/ros2_ws/src/wall_e_launch -DCMAKE_INSTALL_PREFIX=/home/mneuhaus/ros2_ws/install/wall_e_launch
[2.790s] -- The C compiler identification is GNU 13.2.0
[4.694s] -- The CXX compiler identification is GNU 13.2.0
[4.840s] -- Detecting C compiler ABI info
[5.454s] -- Detecting C compiler ABI info - done
[5.496s] -- Check for working C compiler: /usr/bin/cc - skipped
[5.499s] -- Detecting C compile features
[5.502s] -- Detecting C compile features - done
[5.560s] -- Detecting CXX compiler ABI info
[6.116s] -- Detecting CXX compiler ABI info - done
[6.158s] -- Check for working CXX compiler: /usr/bin/c++ - skipped
[6.159s] -- Detecting CXX compile features
[6.161s] -- Detecting CXX compile features - done
[6.194s] -- Found ament_cmake: 2.5.2 (/opt/ros/jazzy/share/ament_cmake/cmake)
[7.002s] -- Found Python3: /usr/bin/python3 (found version "3.12.3") found components: Interpreter 
[7.831s] -- Found ament_lint_auto: 0.17.1 (/opt/ros/jazzy/share/ament_lint_auto/cmake)
[8.503s] -- Added test 'flake8' to check Python code syntax and style conventions
[8.504s] -- Configured 'flake8' exclude dirs and/or files: 
[8.510s] -- Added test 'lint_cmake' to check CMake code style
[8.515s] -- Added test 'pep257' to check Python code against some of the docstring style conventions in PEP 257
[8.528s] -- Added test 'xmllint' to check XML markup files
[8.543s] -- Configuring done (8.0s)
[8.569s] -- Generating done (0.0s)
[8.574s] -- Build files have been written to: /home/mneuhaus/ros2_ws/build/wall_e_launch
[8.593s] Invoked command in '/home/mneuhaus/ros2_ws/build/wall_e_launch' returned '0': CMAKE_PREFIX_PATH=/home/mneuhaus/ros2_ws/install/motor_controller:/opt/ros/jazzy /usr/bin/cmake /home/mneuhaus/ros2_ws/src/wall_e_launch -DCMAKE_INSTALL_PREFIX=/home/mneuhaus/ros2_ws/install/wall_e_launch
[8.600s] Invoking command in '/home/mneuhaus/ros2_ws/build/wall_e_launch': CMAKE_PREFIX_PATH=/home/mneuhaus/ros2_ws/install/motor_controller:/opt/ros/jazzy /usr/bin/cmake --build /home/mneuhaus/ros2_ws/build/wall_e_launch -- -j4 -l4
[8.793s] Invoked command in '/home/mneuhaus/ros2_ws/build/wall_e_launch' returned '0': CMAKE_PREFIX_PATH=/home/mneuhaus/ros2_ws/install/motor_controller:/opt/ros/jazzy /usr/bin/cmake --build /home/mneuhaus/ros2_ws/build/wall_e_launch -- -j4 -l4
[8.963s] Invoking command in '/home/mneuhaus/ros2_ws/build/wall_e_launch': CMAKE_PREFIX_PATH=/home/mneuhaus/ros2_ws/install/motor_controller:/opt/ros/jazzy /usr/bin/cmake --install /home/mneuhaus/ros2_ws/build/wall_e_launch
[9.002s] -- Install configuration: ""
[9.003s] -- Installing: /home/mneuhaus/ros2_ws/install/wall_e_launch/share/ament_index/resource_index/package_run_dependencies/wall_e_launch
[9.005s] -- Installing: /home/mneuhaus/ros2_ws/install/wall_e_launch/share/ament_index/resource_index/parent_prefix_path/wall_e_launch
[9.007s] -- Installing: /home/mneuhaus/ros2_ws/install/wall_e_launch/share/wall_e_launch/environment/ament_prefix_path.sh
[9.008s] -- Installing: /home/mneuhaus/ros2_ws/install/wall_e_launch/share/wall_e_launch/environment/ament_prefix_path.dsv
[9.009s] -- Installing: /home/mneuhaus/ros2_ws/install/wall_e_launch/share/wall_e_launch/environment/path.sh
[9.011s] -- Installing: /home/mneuhaus/ros2_ws/install/wall_e_launch/share/wall_e_launch/environment/path.dsv
[9.012s] -- Installing: /home/mneuhaus/ros2_ws/install/wall_e_launch/share/wall_e_launch/local_setup.bash
[9.013s] -- Installing: /home/mneuhaus/ros2_ws/install/wall_e_launch/share/wall_e_launch/local_setup.sh
[9.014s] -- Installing: /home/mneuhaus/ros2_ws/install/wall_e_launch/share/wall_e_launch/local_setup.zsh
[9.015s] -- Installing: /home/mneuhaus/ros2_ws/install/wall_e_launch/share/wall_e_launch/local_setup.dsv
[9.017s] -- Installing: /home/mneuhaus/ros2_ws/install/wall_e_launch/share/wall_e_launch/package.dsv
[9.018s] -- Installing: /home/mneuhaus/ros2_ws/install/wall_e_launch/share/ament_index/resource_index/packages/wall_e_launch
[9.020s] -- Installing: /home/mneuhaus/ros2_ws/install/wall_e_launch/share/wall_e_launch/cmake/wall_e_launchConfig.cmake
[9.021s] -- Installing: /home/mneuhaus/ros2_ws/install/wall_e_launch/share/wall_e_launch/cmake/wall_e_launchConfig-version.cmake
[9.022s] -- Installing: /home/mneuhaus/ros2_ws/install/wall_e_launch/share/wall_e_launch/package.xml
[9.030s] Invoked command in '/home/mneuhaus/ros2_ws/build/wall_e_launch' returned '0': CMAKE_PREFIX_PATH=/home/mneuhaus/ros2_ws/install/motor_controller:/opt/ros/jazzy /usr/bin/cmake --install /home/mneuhaus/ros2_ws/build/wall_e_launch
