[6.934s] Invoking command in '/home/mneuhaus/ros2_ws/src/motor_controller': PYTHONPATH=/home/mneuhaus/ros2_ws/build/motor_controller/prefix_override:/usr/lib/python3/dist-packages/colcon_core/task/python/colcon_distutils_commands:/home/mneuhaus/ros2_ws/install/motor_controller/lib/python3.12/site-packages:${PYTHONPATH} /usr/bin/python3 -W ignore:setup.py install is deprecated setup.py egg_info --egg-base ../../build/motor_controller build --build-base /home/mneuhaus/ros2_ws/build/motor_controller/build install --record /home/mneuhaus/ros2_ws/build/motor_controller/install.log --single-version-externally-managed install_data
[8.295s] running egg_info
[8.391s] writing ../../build/motor_controller/motor_controller.egg-info/PKG-INFO
[8.392s] writing dependency_links to ../../build/motor_controller/motor_controller.egg-info/dependency_links.txt
[8.394s] writing entry points to ../../build/motor_controller/motor_controller.egg-info/entry_points.txt
[8.395s] writing requirements to ../../build/motor_controller/motor_controller.egg-info/requires.txt
[8.397s] writing top-level names to ../../build/motor_controller/motor_controller.egg-info/top_level.txt
[8.607s] reading manifest file '../../build/motor_controller/motor_controller.egg-info/SOURCES.txt'
[8.611s] writing manifest file '../../build/motor_controller/motor_controller.egg-info/SOURCES.txt'
[8.612s] running build
[8.613s] running build_py
[8.615s] running install
[8.646s] running install_lib
[8.745s] running install_data
[8.745s] running install_egg_info
[8.849s] removing '/home/mneuhaus/ros2_ws/install/motor_controller/lib/python3.12/site-packages/motor_controller-0.0.0-py3.12.egg-info' (and everything under it)
[8.851s] Copying ../../build/motor_controller/motor_controller.egg-info to /home/mneuhaus/ros2_ws/install/motor_controller/lib/python3.12/site-packages/motor_controller-0.0.0-py3.12.egg-info
[8.858s] running install_scripts
[9.572s] Installing motor_controller_node script to /home/mneuhaus/ros2_ws/install/motor_controller/lib/motor_controller
[9.575s] writing list of installed files to '/home/mneuhaus/ros2_ws/build/motor_controller/install.log'
[9.807s] Invoked command in '/home/mneuhaus/ros2_ws/src/motor_controller' returned '0': PYTHONPATH=/home/mneuhaus/ros2_ws/build/motor_controller/prefix_override:/usr/lib/python3/dist-packages/colcon_core/task/python/colcon_distutils_commands:/home/mneuhaus/ros2_ws/install/motor_controller/lib/python3.12/site-packages:${PYTHONPATH} /usr/bin/python3 -W ignore:setup.py install is deprecated setup.py egg_info --egg-base ../../build/motor_controller build --build-base /home/mneuhaus/ros2_ws/build/motor_controller/build install --record /home/mneuhaus/ros2_ws/build/motor_controller/install.log --single-version-externally-managed install_data
