[1.066s] DEBUG:colcon:Command line arguments: ['/usr/bin/colcon', 'build', '--packages-select', 'motor_controller']
[1.067s] DEBUG:colcon:Parsed command line arguments: Namespace(log_base=None, log_level=None, verb_name='build', build_base='build', install_base='install', merge_install=False, symlink_install=False, test_result_base=None, continue_on_error=False, executor='parallel', parallel_workers=4, event_handlers=None, ignore_user_meta=False, metas=['./colcon.meta'], base_paths=['.'], packages_ignore=None, packages_ignore_regex=None, paths=None, packages_up_to=None, packages_up_to_regex=None, packages_above=None, packages_above_and_dependencies=None, packages_above_depth=None, packages_select_by_dep=None, packages_skip_by_dep=None, packages_skip_up_to=None, packages_select_build_failed=False, packages_skip_build_finished=False, packages_select_test_failures=False, packages_skip_test_passed=False, packages_select=['motor_controller'], packages_skip=None, packages_select_regex=None, packages_skip_regex=None, packages_start=None, packages_end=None, allow_overriding=[], cmake_args=None, cmake_target=None, cmake_target_skip_unavailable=False, cmake_clean_cache=False, cmake_clean_first=False, cmake_force_configure=False, ament_cmake_args=None, catkin_cmake_args=None, catkin_skip_building_tests=False, mixin_files=None, mixin=None, verb_parser=<colcon_mixin.mixin.mixin_argument.MixinArgumentDecorator object at 0xffffba4fecf0>, verb_extension=<colcon_core.verb.build.BuildVerb object at 0xffffb9c949b0>, main=<bound method BuildVerb.main of <colcon_core.verb.build.BuildVerb object at 0xffffb9c949b0>>, mixin_verb=('build',))
[1.547s] Level 1:colcon.colcon_core.package_discovery:discover_packages(colcon_meta) check parameters
[1.547s] Level 1:colcon.colcon_core.package_discovery:discover_packages(recursive) check parameters
[1.548s] Level 1:colcon.colcon_core.package_discovery:discover_packages(ignore) check parameters
[1.548s] Level 1:colcon.colcon_core.package_discovery:discover_packages(path) check parameters
[1.548s] Level 1:colcon.colcon_core.package_discovery:discover_packages(colcon_meta) discover
[1.548s] Level 1:colcon.colcon_core.package_discovery:discover_packages(recursive) discover
[1.549s] INFO:colcon.colcon_core.package_discovery:Crawling recursively for packages in '/home/mneuhaus/ros2_ws'
[1.549s] Level 1:colcon.colcon_core.package_identification:_identify(.) by extensions ['ignore', 'ignore_ament_install']
[1.550s] Level 1:colcon.colcon_core.package_identification:_identify(.) by extension 'ignore'
[1.550s] Level 1:colcon.colcon_core.package_identification:_identify(.) by extension 'ignore_ament_install'
[1.551s] Level 1:colcon.colcon_core.package_identification:_identify(.) by extensions ['colcon_pkg']
[1.551s] Level 1:colcon.colcon_core.package_identification:_identify(.) by extension 'colcon_pkg'
[1.551s] Level 1:colcon.colcon_core.package_identification:_identify(.) by extensions ['colcon_meta']
[1.551s] Level 1:colcon.colcon_core.package_identification:_identify(.) by extension 'colcon_meta'
[1.552s] Level 1:colcon.colcon_core.package_identification:_identify(.) by extensions ['ros']
[1.552s] Level 1:colcon.colcon_core.package_identification:_identify(.) by extension 'ros'
[1.751s] Level 1:colcon.colcon_core.package_identification:_identify(.) by extensions ['cmake', 'python']
[1.752s] Level 1:colcon.colcon_core.package_identification:_identify(.) by extension 'cmake'
[1.752s] Level 1:colcon.colcon_core.package_identification:_identify(.) by extension 'python'
[1.752s] Level 1:colcon.colcon_core.package_identification:_identify(.) by extensions ['python_setup_py']
[1.752s] Level 1:colcon.colcon_core.package_identification:_identify(.) by extension 'python_setup_py'
[1.753s] Level 1:colcon.colcon_core.package_identification:_identify(build) by extensions ['ignore', 'ignore_ament_install']
[1.753s] Level 1:colcon.colcon_core.package_identification:_identify(build) by extension 'ignore'
[1.754s] Level 1:colcon.colcon_core.package_identification:_identify(build) ignored
[1.754s] Level 1:colcon.colcon_core.package_identification:_identify(install) by extensions ['ignore', 'ignore_ament_install']
[1.755s] Level 1:colcon.colcon_core.package_identification:_identify(install) by extension 'ignore'
[1.755s] Level 1:colcon.colcon_core.package_identification:_identify(install) ignored
[1.756s] Level 1:colcon.colcon_core.package_identification:_identify(log) by extensions ['ignore', 'ignore_ament_install']
[1.756s] Level 1:colcon.colcon_core.package_identification:_identify(log) by extension 'ignore'
[1.756s] Level 1:colcon.colcon_core.package_identification:_identify(log) ignored
[1.757s] Level 1:colcon.colcon_core.package_identification:_identify(src) by extensions ['ignore', 'ignore_ament_install']
[1.757s] Level 1:colcon.colcon_core.package_identification:_identify(src) by extension 'ignore'
[1.757s] Level 1:colcon.colcon_core.package_identification:_identify(src) by extension 'ignore_ament_install'
[1.758s] Level 1:colcon.colcon_core.package_identification:_identify(src) by extensions ['colcon_pkg']
[1.758s] Level 1:colcon.colcon_core.package_identification:_identify(src) by extension 'colcon_pkg'
[1.758s] Level 1:colcon.colcon_core.package_identification:_identify(src) by extensions ['colcon_meta']
[1.758s] Level 1:colcon.colcon_core.package_identification:_identify(src) by extension 'colcon_meta'
[1.758s] Level 1:colcon.colcon_core.package_identification:_identify(src) by extensions ['ros']
[1.759s] Level 1:colcon.colcon_core.package_identification:_identify(src) by extension 'ros'
[1.759s] Level 1:colcon.colcon_core.package_identification:_identify(src) by extensions ['cmake', 'python']
[1.759s] Level 1:colcon.colcon_core.package_identification:_identify(src) by extension 'cmake'
[1.760s] Level 1:colcon.colcon_core.package_identification:_identify(src) by extension 'python'
[1.760s] Level 1:colcon.colcon_core.package_identification:_identify(src) by extensions ['python_setup_py']
[1.760s] Level 1:colcon.colcon_core.package_identification:_identify(src) by extension 'python_setup_py'
[1.760s] Level 1:colcon.colcon_core.package_identification:_identify(src/motor_controller) by extensions ['ignore', 'ignore_ament_install']
[1.761s] Level 1:colcon.colcon_core.package_identification:_identify(src/motor_controller) by extension 'ignore'
[1.761s] Level 1:colcon.colcon_core.package_identification:_identify(src/motor_controller) by extension 'ignore_ament_install'
[1.762s] Level 1:colcon.colcon_core.package_identification:_identify(src/motor_controller) by extensions ['colcon_pkg']
[1.762s] Level 1:colcon.colcon_core.package_identification:_identify(src/motor_controller) by extension 'colcon_pkg'
[1.762s] Level 1:colcon.colcon_core.package_identification:_identify(src/motor_controller) by extensions ['colcon_meta']
[1.762s] Level 1:colcon.colcon_core.package_identification:_identify(src/motor_controller) by extension 'colcon_meta'
[1.762s] Level 1:colcon.colcon_core.package_identification:_identify(src/motor_controller) by extensions ['ros']
[1.762s] Level 1:colcon.colcon_core.package_identification:_identify(src/motor_controller) by extension 'ros'
[1.785s] DEBUG:colcon.colcon_core.package_identification:Package 'src/motor_controller' with type 'ros.ament_python' and name 'motor_controller'
[1.786s] Level 1:colcon.colcon_core.package_discovery:discover_packages(recursive) using defaults
[1.786s] Level 1:colcon.colcon_core.package_discovery:discover_packages(ignore) discover
[1.786s] Level 1:colcon.colcon_core.package_discovery:discover_packages(ignore) using defaults
[1.786s] Level 1:colcon.colcon_core.package_discovery:discover_packages(path) discover
[1.786s] Level 1:colcon.colcon_core.package_discovery:discover_packages(path) using defaults
[1.950s] Level 1:colcon.colcon_core.package_discovery:discover_packages(prefix_path) check parameters
[1.951s] Level 1:colcon.colcon_core.package_discovery:discover_packages(prefix_path) discover
[1.974s] DEBUG:colcon.colcon_installed_package_information.package_discovery:Found 1 installed packages in /home/mneuhaus/ros2_ws/install
[1.985s] DEBUG:colcon.colcon_installed_package_information.package_discovery:Found 192 installed packages in /opt/ros/jazzy
[1.988s] Level 1:colcon.colcon_core.package_discovery:discover_packages(prefix_path) using defaults
[2.150s] Level 5:colcon.colcon_core.verb:set package 'motor_controller' build argument 'cmake_args' from command line to 'None'
[2.150s] Level 5:colcon.colcon_core.verb:set package 'motor_controller' build argument 'cmake_target' from command line to 'None'
[2.150s] Level 5:colcon.colcon_core.verb:set package 'motor_controller' build argument 'cmake_target_skip_unavailable' from command line to 'False'
[2.150s] Level 5:colcon.colcon_core.verb:set package 'motor_controller' build argument 'cmake_clean_cache' from command line to 'False'
[2.150s] Level 5:colcon.colcon_core.verb:set package 'motor_controller' build argument 'cmake_clean_first' from command line to 'False'
[2.150s] Level 5:colcon.colcon_core.verb:set package 'motor_controller' build argument 'cmake_force_configure' from command line to 'False'
[2.151s] Level 5:colcon.colcon_core.verb:set package 'motor_controller' build argument 'ament_cmake_args' from command line to 'None'
[2.151s] Level 5:colcon.colcon_core.verb:set package 'motor_controller' build argument 'catkin_cmake_args' from command line to 'None'
[2.151s] Level 5:colcon.colcon_core.verb:set package 'motor_controller' build argument 'catkin_skip_building_tests' from command line to 'False'
[2.151s] DEBUG:colcon.colcon_core.verb:Building package 'motor_controller' with the following arguments: {'ament_cmake_args': None, 'build_base': '/home/mneuhaus/ros2_ws/build/motor_controller', 'catkin_cmake_args': None, 'catkin_skip_building_tests': False, 'cmake_args': None, 'cmake_clean_cache': False, 'cmake_clean_first': False, 'cmake_force_configure': False, 'cmake_target': None, 'cmake_target_skip_unavailable': False, 'install_base': '/home/mneuhaus/ros2_ws/install/motor_controller', 'merge_install': False, 'path': '/home/mneuhaus/ros2_ws/src/motor_controller', 'symlink_install': False, 'test_result_base': None}
[2.152s] INFO:colcon.colcon_core.executor:Executing jobs using 'parallel' executor
[2.155s] DEBUG:colcon.colcon_parallel_executor.executor.parallel:run_until_complete
[2.156s] INFO:colcon.colcon_ros.task.ament_python.build:Building ROS package in '/home/mneuhaus/ros2_ws/src/motor_controller' with build type 'ament_python'
[2.157s] Level 1:colcon.colcon_core.shell:create_environment_hook('motor_controller', 'ament_prefix_path')
[2.194s] INFO:colcon.colcon_core.plugin_system:Skipping extension 'colcon_core.shell.bat': Not used on non-Windows systems
[2.196s] INFO:colcon.colcon_core.shell:Creating environment hook '/home/mneuhaus/ros2_ws/install/motor_controller/share/motor_controller/hook/ament_prefix_path.ps1'
[2.205s] INFO:colcon.colcon_core.shell:Creating environment descriptor '/home/mneuhaus/ros2_ws/install/motor_controller/share/motor_controller/hook/ament_prefix_path.dsv'
[2.219s] INFO:colcon.colcon_core.shell:Creating environment hook '/home/mneuhaus/ros2_ws/install/motor_controller/share/motor_controller/hook/ament_prefix_path.sh'
[2.236s] INFO:colcon.colcon_core.shell:Skip shell extension 'powershell' for command environment: Not usable outside of PowerShell
[2.237s] DEBUG:colcon.colcon_core.shell:Skip shell extension 'dsv' for command environment
[3.306s] INFO:colcon.colcon_core.task.python.build:Building Python package in '/home/mneuhaus/ros2_ws/src/motor_controller'
[3.307s] INFO:colcon.colcon_core.shell:Skip shell extension 'powershell' for command environment: Not usable outside of PowerShell
[3.307s] DEBUG:colcon.colcon_core.shell:Skip shell extension 'dsv' for command environment
[10.909s] DEBUG:colcon.colcon_core.event_handler.log_command:Invoking command in '/home/mneuhaus/ros2_ws/src/motor_controller': PYTHONPATH=/home/mneuhaus/ros2_ws/build/motor_controller/prefix_override:/usr/lib/python3/dist-packages/colcon_core/task/python/colcon_distutils_commands:/home/mneuhaus/ros2_ws/install/motor_controller/lib/python3.12/site-packages:${PYTHONPATH} /usr/bin/python3 -W ignore:setup.py install is deprecated setup.py egg_info --egg-base ../../build/motor_controller build --build-base /home/mneuhaus/ros2_ws/build/motor_controller/build install --record /home/mneuhaus/ros2_ws/build/motor_controller/install.log --single-version-externally-managed install_data
[13.420s] DEBUG:colcon.colcon_core.event_handler.log_command:Invoked command in '/home/mneuhaus/ros2_ws/src/motor_controller' returned '0': PYTHONPATH=/home/mneuhaus/ros2_ws/build/motor_controller/prefix_override:/usr/lib/python3/dist-packages/colcon_core/task/python/colcon_distutils_commands:/home/mneuhaus/ros2_ws/install/motor_controller/lib/python3.12/site-packages:${PYTHONPATH} /usr/bin/python3 -W ignore:setup.py install is deprecated setup.py egg_info --egg-base ../../build/motor_controller build --build-base /home/mneuhaus/ros2_ws/build/motor_controller/build install --record /home/mneuhaus/ros2_ws/build/motor_controller/install.log --single-version-externally-managed install_data
[13.479s] Level 1:colcon.colcon_core.environment:checking '/home/mneuhaus/ros2_ws/install/motor_controller' for CMake module files
[13.483s] Level 1:colcon.colcon_core.environment:checking '/home/mneuhaus/ros2_ws/install/motor_controller' for CMake config files
[13.488s] Level 1:colcon.colcon_core.environment:checking '/home/mneuhaus/ros2_ws/install/motor_controller/lib'
[13.490s] Level 1:colcon.colcon_core.environment:checking '/home/mneuhaus/ros2_ws/install/motor_controller/bin'
[13.490s] Level 1:colcon.colcon_core.environment:checking '/home/mneuhaus/ros2_ws/install/motor_controller/lib/pkgconfig/motor_controller.pc'
[13.491s] Level 1:colcon.colcon_core.environment:checking '/home/mneuhaus/ros2_ws/install/motor_controller/lib/python3.12/site-packages'
[13.492s] Level 1:colcon.colcon_core.shell:create_environment_hook('motor_controller', 'pythonpath')
[13.493s] INFO:colcon.colcon_core.shell:Creating environment hook '/home/mneuhaus/ros2_ws/install/motor_controller/share/motor_controller/hook/pythonpath.ps1'
[13.495s] INFO:colcon.colcon_core.shell:Creating environment descriptor '/home/mneuhaus/ros2_ws/install/motor_controller/share/motor_controller/hook/pythonpath.dsv'
[13.498s] INFO:colcon.colcon_core.shell:Creating environment hook '/home/mneuhaus/ros2_ws/install/motor_controller/share/motor_controller/hook/pythonpath.sh'
[13.501s] Level 1:colcon.colcon_core.environment:checking '/home/mneuhaus/ros2_ws/install/motor_controller/bin'
[13.502s] Level 1:colcon.colcon_core.environment:create_environment_scripts_only(motor_controller)
[13.503s] INFO:colcon.colcon_core.shell:Creating package script '/home/mneuhaus/ros2_ws/install/motor_controller/share/motor_controller/package.ps1'
[13.518s] INFO:colcon.colcon_core.shell:Creating package descriptor '/home/mneuhaus/ros2_ws/install/motor_controller/share/motor_controller/package.dsv'
[13.534s] INFO:colcon.colcon_core.shell:Creating package script '/home/mneuhaus/ros2_ws/install/motor_controller/share/motor_controller/package.sh'
[13.551s] INFO:colcon.colcon_core.shell:Creating package script '/home/mneuhaus/ros2_ws/install/motor_controller/share/motor_controller/package.bash'
[13.571s] INFO:colcon.colcon_core.shell:Creating package script '/home/mneuhaus/ros2_ws/install/motor_controller/share/motor_controller/package.zsh'
[13.590s] Level 1:colcon.colcon_core.environment:create_file_with_runtime_dependencies(/home/mneuhaus/ros2_ws/install/motor_controller/share/colcon-core/packages/motor_controller)
[13.593s] DEBUG:colcon.colcon_parallel_executor.executor.parallel:closing loop
[13.596s] DEBUG:colcon.colcon_parallel_executor.executor.parallel:loop closed
[13.597s] DEBUG:colcon.colcon_parallel_executor.executor.parallel:run_until_complete finished with '0'
[13.597s] DEBUG:colcon.colcon_core.event_reactor:joining thread
[13.643s] INFO:colcon.colcon_core.plugin_system:Skipping extension 'colcon_notification.desktop_notification.notify_send': Could not find 'notify-send'
[13.644s] INFO:colcon.colcon_core.plugin_system:Skipping extension 'colcon_notification.desktop_notification.terminal_notifier': Not used on non-Darwin systems
[13.644s] INFO:colcon.colcon_core.plugin_system:Skipping extension 'colcon_notification.desktop_notification.win32': Not used on non-Windows systems
[13.645s] INFO:colcon.colcon_notification.desktop_notification:Sending desktop notification using 'notify2'
[13.729s] DEBUG:colcon.colcon_notification.desktop_notification.notify2:Failed to initialize notify2: org.freedesktop.DBus.Error.ServiceUnknown: The name org.freedesktop.Notifications was not provided by any .service files
[13.729s] DEBUG:colcon.colcon_core.event_reactor:joined thread
[13.731s] INFO:colcon.colcon_core.shell:Creating prefix script '/home/mneuhaus/ros2_ws/install/local_setup.ps1'
[13.737s] INFO:colcon.colcon_core.shell:Creating prefix util module '/home/mneuhaus/ros2_ws/install/_local_setup_util_ps1.py'
[13.757s] INFO:colcon.colcon_core.shell:Creating prefix chain script '/home/mneuhaus/ros2_ws/install/setup.ps1'
[13.776s] INFO:colcon.colcon_core.shell:Creating prefix script '/home/mneuhaus/ros2_ws/install/local_setup.sh'
[13.792s] INFO:colcon.colcon_core.shell:Creating prefix util module '/home/mneuhaus/ros2_ws/install/_local_setup_util_sh.py'
[13.798s] INFO:colcon.colcon_core.shell:Creating prefix chain script '/home/mneuhaus/ros2_ws/install/setup.sh'
[13.816s] INFO:colcon.colcon_core.shell:Creating prefix script '/home/mneuhaus/ros2_ws/install/local_setup.bash'
[13.831s] INFO:colcon.colcon_core.shell:Creating prefix chain script '/home/mneuhaus/ros2_ws/install/setup.bash'
[13.847s] INFO:colcon.colcon_core.shell:Creating prefix script '/home/mneuhaus/ros2_ws/install/local_setup.zsh'
[13.864s] INFO:colcon.colcon_core.shell:Creating prefix chain script '/home/mneuhaus/ros2_ws/install/setup.zsh'
