[3.772s] Invoking command in '/home/mneuhaus/ros2_ws/src/motor_controller': PYTHONPATH=/home/mneuhaus/ros2_ws/build/motor_controller/prefix_override:/usr/lib/python3/dist-packages/colcon_core/task/python/colcon_distutils_commands:/home/mneuhaus/ros2_ws/install/motor_controller/lib/python3.12/site-packages:${PYTHONPATH} /usr/bin/python3 -W ignore:setup.py install is deprecated setup.py egg_info --egg-base ../../build/motor_controller build --build-base /home/mneuhaus/ros2_ws/build/motor_controller/build install --record /home/mneuhaus/ros2_ws/build/motor_controller/install.log --single-version-externally-managed install_data
[4.950s] running egg_info
[5.030s] writing ../../build/motor_controller/motor_controller.egg-info/PKG-INFO
[5.031s] writing dependency_links to ../../build/motor_controller/motor_controller.egg-info/dependency_links.txt
[5.033s] writing entry points to ../../build/motor_controller/motor_controller.egg-info/entry_points.txt
[5.036s] writing requirements to ../../build/motor_controller/motor_controller.egg-info/requires.txt
[5.038s] writing top-level names to ../../build/motor_controller/motor_controller.egg-info/top_level.txt
[5.208s] reading manifest file '../../build/motor_controller/motor_controller.egg-info/SOURCES.txt'
[5.212s] writing manifest file '../../build/motor_controller/motor_controller.egg-info/SOURCES.txt'
[5.214s] running build
[5.214s] running build_py
[5.216s] running install
[5.243s] running install_lib
[5.330s] running install_data
[5.331s] running install_egg_info
[5.418s] removing '/home/mneuhaus/ros2_ws/install/motor_controller/lib/python3.12/site-packages/motor_controller-0.0.0-py3.12.egg-info' (and everything under it)
[5.420s] Copying ../../build/motor_controller/motor_controller.egg-info to /home/mneuhaus/ros2_ws/install/motor_controller/lib/python3.12/site-packages/motor_controller-0.0.0-py3.12.egg-info
[5.427s] running install_scripts
[6.040s] Installing motor_controller_node script to /home/mneuhaus/ros2_ws/install/motor_controller/lib/motor_controller
[6.042s] writing list of installed files to '/home/mneuhaus/ros2_ws/build/motor_controller/install.log'
[6.189s] Invoked command in '/home/mneuhaus/ros2_ws/src/motor_controller' returned '0': PYTHONPATH=/home/mneuhaus/ros2_ws/build/motor_controller/prefix_override:/usr/lib/python3/dist-packages/colcon_core/task/python/colcon_distutils_commands:/home/mneuhaus/ros2_ws/install/motor_controller/lib/python3.12/site-packages:${PYTHONPATH} /usr/bin/python3 -W ignore:setup.py install is deprecated setup.py egg_info --egg-base ../../build/motor_controller build --build-base /home/mneuhaus/ros2_ws/build/motor_controller/build install --record /home/mneuhaus/ros2_ws/build/motor_controller/install.log --single-version-externally-managed install_data
