[0.000000] (-) TimerEvent: {}
[0.009907] (motor_controller) JobQueued: {'identifier': 'motor_controller', 'dependencies': OrderedDict()}
[0.010830] (wall_e_launch) JobQueued: {'identifier': 'wall_e_launch', 'dependencies': OrderedDict({'motor_controller': '/home/mneuhaus/ros2_ws/install/motor_controller'})}
[0.011243] (motor_controller) JobStarted: {'identifier': 'motor_controller'}
[0.099109] (-) TimerEvent: {}
[0.199782] (-) TimerEvent: {}
[0.300401] (-) TimerEvent: {}
[0.401089] (-) TimerEvent: {}
[0.501706] (-) TimerEvent: {}
[0.602328] (-) TimerEvent: {}
[0.702999] (-) TimerEvent: {}
[0.803646] (-) TimerEvent: {}
[0.904261] (-) TimerEvent: {}
[1.004983] (-) TimerEvent: {}
[1.105828] (-) TimerEvent: {}
[1.206455] (-) TimerEvent: {}
[1.307130] (-) TimerEvent: {}
[1.407803] (-) TimerEvent: {}
[1.508434] (-) TimerEvent: {}
[1.609222] (-) TimerEvent: {}
[1.710173] (-) TimerEvent: {}
[1.725656] (motor_controller) StderrLine: {'line': b'Traceback (most recent call last):\n  File "/usr/lib/python3/dist-packages/colcon_parallel_executor/executor/parallel.py", line 75, in execute\n    loop.run_until_complete(future)\n  File "/usr/lib/python3.12/asyncio/base_events.py", line 674, in run_until_complete\n    self.run_forever()\n  File "/usr/lib/python3.12/asyncio/base_events.py", line 641, in run_forever\n    self._run_once()\n  File "/usr/lib/python3.12/asyncio/base_events.py", line 1949, in _run_once\n    event_list = self._selector.select(timeout)\n                 ^^^^^^^^^^^^^^^^^^^^^^^^^^^^^^\n  File "/usr/lib/python3.12/selectors.py", line 468, in select\n    fd_event_list = self._selector.poll(timeout, max_ev)\n                    ^^^^^^^^^^^^^^^^^^^^^^^^^^^^^^^^^^^^\nKeyboardInterrupt\n\nDuring handling of the above exception, another exception occurred:\n\nTraceback (most recent call last):\n  File "/usr/lib/python3/dist-packages/colcon_core/executor/__init__.py", line 91, in __call__\n    rc = await self.task(*args, **kwargs)\n         ^^^^^^^^^^^^^^^^^^^^^^^^^^^^^^^^\n  File "/usr/lib/python3/dist-packages/colcon_core/task/__init__.py", line 93, in __call__\n    return await task_method(*args, **kwargs)\n           ^^^^^^^^^^^^^^^^^^^^^^^^^^^^^^^^^^\n  File "/usr/lib/python3/dist-packages/colcon_ros/task/ament_python/build.py", line 102, in build\n    return await extension.build(additional_hooks=additional_hooks)\n           ^^^^^^^^^^^^^^^^^^^^^^^^^^^^^^^^^^^^^^^^^^^^^^^^^^^^^^^^\n  File "/usr/lib/python3/dist-packages/colcon_core/task/python/build.py", line 94, in build\n    available_commands = await self._get_available_commands(\n                         ^^^^^^^^^^^^^^^^^^^^^^^^^^^^^^^^^^^\n  File "/usr/lib/python3/dist-packages/colcon_core/task/python/build.py", line 192, in _get_available_commands\n    output = await check_output(\n             ^^^^^^^^^^^^^^^^^^^\n  File "/usr/lib/python3/dist-packages/colcon_core/subprocess.py", line 129, in check_output\n    assert not rc, f\'Expected {args} to pass: {stderr_data}\'\n           ^^^^^^\nAssertionError: Expected [\'/usr/bin/python3\', \'-W\', \'ignore:setup.py install is deprecated\', \'setup.py\', \'--help-commands\'] to pass: Traceback (most recent call last):\n  File "/home/mneuhaus/ros2_ws/src/motor_controller/setup.py", line 1, in <module>\n    from setuptools import find_packages, setup\n  File "/usr/lib/python3/dist-packages/setuptools/__init__.py", line 270, in <module>\n    monkey.patch_all()\n  File "/usr/lib/python3/dist-packages/setuptools/monkey.py", line 96, in patch_all\n    patch_for_msvc_specialized_compiler()\n  File "/usr/lib/python3/dist-packages/setuptools/monkey.py", line 133, in patch_for_msvc_specialized_compiler\n    msvc = import_module(\'setuptools.msvc\')\n           ^^^^^^^^^^^^^^^^^^^^^^^^^^^^^^^^\n  File "/usr/lib/python3.12/importlib/__init__.py", line 90, in import_module\n    return _bootstrap._gcd_import(name[level:], package, level)\n           ^^^^^^^^^^^^^^^^^^^^^^^^^^^^^^^^^^^^^^^^^^^^^^^^^^^^\n  File "/usr/lib/python3/dist-packages/setuptools/msvc.py", line 14, in <module>\n    import json\n  File "/usr/lib/python3.12/json/__init__.py", line 106, in <module>\n    from .decoder import JSONDecoder, JSONDecodeError\n  File "/usr/lib/python3.12/json/decoder.py", line 5, in <module>\n    from json import scanner\n  File "/usr/lib/python3.12/json/scanner.py", line 11, in <module>\n    NUMBER_RE = re.compile(\n                ^^^^^^^^^^^\n  File "/usr/lib/python3.12/re/__init__.py", line 228, in compile\n    return _compile(pattern, flags)\n           ^^^^^^^^^^^^^^^^^^^^^^^^\n  File "/usr/lib/python3.12/re/__init__.py", line 307, in _compile\n    p = _compiler.compile(pattern, flags)\n        ^^^^^^^^^^^^^^^^^^^^^^^^^^^^^^^^^\n  File "/usr/lib/python3.12/re/_compiler.py", line 745, in compile\n    p = _parser.parse(p, flags)\n        ^^^^^^^^^^^^^^^^^^^^^^^\n  File "/usr/lib/python3.12/re/_parser.py", line 979, in parse\n    p = _parse_sub(source, state, flags & SRE_FLAG_VERBOSE, 0)\n        ^^^^^^^^^^^^^^^^^^^^^^^^^^^^^^^^^^^^^^^^^^^^^^^^^^^^^^\n  File "/usr/lib/python3.12/re/_parser.py", line 460, in _parse_sub\n    itemsappend(_parse(source, state, verbose, nested + 1,\n                ^^^^^^^^^^^^^^^^^^^^^^^^^^^^^^^^^^^^^^^^^^\n  File "/usr/lib/python3.12/re/_parser.py", line 862, in _parse\n    p = _parse_sub(source, state, sub_verbose, nested + 1)\n        ^^^^^^^^^^^^^^^^^^^^^^^^^^^^^^^^^^^^^^^^^^^^^^^^^^\n  File "/usr/lib/python3.12/re/_parser.py", line 452, in _parse_sub\n    def _parse_sub(source, state, verbose, nested):\n    \nKeyboardInterrupt\n\n'}
[1.729169] (motor_controller) JobEnded: {'identifier': 'motor_controller', 'rc': 'SIGINT'}
[1.737528] (wall_e_launch) JobSkipped: {'identifier': 'wall_e_launch'}
[1.737930] (-) EventReactorShutdown: {}
