[6.409s] Invoking command in '/home/mneuhaus/ros2_ws/src/motor_controller': PYTHONPATH=/home/mneuhaus/ros2_ws/build/motor_controller/prefix_override:/usr/lib/python3/dist-packages/colcon_core/task/python/colcon_distutils_commands:/home/mneuhaus/ros2_ws/install/motor_controller/lib/python3.12/site-packages:${PYTHONPATH} /usr/bin/python3 -W ignore:setup.py install is deprecated setup.py egg_info --egg-base ../../build/motor_controller build --build-base /home/mneuhaus/ros2_ws/build/motor_controller/build install --record /home/mneuhaus/ros2_ws/build/motor_controller/install.log --single-version-externally-managed install_data
[9.176s] running egg_info
[9.390s] writing ../../build/motor_controller/motor_controller.egg-info/PKG-INFO
[9.393s] writing dependency_links to ../../build/motor_controller/motor_controller.egg-info/dependency_links.txt
[9.396s] writing entry points to ../../build/motor_controller/motor_controller.egg-info/entry_points.txt
[9.397s] writing requirements to ../../build/motor_controller/motor_controller.egg-info/requires.txt
[9.399s] writing top-level names to ../../build/motor_controller/motor_controller.egg-info/top_level.txt
[9.837s] reading manifest file '../../build/motor_controller/motor_controller.egg-info/SOURCES.txt'
[9.846s] writing manifest file '../../build/motor_controller/motor_controller.egg-info/SOURCES.txt'
[9.848s] running build
[9.849s] running build_py
[9.852s] running install
[9.909s] running install_lib
[10.004s] running install_data
[10.004s] running install_egg_info
[10.102s] removing '/home/mneuhaus/ros2_ws/install/motor_controller/lib/python3.12/site-packages/motor_controller-0.0.0-py3.12.egg-info' (and everything under it)
[10.104s] Copying ../../build/motor_controller/motor_controller.egg-info to /home/mneuhaus/ros2_ws/install/motor_controller/lib/python3.12/site-packages/motor_controller-0.0.0-py3.12.egg-info
[10.111s] running install_scripts
[10.782s] Installing motor_controller_node script to /home/mneuhaus/ros2_ws/install/motor_controller/lib/motor_controller
[10.784s] writing list of installed files to '/home/mneuhaus/ros2_ws/build/motor_controller/install.log'
[10.990s] Invoked command in '/home/mneuhaus/ros2_ws/src/motor_controller' returned '0': PYTHONPATH=/home/mneuhaus/ros2_ws/build/motor_controller/prefix_override:/usr/lib/python3/dist-packages/colcon_core/task/python/colcon_distutils_commands:/home/mneuhaus/ros2_ws/install/motor_controller/lib/python3.12/site-packages:${PYTHONPATH} /usr/bin/python3 -W ignore:setup.py install is deprecated setup.py egg_info --egg-base ../../build/motor_controller build --build-base /home/mneuhaus/ros2_ws/build/motor_controller/build install --record /home/mneuhaus/ros2_ws/build/motor_controller/install.log --single-version-externally-managed install_data
