[0.044s] Invoking command in '/home/mneuhaus/ros2_ws/build/wall_e_launch': AMENT_PREFIX_PATH=/home/mneuhaus/ros2_ws/install/motor_controller:/opt/ros/jazzy:/home/mneuhaus/ros2_ws/install/wall_e_launch CMAKE_PREFIX_PATH=${CMAKE_PREFIX_PATH}:/opt/ros/jazzy:/home/mneuhaus/ros2_ws/install/motor_controller PYTHONPATH=/home/mneuhaus/ros2_ws/install/motor_controller/lib/python3.12/site-packages:/opt/ros/jazzy/lib/python3.12/site-packages /usr/bin/cmake --build /home/mneuhaus/ros2_ws/build/wall_e_launch -- -j4 -l4
[0.093s] gmake[1]: Entering directory '/home/mneuhaus/ros2_ws/build/wall_e_launch'
[0.160s] -- Found ament_cmake: 2.5.2 (/opt/ros/jazzy/share/ament_cmake/cmake)
[1.295s] -- Found ament_lint_auto: 0.17.1 (/opt/ros/jazzy/share/ament_lint_auto/cmake)
[1.751s] -- Configuring done (1.6s)
[1.791s] -- Generating done (0.0s)
[1.798s] -- Build files have been written to: /home/mneuhaus/ros2_ws/build/wall_e_launch
[1.897s] gmake[1]: Leaving directory '/home/mneuhaus/ros2_ws/build/wall_e_launch'
[1.904s] Invoked command in '/home/mneuhaus/ros2_ws/build/wall_e_launch' returned '0': AMENT_PREFIX_PATH=/home/mneuhaus/ros2_ws/install/motor_controller:/opt/ros/jazzy:/home/mneuhaus/ros2_ws/install/wall_e_launch CMAKE_PREFIX_PATH=${CMAKE_PREFIX_PATH}:/opt/ros/jazzy:/home/mneuhaus/ros2_ws/install/motor_controller PYTHONPATH=/home/mneuhaus/ros2_ws/install/motor_controller/lib/python3.12/site-packages:/opt/ros/jazzy/lib/python3.12/site-packages /usr/bin/cmake --build /home/mneuhaus/ros2_ws/build/wall_e_launch -- -j4 -l4
[2.081s] Invoking command in '/home/mneuhaus/ros2_ws/build/wall_e_launch': AMENT_PREFIX_PATH=/home/mneuhaus/ros2_ws/install/motor_controller:/opt/ros/jazzy:/home/mneuhaus/ros2_ws/install/wall_e_launch CMAKE_PREFIX_PATH=${CMAKE_PREFIX_PATH}:/opt/ros/jazzy:/home/mneuhaus/ros2_ws/install/motor_controller PYTHONPATH=/home/mneuhaus/ros2_ws/install/motor_controller/lib/python3.12/site-packages:/opt/ros/jazzy/lib/python3.12/site-packages /usr/bin/cmake --install /home/mneuhaus/ros2_ws/build/wall_e_launch
[2.121s] -- Install configuration: ""
[2.121s] -- Up-to-date: /home/mneuhaus/ros2_ws/install/wall_e_launch/share/ament_index/resource_index/package_run_dependencies/wall_e_launch
[2.122s] -- Installing: /home/mneuhaus/ros2_ws/install/wall_e_launch/share/ament_index/resource_index/parent_prefix_path/wall_e_launch
[2.123s] -- Installing: /home/mneuhaus/ros2_ws/install/wall_e_launch/share/wall_e_launch/environment/ament_prefix_path.sh
[2.124s] -- Up-to-date: /home/mneuhaus/ros2_ws/install/wall_e_launch/share/wall_e_launch/environment/ament_prefix_path.dsv
[2.125s] -- Installing: /home/mneuhaus/ros2_ws/install/wall_e_launch/share/wall_e_launch/environment/path.sh
[2.126s] -- Up-to-date: /home/mneuhaus/ros2_ws/install/wall_e_launch/share/wall_e_launch/environment/path.dsv
[2.127s] -- Up-to-date: /home/mneuhaus/ros2_ws/install/wall_e_launch/share/wall_e_launch/local_setup.bash
[2.127s] -- Up-to-date: /home/mneuhaus/ros2_ws/install/wall_e_launch/share/wall_e_launch/local_setup.sh
[2.128s] -- Up-to-date: /home/mneuhaus/ros2_ws/install/wall_e_launch/share/wall_e_launch/local_setup.zsh
[2.128s] -- Up-to-date: /home/mneuhaus/ros2_ws/install/wall_e_launch/share/wall_e_launch/local_setup.dsv
[2.129s] -- Installing: /home/mneuhaus/ros2_ws/install/wall_e_launch/share/wall_e_launch/package.dsv
[2.129s] -- Up-to-date: /home/mneuhaus/ros2_ws/install/wall_e_launch/share/ament_index/resource_index/packages/wall_e_launch
[2.130s] -- Up-to-date: /home/mneuhaus/ros2_ws/install/wall_e_launch/share/wall_e_launch/cmake/wall_e_launchConfig.cmake
[2.130s] -- Up-to-date: /home/mneuhaus/ros2_ws/install/wall_e_launch/share/wall_e_launch/cmake/wall_e_launchConfig-version.cmake
[2.131s] -- Up-to-date: /home/mneuhaus/ros2_ws/install/wall_e_launch/share/wall_e_launch/package.xml
[2.132s] -- Installing: /home/mneuhaus/ros2_ws/install/wall_e_launch/share/wall_e_launch/launch
[2.132s] -- Installing: /home/mneuhaus/ros2_ws/install/wall_e_launch/share/wall_e_launch/launch/all_nodes.launch.py
[2.133s] -- Installing: /home/mneuhaus/ros2_ws/install/wall_e_launch/share/wall_e_launch/launch/__pycache__
[2.133s] -- Installing: /home/mneuhaus/ros2_ws/install/wall_e_launch/share/wall_e_launch/launch/__pycache__/all_nodes.launch.cpython-312.pyc
[2.142s] Invoked command in '/home/mneuhaus/ros2_ws/build/wall_e_launch' returned '0': AMENT_PREFIX_PATH=/home/mneuhaus/ros2_ws/install/motor_controller:/opt/ros/jazzy:/home/mneuhaus/ros2_ws/install/wall_e_launch CMAKE_PREFIX_PATH=${CMAKE_PREFIX_PATH}:/opt/ros/jazzy:/home/mneuhaus/ros2_ws/install/motor_controller PYTHONPATH=/home/mneuhaus/ros2_ws/install/motor_controller/lib/python3.12/site-packages:/opt/ros/jazzy/lib/python3.12/site-packages /usr/bin/cmake --install /home/mneuhaus/ros2_ws/build/wall_e_launch
