[0.044s] Invoking command in '/home/mneuhaus/ros2_ws/build/wall_e_launch': AMENT_PREFIX_PATH=/home/mneuhaus/ros2_ws/install/motor_controller:/home/mneuhaus/ros2_ws/install/wall_e_launch:/opt/ros/jazzy CMAKE_PREFIX_PATH=${CMAKE_PREFIX_PATH}:/home/mneuhaus/ros2_ws/install/motor_controller:/opt/ros/jazzy /usr/bin/cmake --build /home/mneuhaus/ros2_ws/build/wall_e_launch -- -j4 -l4
[0.164s] -- Found ament_cmake: 2.5.2 (/opt/ros/jazzy/share/ament_cmake/cmake)
[1.289s] -- Found ament_lint_auto: 0.17.1 (/opt/ros/jazzy/share/ament_lint_auto/cmake)
[1.744s] -- Configuring done (1.6s)
[1.767s] -- Generating done (0.0s)
[1.784s] -- Build files have been written to: /home/mneuhaus/ros2_ws/build/wall_e_launch
[1.887s] Invoked command in '/home/mneuhaus/ros2_ws/build/wall_e_launch' returned '0': AMENT_PREFIX_PATH=/home/mneuhaus/ros2_ws/install/motor_controller:/home/mneuhaus/ros2_ws/install/wall_e_launch:/opt/ros/jazzy CMAKE_PREFIX_PATH=${CMAKE_PREFIX_PATH}:/home/mneuhaus/ros2_ws/install/motor_controller:/opt/ros/jazzy /usr/bin/cmake --build /home/mneuhaus/ros2_ws/build/wall_e_launch -- -j4 -l4
[2.064s] Invoking command in '/home/mneuhaus/ros2_ws/build/wall_e_launch': AMENT_PREFIX_PATH=/home/mneuhaus/ros2_ws/install/motor_controller:/home/mneuhaus/ros2_ws/install/wall_e_launch:/opt/ros/jazzy CMAKE_PREFIX_PATH=${CMAKE_PREFIX_PATH}:/home/mneuhaus/ros2_ws/install/motor_controller:/opt/ros/jazzy /usr/bin/cmake --install /home/mneuhaus/ros2_ws/build/wall_e_launch
[2.102s] -- Install configuration: ""
[2.103s] -- Installing: /home/mneuhaus/ros2_ws/install/wall_e_launch/share/ament_index/resource_index/package_run_dependencies/wall_e_launch
[2.104s] -- Up-to-date: /home/mneuhaus/ros2_ws/install/wall_e_launch/share/ament_index/resource_index/parent_prefix_path/wall_e_launch
[2.104s] -- Up-to-date: /home/mneuhaus/ros2_ws/install/wall_e_launch/share/wall_e_launch/environment/ament_prefix_path.sh
[2.105s] -- Up-to-date: /home/mneuhaus/ros2_ws/install/wall_e_launch/share/wall_e_launch/environment/ament_prefix_path.dsv
[2.106s] -- Up-to-date: /home/mneuhaus/ros2_ws/install/wall_e_launch/share/wall_e_launch/environment/path.sh
[2.106s] -- Up-to-date: /home/mneuhaus/ros2_ws/install/wall_e_launch/share/wall_e_launch/environment/path.dsv
[2.107s] -- Up-to-date: /home/mneuhaus/ros2_ws/install/wall_e_launch/share/wall_e_launch/local_setup.bash
[2.107s] -- Up-to-date: /home/mneuhaus/ros2_ws/install/wall_e_launch/share/wall_e_launch/local_setup.sh
[2.108s] -- Up-to-date: /home/mneuhaus/ros2_ws/install/wall_e_launch/share/wall_e_launch/local_setup.zsh
[2.108s] -- Up-to-date: /home/mneuhaus/ros2_ws/install/wall_e_launch/share/wall_e_launch/local_setup.dsv
[2.109s] -- Installing: /home/mneuhaus/ros2_ws/install/wall_e_launch/share/wall_e_launch/package.dsv
[2.110s] -- Up-to-date: /home/mneuhaus/ros2_ws/install/wall_e_launch/share/ament_index/resource_index/packages/wall_e_launch
[2.110s] -- Up-to-date: /home/mneuhaus/ros2_ws/install/wall_e_launch/share/wall_e_launch/cmake/wall_e_launchConfig.cmake
[2.111s] -- Up-to-date: /home/mneuhaus/ros2_ws/install/wall_e_launch/share/wall_e_launch/cmake/wall_e_launchConfig-version.cmake
[2.111s] -- Installing: /home/mneuhaus/ros2_ws/install/wall_e_launch/share/wall_e_launch/package.xml
[2.119s] Invoked command in '/home/mneuhaus/ros2_ws/build/wall_e_launch' returned '0': AMENT_PREFIX_PATH=/home/mneuhaus/ros2_ws/install/motor_controller:/home/mneuhaus/ros2_ws/install/wall_e_launch:/opt/ros/jazzy CMAKE_PREFIX_PATH=${CMAKE_PREFIX_PATH}:/home/mneuhaus/ros2_ws/install/motor_controller:/opt/ros/jazzy /usr/bin/cmake --install /home/mneuhaus/ros2_ws/build/wall_e_launch
