running egg_info
writing ../../build/servo_2040/servo_2040.egg-info/PKG-INFO
writing dependency_links to ../../build/servo_2040/servo_2040.egg-info/dependency_links.txt
writing entry points to ../../build/servo_2040/servo_2040.egg-info/entry_points.txt
writing requirements to ../../build/servo_2040/servo_2040.egg-info/requires.txt
writing top-level names to ../../build/servo_2040/servo_2040.egg-info/top_level.txt
reading manifest file '../../build/servo_2040/servo_2040.egg-info/SOURCES.txt'
writing manifest file '../../build/servo_2040/servo_2040.egg-info/SOURCES.txt'
running build
running build_py
copying servo_2040/serial_listener.py -> /home/mneuhaus/ros2_ws/build/servo_2040/build/lib/servo_2040
running install
running install_lib
copying /home/mneuhaus/ros2_ws/build/servo_2040/build/lib/servo_2040/serial_listener.py -> /home/mneuhaus/ros2_ws/install/servo_2040/lib/python3.12/site-packages/servo_2040
byte-compiling /home/mneuhaus/ros2_ws/install/servo_2040/lib/python3.12/site-packages/servo_2040/serial_listener.py to serial_listener.cpython-312.pyc
running install_data
running install_egg_info
removing '/home/mneuhaus/ros2_ws/install/servo_2040/lib/python3.12/site-packages/servo_2040-0.0.0-py3.12.egg-info' (and everything under it)
Copying ../../build/servo_2040/servo_2040.egg-info to /home/mneuhaus/ros2_ws/install/servo_2040/lib/python3.12/site-packages/servo_2040-0.0.0-py3.12.egg-info
running install_scripts
Installing serial_listener script to /home/mneuhaus/ros2_ws/install/servo_2040/lib/servo_2040
writing list of installed files to '/home/mneuhaus/ros2_ws/build/servo_2040/install.log'
Running custom post-build step: Uploading firmware...
Uploading /home/mneuhaus/ros2_ws/src/servo_2040/scripts/../firmware/main.py to /dev/ttyACM0...
Traceback (most recent call last):
  File "/home/mneuhaus/ros2_ws/src/servo_2040/scripts/upload_firmware.py", line 34, in <module>
    main()
  File "/home/mneuhaus/ros2_ws/src/servo_2040/scripts/upload_firmware.py", line 18, in main
    subprocess.run(
  File "/usr/lib/python3.12/subprocess.py", line 548, in run
    with Popen(*popenargs, **kwargs) as process:
         ^^^^^^^^^^^^^^^^^^^^^^^^^^^
  File "/usr/lib/python3.12/subprocess.py", line 1026, in __init__
    self._execute_child(args, executable, preexec_fn, close_fds,
  File "/usr/lib/python3.12/subprocess.py", line 1955, in _execute_child
    raise child_exception_type(errno_num, err_msg, err_filename)
FileNotFoundError: [Errno 2] No such file or directory: 'ampy'
Firmware upload failed: Command '['python3', '/home/mneuhaus/ros2_ws/src/servo_2040/scripts/upload_firmware.py']' returned non-zero exit status 1.
