[4.304s] Invoking command in '/home/mneuhaus/ros2_ws/src/motor_controller': PYTHONPATH=/home/mneuhaus/ros2_ws/build/motor_controller/prefix_override:/usr/lib/python3/dist-packages/colcon_core/task/python/colcon_distutils_commands:/home/mneuhaus/ros2_ws/install/motor_controller/lib/python3.12/site-packages:${PYTHONPATH} /usr/bin/python3 -W ignore:setup.py install is deprecated setup.py egg_info --egg-base ../../build/motor_controller build --build-base /home/mneuhaus/ros2_ws/build/motor_controller/build install --record /home/mneuhaus/ros2_ws/build/motor_controller/install.log --single-version-externally-managed install_data
[5.464s] running egg_info
[5.543s] writing ../../build/motor_controller/motor_controller.egg-info/PKG-INFO
[5.545s] writing dependency_links to ../../build/motor_controller/motor_controller.egg-info/dependency_links.txt
[5.546s] writing entry points to ../../build/motor_controller/motor_controller.egg-info/entry_points.txt
[5.547s] writing requirements to ../../build/motor_controller/motor_controller.egg-info/requires.txt
[5.548s] writing top-level names to ../../build/motor_controller/motor_controller.egg-info/top_level.txt
[5.710s] reading manifest file '../../build/motor_controller/motor_controller.egg-info/SOURCES.txt'
[5.715s] writing manifest file '../../build/motor_controller/motor_controller.egg-info/SOURCES.txt'
[5.715s] running build
[5.716s] running build_py
[5.719s] running install
[5.747s] running install_lib
[5.830s] running install_data
[5.830s] running install_egg_info
[5.916s] removing '/home/mneuhaus/ros2_ws/install/motor_controller/lib/python3.12/site-packages/motor_controller-0.0.0-py3.12.egg-info' (and everything under it)
[5.918s] Copying ../../build/motor_controller/motor_controller.egg-info to /home/mneuhaus/ros2_ws/install/motor_controller/lib/python3.12/site-packages/motor_controller-0.0.0-py3.12.egg-info
[5.925s] running install_scripts
[6.518s] Installing motor_controller_node script to /home/mneuhaus/ros2_ws/install/motor_controller/lib/motor_controller
[6.519s] writing list of installed files to '/home/mneuhaus/ros2_ws/build/motor_controller/install.log'
[6.669s] Invoked command in '/home/mneuhaus/ros2_ws/src/motor_controller' returned '0': PYTHONPATH=/home/mneuhaus/ros2_ws/build/motor_controller/prefix_override:/usr/lib/python3/dist-packages/colcon_core/task/python/colcon_distutils_commands:/home/mneuhaus/ros2_ws/install/motor_controller/lib/python3.12/site-packages:${PYTHONPATH} /usr/bin/python3 -W ignore:setup.py install is deprecated setup.py egg_info --egg-base ../../build/motor_controller build --build-base /home/mneuhaus/ros2_ws/build/motor_controller/build install --record /home/mneuhaus/ros2_ws/build/motor_controller/install.log --single-version-externally-managed install_data
