[5.133s] Invoking command in '/home/mneuhaus/ros2_ws/src/motor_controller': PYTHONPATH=/home/mneuhaus/ros2_ws/build/motor_controller/prefix_override:/usr/lib/python3/dist-packages/colcon_core/task/python/colcon_distutils_commands:/home/mneuhaus/ros2_ws/install/motor_controller/lib/python3.12/site-packages:${PYTHONPATH} /usr/bin/python3 -W ignore:setup.py install is deprecated setup.py egg_info --egg-base ../../build/motor_controller build --build-base /home/mneuhaus/ros2_ws/build/motor_controller/build install --record /home/mneuhaus/ros2_ws/build/motor_controller/install.log --single-version-externally-managed install_data
[6.498s] running egg_info
[6.595s] writing ../../build/motor_controller/motor_controller.egg-info/PKG-INFO
[6.596s] writing dependency_links to ../../build/motor_controller/motor_controller.egg-info/dependency_links.txt
[6.597s] writing entry points to ../../build/motor_controller/motor_controller.egg-info/entry_points.txt
[6.599s] writing requirements to ../../build/motor_controller/motor_controller.egg-info/requires.txt
[6.600s] writing top-level names to ../../build/motor_controller/motor_controller.egg-info/top_level.txt
[6.799s] reading manifest file '../../build/motor_controller/motor_controller.egg-info/SOURCES.txt'
[6.804s] writing manifest file '../../build/motor_controller/motor_controller.egg-info/SOURCES.txt'
[6.805s] running build
[6.806s] running build_py
[6.807s] running install
[6.837s] running install_lib
[6.938s] running install_data
[6.939s] running install_egg_info
[7.043s] removing '/home/mneuhaus/ros2_ws/install/motor_controller/lib/python3.12/site-packages/motor_controller-0.0.0-py3.12.egg-info' (and everything under it)
[7.046s] Copying ../../build/motor_controller/motor_controller.egg-info to /home/mneuhaus/ros2_ws/install/motor_controller/lib/python3.12/site-packages/motor_controller-0.0.0-py3.12.egg-info
[7.053s] running install_scripts
[7.797s] Installing motor_controller_node script to /home/mneuhaus/ros2_ws/install/motor_controller/lib/motor_controller
[7.799s] writing list of installed files to '/home/mneuhaus/ros2_ws/build/motor_controller/install.log'
[7.987s] Invoked command in '/home/mneuhaus/ros2_ws/src/motor_controller' returned '0': PYTHONPATH=/home/mneuhaus/ros2_ws/build/motor_controller/prefix_override:/usr/lib/python3/dist-packages/colcon_core/task/python/colcon_distutils_commands:/home/mneuhaus/ros2_ws/install/motor_controller/lib/python3.12/site-packages:${PYTHONPATH} /usr/bin/python3 -W ignore:setup.py install is deprecated setup.py egg_info --egg-base ../../build/motor_controller build --build-base /home/mneuhaus/ros2_ws/build/motor_controller/build install --record /home/mneuhaus/ros2_ws/build/motor_controller/install.log --single-version-externally-managed install_data
