[4.903s] Invoking command in '/home/mneuhaus/ros2_ws/src/motor_controller': PYTHONPATH=/home/mneuhaus/ros2_ws/build/motor_controller/prefix_override:/usr/lib/python3/dist-packages/colcon_core/task/python/colcon_distutils_commands:/home/mneuhaus/ros2_ws/install/motor_controller/lib/python3.12/site-packages:${PYTHONPATH} /usr/bin/python3 -W ignore:setup.py install is deprecated setup.py egg_info --egg-base ../../build/motor_controller build --build-base /home/mneuhaus/ros2_ws/build/motor_controller/build install --record /home/mneuhaus/ros2_ws/build/motor_controller/install.log --single-version-externally-managed install_data
[6.058s] running egg_info
[6.136s] writing ../../build/motor_controller/motor_controller.egg-info/PKG-INFO
[6.137s] writing dependency_links to ../../build/motor_controller/motor_controller.egg-info/dependency_links.txt
[6.138s] writing entry points to ../../build/motor_controller/motor_controller.egg-info/entry_points.txt
[6.139s] writing requirements to ../../build/motor_controller/motor_controller.egg-info/requires.txt
[6.140s] writing top-level names to ../../build/motor_controller/motor_controller.egg-info/top_level.txt
[6.302s] reading manifest file '../../build/motor_controller/motor_controller.egg-info/SOURCES.txt'
[6.306s] writing manifest file '../../build/motor_controller/motor_controller.egg-info/SOURCES.txt'
[6.307s] running build
[6.307s] running build_py
[6.308s] running install
[6.335s] running install_lib
[6.418s] running install_data
[6.418s] running install_egg_info
[6.503s] removing '/home/mneuhaus/ros2_ws/install/motor_controller/lib/python3.12/site-packages/motor_controller-0.0.0-py3.12.egg-info' (and everything under it)
[6.505s] Copying ../../build/motor_controller/motor_controller.egg-info to /home/mneuhaus/ros2_ws/install/motor_controller/lib/python3.12/site-packages/motor_controller-0.0.0-py3.12.egg-info
[6.511s] running install_scripts
[7.098s] Installing motor_controller_node script to /home/mneuhaus/ros2_ws/install/motor_controller/lib/motor_controller
[7.099s] writing list of installed files to '/home/mneuhaus/ros2_ws/build/motor_controller/install.log'
[7.251s] Invoked command in '/home/mneuhaus/ros2_ws/src/motor_controller' returned '0': PYTHONPATH=/home/mneuhaus/ros2_ws/build/motor_controller/prefix_override:/usr/lib/python3/dist-packages/colcon_core/task/python/colcon_distutils_commands:/home/mneuhaus/ros2_ws/install/motor_controller/lib/python3.12/site-packages:${PYTHONPATH} /usr/bin/python3 -W ignore:setup.py install is deprecated setup.py egg_info --egg-base ../../build/motor_controller build --build-base /home/mneuhaus/ros2_ws/build/motor_controller/build install --record /home/mneuhaus/ros2_ws/build/motor_controller/install.log --single-version-externally-managed install_data
