[1.718s] Traceback (most recent call last):
  File "/usr/lib/python3/dist-packages/colcon_parallel_executor/executor/parallel.py", line 75, in execute
    loop.run_until_complete(future)
  File "/usr/lib/python3.12/asyncio/base_events.py", line 674, in run_until_complete
    self.run_forever()
  File "/usr/lib/python3.12/asyncio/base_events.py", line 641, in run_forever
    self._run_once()
  File "/usr/lib/python3.12/asyncio/base_events.py", line 1949, in _run_once
    event_list = self._selector.select(timeout)
                 ^^^^^^^^^^^^^^^^^^^^^^^^^^^^^^
  File "/usr/lib/python3.12/selectors.py", line 468, in select
    fd_event_list = self._selector.poll(timeout, max_ev)
                    ^^^^^^^^^^^^^^^^^^^^^^^^^^^^^^^^^^^^
KeyboardInterrupt

During handling of the above exception, another exception occurred:

Traceback (most recent call last):
  File "/usr/lib/python3/dist-packages/colcon_core/executor/__init__.py", line 91, in __call__
    rc = await self.task(*args, **kwargs)
         ^^^^^^^^^^^^^^^^^^^^^^^^^^^^^^^^
  File "/usr/lib/python3/dist-packages/colcon_core/task/__init__.py", line 93, in __call__
    return await task_method(*args, **kwargs)
           ^^^^^^^^^^^^^^^^^^^^^^^^^^^^^^^^^^
  File "/usr/lib/python3/dist-packages/colcon_ros/task/ament_python/build.py", line 102, in build
    return await extension.build(additional_hooks=additional_hooks)
           ^^^^^^^^^^^^^^^^^^^^^^^^^^^^^^^^^^^^^^^^^^^^^^^^^^^^^^^^
  File "/usr/lib/python3/dist-packages/colcon_core/task/python/build.py", line 94, in build
    available_commands = await self._get_available_commands(
                         ^^^^^^^^^^^^^^^^^^^^^^^^^^^^^^^^^^^
  File "/usr/lib/python3/dist-packages/colcon_core/task/python/build.py", line 192, in _get_available_commands
    output = await check_output(
             ^^^^^^^^^^^^^^^^^^^
  File "/usr/lib/python3/dist-packages/colcon_core/subprocess.py", line 129, in check_output
    assert not rc, f'Expected {args} to pass: {stderr_data}'
           ^^^^^^
AssertionError: Expected ['/usr/bin/python3', '-W', 'ignore:setup.py install is deprecated', 'setup.py', '--help-commands'] to pass: Traceback (most recent call last):
  File "/home/mneuhaus/ros2_ws/src/motor_controller/setup.py", line 1, in <module>
    from setuptools import find_packages, setup
  File "/usr/lib/python3/dist-packages/setuptools/__init__.py", line 270, in <module>
    monkey.patch_all()
  File "/usr/lib/python3/dist-packages/setuptools/monkey.py", line 96, in patch_all
    patch_for_msvc_specialized_compiler()
  File "/usr/lib/python3/dist-packages/setuptools/monkey.py", line 133, in patch_for_msvc_specialized_compiler
    msvc = import_module('setuptools.msvc')
           ^^^^^^^^^^^^^^^^^^^^^^^^^^^^^^^^
  File "/usr/lib/python3.12/importlib/__init__.py", line 90, in import_module
    return _bootstrap._gcd_import(name[level:], package, level)
           ^^^^^^^^^^^^^^^^^^^^^^^^^^^^^^^^^^^^^^^^^^^^^^^^^^^^
  File "/usr/lib/python3/dist-packages/setuptools/msvc.py", line 14, in <module>
    import json
  File "/usr/lib/python3.12/json/__init__.py", line 106, in <module>
    from .decoder import JSONDecoder, JSONDecodeError
  File "/usr/lib/python3.12/json/decoder.py", line 5, in <module>
    from json import scanner
  File "/usr/lib/python3.12/json/scanner.py", line 11, in <module>
    NUMBER_RE = re.compile(
                ^^^^^^^^^^^
  File "/usr/lib/python3.12/re/__init__.py", line 228, in compile
    return _compile(pattern, flags)
           ^^^^^^^^^^^^^^^^^^^^^^^^
  File "/usr/lib/python3.12/re/__init__.py", line 307, in _compile
    p = _compiler.compile(pattern, flags)
        ^^^^^^^^^^^^^^^^^^^^^^^^^^^^^^^^^
  File "/usr/lib/python3.12/re/_compiler.py", line 745, in compile
    p = _parser.parse(p, flags)
        ^^^^^^^^^^^^^^^^^^^^^^^
  File "/usr/lib/python3.12/re/_parser.py", line 979, in parse
    p = _parse_sub(source, state, flags & SRE_FLAG_VERBOSE, 0)
        ^^^^^^^^^^^^^^^^^^^^^^^^^^^^^^^^^^^^^^^^^^^^^^^^^^^^^^
  File "/usr/lib/python3.12/re/_parser.py", line 460, in _parse_sub
    itemsappend(_parse(source, state, verbose, nested + 1,
                ^^^^^^^^^^^^^^^^^^^^^^^^^^^^^^^^^^^^^^^^^^
  File "/usr/lib/python3.12/re/_parser.py", line 862, in _parse
    p = _parse_sub(source, state, sub_verbose, nested + 1)
        ^^^^^^^^^^^^^^^^^^^^^^^^^^^^^^^^^^^^^^^^^^^^^^^^^^
  File "/usr/lib/python3.12/re/_parser.py", line 452, in _parse_sub
    def _parse_sub(source, state, verbose, nested):
    
KeyboardInterrupt

