[3.650s] Invoking command in '/home/mneuhaus/ros2_ws/src/motor_controller': PYTHONPATH=/home/mneuhaus/ros2_ws/build/motor_controller/prefix_override:/usr/lib/python3/dist-packages/colcon_core/task/python/colcon_distutils_commands:/home/mneuhaus/ros2_ws/install/motor_controller/lib/python3.12/site-packages:${PYTHONPATH} /usr/bin/python3 -W ignore:setup.py install is deprecated setup.py egg_info --egg-base ../../build/motor_controller build --build-base /home/mneuhaus/ros2_ws/build/motor_controller/build install --record /home/mneuhaus/ros2_ws/build/motor_controller/install.log --single-version-externally-managed install_data
[4.846s] running egg_info
[4.927s] writing ../../build/motor_controller/motor_controller.egg-info/PKG-INFO
[4.928s] writing dependency_links to ../../build/motor_controller/motor_controller.egg-info/dependency_links.txt
[4.931s] writing entry points to ../../build/motor_controller/motor_controller.egg-info/entry_points.txt
[4.990s] writing requirements to ../../build/motor_controller/motor_controller.egg-info/requires.txt
[4.992s] writing top-level names to ../../build/motor_controller/motor_controller.egg-info/top_level.txt
[5.169s] reading manifest file '../../build/motor_controller/motor_controller.egg-info/SOURCES.txt'
[5.173s] writing manifest file '../../build/motor_controller/motor_controller.egg-info/SOURCES.txt'
[5.174s] running build
[5.174s] running build_py
[5.175s] running install
[5.203s] running install_lib
[5.291s] running install_data
[5.291s] running install_egg_info
[5.379s] removing '/home/mneuhaus/ros2_ws/install/motor_controller/lib/python3.12/site-packages/motor_controller-0.0.0-py3.12.egg-info' (and everything under it)
[5.381s] Copying ../../build/motor_controller/motor_controller.egg-info to /home/mneuhaus/ros2_ws/install/motor_controller/lib/python3.12/site-packages/motor_controller-0.0.0-py3.12.egg-info
[5.388s] running install_scripts
[6.003s] Installing motor_controller_node script to /home/mneuhaus/ros2_ws/install/motor_controller/lib/motor_controller
[6.004s] writing list of installed files to '/home/mneuhaus/ros2_ws/build/motor_controller/install.log'
[6.197s] Invoked command in '/home/mneuhaus/ros2_ws/src/motor_controller' returned '0': PYTHONPATH=/home/mneuhaus/ros2_ws/build/motor_controller/prefix_override:/usr/lib/python3/dist-packages/colcon_core/task/python/colcon_distutils_commands:/home/mneuhaus/ros2_ws/install/motor_controller/lib/python3.12/site-packages:${PYTHONPATH} /usr/bin/python3 -W ignore:setup.py install is deprecated setup.py egg_info --egg-base ../../build/motor_controller build --build-base /home/mneuhaus/ros2_ws/build/motor_controller/build install --record /home/mneuhaus/ros2_ws/build/motor_controller/install.log --single-version-externally-managed install_data
